{"@timestamp":"2025-12-16T12:19:55.469+05:30","level":"INFO","logger_name":"com.bihar.seva.BiharSevaApplication","message":"Starting BiharSevaApplication using Java 17.0.12 on SurajSingh with PID 27592 (C:\\personal\\BiharSeva\\target\\classes started by SurajKumar in C:\\personal\\BiharSeva)"}
{"@timestamp":"2025-12-16T12:19:55.502+05:30","level":"DEBUG","logger_name":"com.bihar.seva.BiharSevaApplication","message":"Running with Spring Boot v2.7.0, Spring v5.3.20"}
{"@timestamp":"2025-12-16T12:19:55.506+05:30","level":"INFO","logger_name":"com.bihar.seva.BiharSevaApplication","message":"No active profile set, falling back to 1 default profile: \"default\""}
{"@timestamp":"2025-12-16T12:19:58.988+05:30","level":"INFO","logger_name":"org.springframework.data.repository.config.RepositoryConfigurationDelegate","message":"Bootstrapping Spring Data MongoDB repositories in DEFAULT mode."}
{"@timestamp":"2025-12-16T12:19:59.365+05:30","level":"INFO","logger_name":"org.springframework.data.repository.config.RepositoryConfigurationDelegate","message":"Finished Spring Data repository scanning in 352 ms. Found 16 MongoDB repository interfaces."}
{"@timestamp":"2025-12-16T12:20:00.394+05:30","level":"INFO","logger_name":"org.springframework.boot.web.embedded.tomcat.TomcatWebServer","message":"Tomcat initialized with port(s): 8080 (http)"}
{"@timestamp":"2025-12-16T12:20:00.421+05:30","level":"INFO","logger_name":"org.apache.catalina.core.StandardService","message":"Starting service [Tomcat]"}
{"@timestamp":"2025-12-16T12:20:00.424+05:30","level":"INFO","logger_name":"org.apache.catalina.core.StandardEngine","message":"Starting Servlet engine: [Apache Tomcat/9.0.63]"}
{"@timestamp":"2025-12-16T12:20:00.876+05:30","level":"INFO","logger_name":"org.apache.catalina.core.ContainerBase.[Tomcat].[localhost].[/]","message":"Initializing Spring embedded WebApplicationContext"}
{"@timestamp":"2025-12-16T12:20:00.878+05:30","level":"INFO","logger_name":"org.springframework.boot.web.servlet.context.ServletWebServerApplicationContext","message":"Root WebApplicationContext: initialization completed in 5269 ms"}
{"@timestamp":"2025-12-16T12:20:03.148+05:30","level":"INFO","logger_name":"com.bihar.seva.config.FirebaseConfig","message":"Firebase Admin SDK initialized successfully"}
{"@timestamp":"2025-12-16T12:20:04.159+05:30","level":"DEBUG","logger_name":"org.springframework.web.servlet.mvc.method.annotation.RequestMappingHandlerAdapter","message":"ControllerAdvice beans: 0 @ModelAttribute, 0 @InitBinder, 1 RequestBodyAdvice, 1 ResponseBodyAdvice"}
{"@timestamp":"2025-12-16T12:20:04.296+05:30","level":"DEBUG","logger_name":"org.springframework.web.servlet.mvc.method.annotation.RequestMappingHandlerMapping","message":"135 mappings in 'requestMappingHandlerMapping'"}
{"@timestamp":"2025-12-16T12:20:04.314+05:30","level":"DEBUG","logger_name":"org.springframework.web.servlet.handler.SimpleUrlHandlerMapping","message":"Patterns [/webjars/**, /**] in 'resourceHandlerMapping'"}
{"@timestamp":"2025-12-16T12:20:04.329+05:30","level":"DEBUG","logger_name":"org.springframework.web.servlet.mvc.method.annotation.ExceptionHandlerExceptionResolver","message":"ControllerAdvice beans: 1 @ExceptionHandler, 1 ResponseBodyAdvice"}
{"@timestamp":"2025-12-16T12:20:04.652+05:30","level":"INFO","logger_name":"org.springframework.boot.actuate.endpoint.web.EndpointLinksResolver","message":"Exposing 1 endpoint(s) beneath base path '/actuator'"}
{"@timestamp":"2025-12-16T12:20:04.731+05:30","level":"INFO","logger_name":"org.springframework.boot.web.embedded.tomcat.TomcatWebServer","message":"Tomcat started on port(s): 8080 (http) with context path ''"}
{"@timestamp":"2025-12-16T12:20:04.754+05:30","level":"INFO","logger_name":"com.bihar.seva.BiharSevaApplication","message":"Started BiharSevaApplication in 10.548 seconds (JVM running for 11.674)"}
{"@timestamp":"2025-12-16T12:20:04.977+05:30","level":"INFO","logger_name":"com.bihar.seva.config.MongoIndexFixer","message":"\uD83D\uDD27 Checking and fixing MongoDB indexes..."}
{"@timestamp":"2025-12-16T12:20:05.007+05:30","level":"DEBUG","logger_name":"com.bihar.seva.config.MongoIndexFixer","message":"ℹ️  Phone index (phone_1) does not exist - skipping drop"}
{"@timestamp":"2025-12-16T12:20:05.007+05:30","level":"INFO","logger_name":"com.bihar.seva.config.MongoIndexFixer","message":"✅ MongoDB index check completed!"}
{"@timestamp":"2025-12-16T12:21:13.209+05:30","level":"INFO","logger_name":"org.apache.catalina.core.ContainerBase.[Tomcat].[localhost].[/]","message":"Initializing Spring DispatcherServlet 'dispatcherServlet'"}
{"@timestamp":"2025-12-16T12:21:13.213+05:30","level":"INFO","logger_name":"org.springframework.web.servlet.DispatcherServlet","message":"Initializing Servlet 'dispatcherServlet'"}
{"@timestamp":"2025-12-16T12:21:13.214+05:30","level":"DEBUG","logger_name":"org.springframework.web.servlet.DispatcherServlet","message":"Detected StandardServletMultipartResolver"}
{"@timestamp":"2025-12-16T12:21:13.215+05:30","level":"DEBUG","logger_name":"org.springframework.web.servlet.DispatcherServlet","message":"Detected AcceptHeaderLocaleResolver"}
{"@timestamp":"2025-12-16T12:21:13.218+05:30","level":"DEBUG","logger_name":"org.springframework.web.servlet.DispatcherServlet","message":"Detected FixedThemeResolver"}
{"@timestamp":"2025-12-16T12:21:13.221+05:30","level":"DEBUG","logger_name":"org.springframework.web.servlet.DispatcherServlet","message":"Detected org.springframework.web.servlet.view.DefaultRequestToViewNameTranslator@4547c3e4"}
{"@timestamp":"2025-12-16T12:21:13.223+05:30","level":"DEBUG","logger_name":"org.springframework.web.servlet.DispatcherServlet","message":"Detected org.springframework.web.servlet.support.SessionFlashMapManager@2e0f3de5"}
{"@timestamp":"2025-12-16T12:21:13.224+05:30","level":"DEBUG","logger_name":"org.springframework.web.servlet.DispatcherServlet","message":"enableLoggingRequestDetails='false': request parameters and headers will be masked to prevent unsafe logging of potentially sensitive data"}
{"@timestamp":"2025-12-16T12:21:13.226+05:30","level":"INFO","logger_name":"org.springframework.web.servlet.DispatcherServlet","message":"Completed initialization in 12 ms"}
{"@timestamp":"2025-12-16T12:21:13.388+05:30","level":"DEBUG","logger_name":"org.springframework.web.servlet.DispatcherServlet","message":"GET \"/api/stats/dashboard\", parameters={}"}
{"@timestamp":"2025-12-16T12:21:13.388+05:30","level":"DEBUG","logger_name":"org.springframework.web.servlet.DispatcherServlet","message":"GET \"/api/providers/featured?limit=6\", parameters={masked}"}
{"@timestamp":"2025-12-16T12:21:13.421+05:30","level":"DEBUG","logger_name":"org.springframework.web.servlet.mvc.method.annotation.RequestMappingHandlerMapping","message":"Mapped to com.bihar.seva.controller.StatsController#getDashboardStats()"}
{"@timestamp":"2025-12-16T12:21:13.421+05:30","level":"DEBUG","logger_name":"org.springframework.web.servlet.mvc.method.annotation.RequestMappingHandlerMapping","message":"Mapped to com.bihar.seva.controller.ProviderController#getFeaturedProviders(int)"}
{"@timestamp":"2025-12-16T12:21:14.085+05:30","level":"INFO","logger_name":"com.bihar.seva.service.StatsService","message":"Dashboard stats retrieved: 0 providers, 2 customers, 0 bookings"}
{"@timestamp":"2025-12-16T12:21:14.120+05:30","level":"DEBUG","logger_name":"org.springframework.web.servlet.mvc.method.annotation.HttpEntityMethodProcessor","message":"Using 'application/json', given [*/*] and supported [application/json, application/*+json, application/json, application/*+json]"}
{"@timestamp":"2025-12-16T12:21:14.119+05:30","level":"DEBUG","logger_name":"org.springframework.web.servlet.mvc.method.annotation.HttpEntityMethodProcessor","message":"Using 'application/json', given [*/*] and supported [application/json, application/*+json, application/json, application/*+json]"}
{"@timestamp":"2025-12-16T12:21:14.141+05:30","level":"DEBUG","logger_name":"org.springframework.web.servlet.mvc.method.annotation.HttpEntityMethodProcessor","message":"Writing [ApiResponse(success=true, message=Stats retrieved successfully, data={completedBookings=0, totalCust (truncated)...]"}
{"@timestamp":"2025-12-16T12:21:14.141+05:30","level":"DEBUG","logger_name":"org.springframework.web.servlet.mvc.method.annotation.HttpEntityMethodProcessor","message":"Writing [ApiResponse(success=true, message=Featured providers retrieved, data=[], error=null)]"}
{"@timestamp":"2025-12-16T12:21:14.198+05:30","level":"DEBUG","logger_name":"org.springframework.web.servlet.DispatcherServlet","message":"Completed 200 OK"}
{"@timestamp":"2025-12-16T12:21:14.229+05:30","level":"DEBUG","logger_name":"org.springframework.web.servlet.DispatcherServlet","message":"Completed 200 OK"}
{"@timestamp":"2025-12-16T12:21:14.229+05:30","level":"DEBUG","logger_name":"org.springframework.web.servlet.DispatcherServlet","message":"GET \"/api/providers/featured?limit=6\", parameters={masked}"}
{"@timestamp":"2025-12-16T12:21:14.233+05:30","level":"DEBUG","logger_name":"org.springframework.web.servlet.mvc.method.annotation.RequestMappingHandlerMapping","message":"Mapped to com.bihar.seva.controller.ProviderController#getFeaturedProviders(int)"}
{"@timestamp":"2025-12-16T12:21:14.251+05:30","level":"DEBUG","logger_name":"org.springframework.web.servlet.DispatcherServlet","message":"GET \"/api/stats/dashboard\", parameters={}"}
{"@timestamp":"2025-12-16T12:21:14.255+05:30","level":"DEBUG","logger_name":"org.springframework.web.servlet.mvc.method.annotation.RequestMappingHandlerMapping","message":"Mapped to com.bihar.seva.controller.StatsController#getDashboardStats()"}
{"@timestamp":"2025-12-16T12:21:14.259+05:30","level":"DEBUG","logger_name":"org.springframework.web.servlet.mvc.method.annotation.HttpEntityMethodProcessor","message":"Using 'application/json', given [*/*] and supported [application/json, application/*+json, application/json, application/*+json]"}
{"@timestamp":"2025-12-16T12:21:14.262+05:30","level":"DEBUG","logger_name":"org.springframework.web.servlet.mvc.method.annotation.HttpEntityMethodProcessor","message":"Writing [ApiResponse(success=true, message=Featured providers retrieved, data=[], error=null)]"}
{"@timestamp":"2025-12-16T12:21:14.272+05:30","level":"DEBUG","logger_name":"org.springframework.web.servlet.DispatcherServlet","message":"Completed 200 OK"}
{"@timestamp":"2025-12-16T12:21:14.335+05:30","level":"INFO","logger_name":"com.bihar.seva.service.StatsService","message":"Dashboard stats retrieved: 0 providers, 2 customers, 0 bookings"}
{"@timestamp":"2025-12-16T12:21:14.337+05:30","level":"DEBUG","logger_name":"org.springframework.web.servlet.mvc.method.annotation.HttpEntityMethodProcessor","message":"Using 'application/json', given [*/*] and supported [application/json, application/*+json, application/json, application/*+json]"}
{"@timestamp":"2025-12-16T12:21:14.338+05:30","level":"DEBUG","logger_name":"org.springframework.web.servlet.mvc.method.annotation.HttpEntityMethodProcessor","message":"Writing [ApiResponse(success=true, message=Stats retrieved successfully, data={completedBookings=0, totalCust (truncated)...]"}
{"@timestamp":"2025-12-16T12:21:14.344+05:30","level":"DEBUG","logger_name":"org.springframework.web.servlet.DispatcherServlet","message":"Completed 200 OK"}
{"@timestamp":"2025-12-16T12:21:24.034+05:30","level":"DEBUG","logger_name":"org.springframework.web.servlet.DispatcherServlet","message":"GET \"/api/providers/featured?limit=6\", parameters={masked}"}
{"@timestamp":"2025-12-16T12:21:24.037+05:30","level":"DEBUG","logger_name":"org.springframework.web.servlet.mvc.method.annotation.RequestMappingHandlerMapping","message":"Mapped to com.bihar.seva.controller.ProviderController#getFeaturedProviders(int)"}
{"@timestamp":"2025-12-16T12:21:24.040+05:30","level":"DEBUG","logger_name":"org.springframework.web.servlet.DispatcherServlet","message":"GET \"/api/stats/dashboard\", parameters={}"}
{"@timestamp":"2025-12-16T12:21:24.044+05:30","level":"DEBUG","logger_name":"org.springframework.web.servlet.mvc.method.annotation.RequestMappingHandlerMapping","message":"Mapped to com.bihar.seva.controller.StatsController#getDashboardStats()"}
{"@timestamp":"2025-12-16T12:21:24.058+05:30","level":"DEBUG","logger_name":"org.springframework.web.servlet.mvc.method.annotation.HttpEntityMethodProcessor","message":"Using 'application/json', given [*/*] and supported [application/json, application/*+json, application/json, application/*+json]"}
{"@timestamp":"2025-12-16T12:21:24.060+05:30","level":"DEBUG","logger_name":"org.springframework.web.servlet.mvc.method.annotation.HttpEntityMethodProcessor","message":"Writing [ApiResponse(success=true, message=Featured providers retrieved, data=[], error=null)]"}
{"@timestamp":"2025-12-16T12:21:24.067+05:30","level":"DEBUG","logger_name":"org.springframework.web.servlet.DispatcherServlet","message":"Completed 200 OK"}
{"@timestamp":"2025-12-16T12:21:24.084+05:30","level":"DEBUG","logger_name":"org.springframework.web.servlet.DispatcherServlet","message":"GET \"/api/providers/featured?limit=6\", parameters={masked}"}
{"@timestamp":"2025-12-16T12:21:24.085+05:30","level":"DEBUG","logger_name":"org.springframework.web.servlet.mvc.method.annotation.RequestMappingHandlerMapping","message":"Mapped to com.bihar.seva.controller.ProviderController#getFeaturedProviders(int)"}
{"@timestamp":"2025-12-16T12:21:24.105+05:30","level":"DEBUG","logger_name":"org.springframework.web.servlet.mvc.method.annotation.HttpEntityMethodProcessor","message":"Using 'application/json', given [*/*] and supported [application/json, application/*+json, application/json, application/*+json]"}
{"@timestamp":"2025-12-16T12:21:24.107+05:30","level":"DEBUG","logger_name":"org.springframework.web.servlet.mvc.method.annotation.HttpEntityMethodProcessor","message":"Writing [ApiResponse(success=true, message=Featured providers retrieved, data=[], error=null)]"}
{"@timestamp":"2025-12-16T12:21:24.113+05:30","level":"DEBUG","logger_name":"org.springframework.web.servlet.DispatcherServlet","message":"Completed 200 OK"}
{"@timestamp":"2025-12-16T12:21:24.149+05:30","level":"INFO","logger_name":"com.bihar.seva.service.StatsService","message":"Dashboard stats retrieved: 0 providers, 2 customers, 0 bookings"}
{"@timestamp":"2025-12-16T12:21:24.152+05:30","level":"DEBUG","logger_name":"org.springframework.web.servlet.mvc.method.annotation.HttpEntityMethodProcessor","message":"Using 'application/json', given [*/*] and supported [application/json, application/*+json, application/json, application/*+json]"}
{"@timestamp":"2025-12-16T12:21:24.152+05:30","level":"DEBUG","logger_name":"org.springframework.web.servlet.mvc.method.annotation.HttpEntityMethodProcessor","message":"Writing [ApiResponse(success=true, message=Stats retrieved successfully, data={completedBookings=0, totalCust (truncated)...]"}
{"@timestamp":"2025-12-16T12:21:24.156+05:30","level":"DEBUG","logger_name":"org.springframework.web.servlet.DispatcherServlet","message":"Completed 200 OK"}
{"@timestamp":"2025-12-16T12:21:24.163+05:30","level":"DEBUG","logger_name":"org.springframework.web.servlet.DispatcherServlet","message":"GET \"/api/stats/dashboard\", parameters={}"}
{"@timestamp":"2025-12-16T12:21:24.166+05:30","level":"DEBUG","logger_name":"org.springframework.web.servlet.mvc.method.annotation.RequestMappingHandlerMapping","message":"Mapped to com.bihar.seva.controller.StatsController#getDashboardStats()"}
{"@timestamp":"2025-12-16T12:21:24.226+05:30","level":"INFO","logger_name":"com.bihar.seva.service.StatsService","message":"Dashboard stats retrieved: 0 providers, 2 customers, 0 bookings"}
{"@timestamp":"2025-12-16T12:21:24.228+05:30","level":"DEBUG","logger_name":"org.springframework.web.servlet.mvc.method.annotation.HttpEntityMethodProcessor","message":"Using 'application/json', given [*/*] and supported [application/json, application/*+json, application/json, application/*+json]"}
{"@timestamp":"2025-12-16T12:21:24.229+05:30","level":"DEBUG","logger_name":"org.springframework.web.servlet.mvc.method.annotation.HttpEntityMethodProcessor","message":"Writing [ApiResponse(success=true, message=Stats retrieved successfully, data={completedBookings=0, totalCust (truncated)...]"}
{"@timestamp":"2025-12-16T12:21:24.235+05:30","level":"DEBUG","logger_name":"org.springframework.web.servlet.DispatcherServlet","message":"Completed 200 OK"}
{"@timestamp":"2025-12-16T12:23:50.843+05:30","level":"DEBUG","logger_name":"org.springframework.web.servlet.DispatcherServlet","message":"GET \"/api/providers/featured?limit=6\", parameters={masked}"}
{"@timestamp":"2025-12-16T12:23:50.846+05:30","level":"DEBUG","logger_name":"org.springframework.web.servlet.DispatcherServlet","message":"GET \"/api/stats/dashboard\", parameters={}"}
{"@timestamp":"2025-12-16T12:23:50.846+05:30","level":"DEBUG","logger_name":"org.springframework.web.servlet.mvc.method.annotation.RequestMappingHandlerMapping","message":"Mapped to com.bihar.seva.controller.ProviderController#getFeaturedProviders(int)"}
{"@timestamp":"2025-12-16T12:23:50.848+05:30","level":"DEBUG","logger_name":"org.springframework.web.servlet.mvc.method.annotation.RequestMappingHandlerMapping","message":"Mapped to com.bihar.seva.controller.StatsController#getDashboardStats()"}
{"@timestamp":"2025-12-16T12:23:50.864+05:30","level":"DEBUG","logger_name":"org.springframework.web.servlet.mvc.method.annotation.HttpEntityMethodProcessor","message":"Using 'application/json', given [*/*] and supported [application/json, application/*+json, application/json, application/*+json]"}
{"@timestamp":"2025-12-16T12:23:50.865+05:30","level":"DEBUG","logger_name":"org.springframework.web.servlet.mvc.method.annotation.HttpEntityMethodProcessor","message":"Writing [ApiResponse(success=true, message=Featured providers retrieved, data=[], error=null)]"}
{"@timestamp":"2025-12-16T12:23:50.870+05:30","level":"DEBUG","logger_name":"org.springframework.web.servlet.DispatcherServlet","message":"Completed 200 OK"}
{"@timestamp":"2025-12-16T12:23:50.882+05:30","level":"DEBUG","logger_name":"org.springframework.web.servlet.DispatcherServlet","message":"GET \"/api/providers/featured?limit=6\", parameters={masked}"}
{"@timestamp":"2025-12-16T12:23:50.883+05:30","level":"DEBUG","logger_name":"org.springframework.web.servlet.mvc.method.annotation.RequestMappingHandlerMapping","message":"Mapped to com.bihar.seva.controller.ProviderController#getFeaturedProviders(int)"}
{"@timestamp":"2025-12-16T12:23:50.903+05:30","level":"DEBUG","logger_name":"org.springframework.web.servlet.mvc.method.annotation.HttpEntityMethodProcessor","message":"Using 'application/json', given [*/*] and supported [application/json, application/*+json, application/json, application/*+json]"}
{"@timestamp":"2025-12-16T12:23:50.903+05:30","level":"DEBUG","logger_name":"org.springframework.web.servlet.mvc.method.annotation.HttpEntityMethodProcessor","message":"Writing [ApiResponse(success=true, message=Featured providers retrieved, data=[], error=null)]"}
{"@timestamp":"2025-12-16T12:23:50.903+05:30","level":"DEBUG","logger_name":"org.springframework.web.servlet.DispatcherServlet","message":"Completed 200 OK"}
{"@timestamp":"2025-12-16T12:23:50.943+05:30","level":"INFO","logger_name":"com.bihar.seva.service.StatsService","message":"Dashboard stats retrieved: 0 providers, 2 customers, 0 bookings"}
{"@timestamp":"2025-12-16T12:23:50.945+05:30","level":"DEBUG","logger_name":"org.springframework.web.servlet.mvc.method.annotation.HttpEntityMethodProcessor","message":"Using 'application/json', given [*/*] and supported [application/json, application/*+json, application/json, application/*+json]"}
{"@timestamp":"2025-12-16T12:23:50.946+05:30","level":"DEBUG","logger_name":"org.springframework.web.servlet.mvc.method.annotation.HttpEntityMethodProcessor","message":"Writing [ApiResponse(success=true, message=Stats retrieved successfully, data={completedBookings=0, totalCust (truncated)...]"}
{"@timestamp":"2025-12-16T12:23:50.950+05:30","level":"DEBUG","logger_name":"org.springframework.web.servlet.DispatcherServlet","message":"Completed 200 OK"}
{"@timestamp":"2025-12-16T12:23:50.957+05:30","level":"DEBUG","logger_name":"org.springframework.web.servlet.DispatcherServlet","message":"GET \"/api/stats/dashboard\", parameters={}"}
{"@timestamp":"2025-12-16T12:23:50.959+05:30","level":"DEBUG","logger_name":"org.springframework.web.servlet.mvc.method.annotation.RequestMappingHandlerMapping","message":"Mapped to com.bihar.seva.controller.StatsController#getDashboardStats()"}
{"@timestamp":"2025-12-16T12:23:51.018+05:30","level":"INFO","logger_name":"com.bihar.seva.service.StatsService","message":"Dashboard stats retrieved: 0 providers, 2 customers, 0 bookings"}
{"@timestamp":"2025-12-16T12:23:51.019+05:30","level":"DEBUG","logger_name":"org.springframework.web.servlet.mvc.method.annotation.HttpEntityMethodProcessor","message":"Using 'application/json', given [*/*] and supported [application/json, application/*+json, application/json, application/*+json]"}
{"@timestamp":"2025-12-16T12:23:51.020+05:30","level":"DEBUG","logger_name":"org.springframework.web.servlet.mvc.method.annotation.HttpEntityMethodProcessor","message":"Writing [ApiResponse(success=true, message=Stats retrieved successfully, data={completedBookings=0, totalCust (truncated)...]"}
{"@timestamp":"2025-12-16T12:23:51.024+05:30","level":"DEBUG","logger_name":"org.springframework.web.servlet.DispatcherServlet","message":"Completed 200 OK"}
{"@timestamp":"2025-12-16T12:24:05.904+05:30","level":"DEBUG","logger_name":"org.springframework.web.servlet.DispatcherServlet","message":"GET \"/api/providers/featured?limit=6\", parameters={masked}"}
{"@timestamp":"2025-12-16T12:24:05.904+05:30","level":"DEBUG","logger_name":"org.springframework.web.servlet.DispatcherServlet","message":"GET \"/api/stats/dashboard\", parameters={}"}
{"@timestamp":"2025-12-16T12:24:05.909+05:30","level":"DEBUG","logger_name":"org.springframework.web.servlet.mvc.method.annotation.RequestMappingHandlerMapping","message":"Mapped to com.bihar.seva.controller.ProviderController#getFeaturedProviders(int)"}
{"@timestamp":"2025-12-16T12:24:05.909+05:30","level":"DEBUG","logger_name":"org.springframework.web.servlet.mvc.method.annotation.RequestMappingHandlerMapping","message":"Mapped to com.bihar.seva.controller.StatsController#getDashboardStats()"}
{"@timestamp":"2025-12-16T12:24:05.926+05:30","level":"DEBUG","logger_name":"org.springframework.web.servlet.mvc.method.annotation.HttpEntityMethodProcessor","message":"Using 'application/json', given [*/*] and supported [application/json, application/*+json, application/json, application/*+json]"}
{"@timestamp":"2025-12-16T12:24:05.927+05:30","level":"DEBUG","logger_name":"org.springframework.web.servlet.mvc.method.annotation.HttpEntityMethodProcessor","message":"Writing [ApiResponse(success=true, message=Featured providers retrieved, data=[], error=null)]"}
{"@timestamp":"2025-12-16T12:24:05.931+05:30","level":"DEBUG","logger_name":"org.springframework.web.servlet.DispatcherServlet","message":"Completed 200 OK"}
{"@timestamp":"2025-12-16T12:24:05.943+05:30","level":"DEBUG","logger_name":"org.springframework.web.servlet.DispatcherServlet","message":"GET \"/api/providers/featured?limit=6\", parameters={masked}"}
{"@timestamp":"2025-12-16T12:24:05.944+05:30","level":"DEBUG","logger_name":"org.springframework.web.servlet.mvc.method.annotation.RequestMappingHandlerMapping","message":"Mapped to com.bihar.seva.controller.ProviderController#getFeaturedProviders(int)"}
{"@timestamp":"2025-12-16T12:24:05.959+05:30","level":"DEBUG","logger_name":"org.springframework.web.servlet.mvc.method.annotation.HttpEntityMethodProcessor","message":"Using 'application/json', given [*/*] and supported [application/json, application/*+json, application/json, application/*+json]"}
{"@timestamp":"2025-12-16T12:24:05.960+05:30","level":"DEBUG","logger_name":"org.springframework.web.servlet.mvc.method.annotation.HttpEntityMethodProcessor","message":"Writing [ApiResponse(success=true, message=Featured providers retrieved, data=[], error=null)]"}
{"@timestamp":"2025-12-16T12:24:05.966+05:30","level":"DEBUG","logger_name":"org.springframework.web.servlet.DispatcherServlet","message":"Completed 200 OK"}
{"@timestamp":"2025-12-16T12:24:06.006+05:30","level":"INFO","logger_name":"com.bihar.seva.service.StatsService","message":"Dashboard stats retrieved: 0 providers, 2 customers, 0 bookings"}
{"@timestamp":"2025-12-16T12:24:06.008+05:30","level":"DEBUG","logger_name":"org.springframework.web.servlet.mvc.method.annotation.HttpEntityMethodProcessor","message":"Using 'application/json', given [*/*] and supported [application/json, application/*+json, application/json, application/*+json]"}
{"@timestamp":"2025-12-16T12:24:06.009+05:30","level":"DEBUG","logger_name":"org.springframework.web.servlet.mvc.method.annotation.HttpEntityMethodProcessor","message":"Writing [ApiResponse(success=true, message=Stats retrieved successfully, data={completedBookings=0, totalCust (truncated)...]"}
{"@timestamp":"2025-12-16T12:24:06.013+05:30","level":"DEBUG","logger_name":"org.springframework.web.servlet.DispatcherServlet","message":"Completed 200 OK"}
{"@timestamp":"2025-12-16T12:24:06.026+05:30","level":"DEBUG","logger_name":"org.springframework.web.servlet.DispatcherServlet","message":"GET \"/api/stats/dashboard\", parameters={}"}
{"@timestamp":"2025-12-16T12:24:06.029+05:30","level":"DEBUG","logger_name":"org.springframework.web.servlet.mvc.method.annotation.RequestMappingHandlerMapping","message":"Mapped to com.bihar.seva.controller.StatsController#getDashboardStats()"}
{"@timestamp":"2025-12-16T12:24:06.105+05:30","level":"INFO","logger_name":"com.bihar.seva.service.StatsService","message":"Dashboard stats retrieved: 0 providers, 2 customers, 0 bookings"}
{"@timestamp":"2025-12-16T12:24:06.107+05:30","level":"DEBUG","logger_name":"org.springframework.web.servlet.mvc.method.annotation.HttpEntityMethodProcessor","message":"Using 'application/json', given [*/*] and supported [application/json, application/*+json, application/json, application/*+json]"}
{"@timestamp":"2025-12-16T12:24:06.108+05:30","level":"DEBUG","logger_name":"org.springframework.web.servlet.mvc.method.annotation.HttpEntityMethodProcessor","message":"Writing [ApiResponse(success=true, message=Stats retrieved successfully, data={completedBookings=0, totalCust (truncated)...]"}
{"@timestamp":"2025-12-16T12:24:06.115+05:30","level":"DEBUG","logger_name":"org.springframework.web.servlet.DispatcherServlet","message":"Completed 200 OK"}
{"@timestamp":"2025-12-16T12:24:43.920+05:30","level":"DEBUG","logger_name":"org.springframework.web.servlet.DispatcherServlet","message":"GET \"/api/providers/featured?limit=6\", parameters={masked}"}
{"@timestamp":"2025-12-16T12:24:43.920+05:30","level":"DEBUG","logger_name":"org.springframework.web.servlet.DispatcherServlet","message":"GET \"/api/stats/dashboard\", parameters={}"}
{"@timestamp":"2025-12-16T12:24:43.924+05:30","level":"DEBUG","logger_name":"org.springframework.web.servlet.mvc.method.annotation.RequestMappingHandlerMapping","message":"Mapped to com.bihar.seva.controller.StatsController#getDashboardStats()"}
{"@timestamp":"2025-12-16T12:24:43.922+05:30","level":"DEBUG","logger_name":"org.springframework.web.servlet.mvc.method.annotation.RequestMappingHandlerMapping","message":"Mapped to com.bihar.seva.controller.ProviderController#getFeaturedProviders(int)"}
{"@timestamp":"2025-12-16T12:24:43.940+05:30","level":"DEBUG","logger_name":"org.springframework.web.servlet.mvc.method.annotation.HttpEntityMethodProcessor","message":"Using 'application/json', given [*/*] and supported [application/json, application/*+json, application/json, application/*+json]"}
{"@timestamp":"2025-12-16T12:24:43.941+05:30","level":"DEBUG","logger_name":"org.springframework.web.servlet.mvc.method.annotation.HttpEntityMethodProcessor","message":"Writing [ApiResponse(success=true, message=Featured providers retrieved, data=[], error=null)]"}
{"@timestamp":"2025-12-16T12:24:43.945+05:30","level":"DEBUG","logger_name":"org.springframework.web.servlet.DispatcherServlet","message":"Completed 200 OK"}
{"@timestamp":"2025-12-16T12:24:43.955+05:30","level":"DEBUG","logger_name":"org.springframework.web.servlet.DispatcherServlet","message":"GET \"/api/providers/featured?limit=6\", parameters={masked}"}
{"@timestamp":"2025-12-16T12:24:43.957+05:30","level":"DEBUG","logger_name":"org.springframework.web.servlet.mvc.method.annotation.RequestMappingHandlerMapping","message":"Mapped to com.bihar.seva.controller.ProviderController#getFeaturedProviders(int)"}
{"@timestamp":"2025-12-16T12:24:43.971+05:30","level":"DEBUG","logger_name":"org.springframework.web.servlet.mvc.method.annotation.HttpEntityMethodProcessor","message":"Using 'application/json', given [*/*] and supported [application/json, application/*+json, application/json, application/*+json]"}
{"@timestamp":"2025-12-16T12:24:43.974+05:30","level":"DEBUG","logger_name":"org.springframework.web.servlet.mvc.method.annotation.HttpEntityMethodProcessor","message":"Writing [ApiResponse(success=true, message=Featured providers retrieved, data=[], error=null)]"}
{"@timestamp":"2025-12-16T12:24:43.978+05:30","level":"DEBUG","logger_name":"org.springframework.web.servlet.DispatcherServlet","message":"Completed 200 OK"}
{"@timestamp":"2025-12-16T12:24:43.998+05:30","level":"INFO","logger_name":"com.bihar.seva.service.StatsService","message":"Dashboard stats retrieved: 0 providers, 2 customers, 0 bookings"}
{"@timestamp":"2025-12-16T12:24:43.999+05:30","level":"DEBUG","logger_name":"org.springframework.web.servlet.mvc.method.annotation.HttpEntityMethodProcessor","message":"Using 'application/json', given [*/*] and supported [application/json, application/*+json, application/json, application/*+json]"}
{"@timestamp":"2025-12-16T12:24:44.000+05:30","level":"DEBUG","logger_name":"org.springframework.web.servlet.mvc.method.annotation.HttpEntityMethodProcessor","message":"Writing [ApiResponse(success=true, message=Stats retrieved successfully, data={completedBookings=0, totalCust (truncated)...]"}
{"@timestamp":"2025-12-16T12:24:44.003+05:30","level":"DEBUG","logger_name":"org.springframework.web.servlet.DispatcherServlet","message":"Completed 200 OK"}
{"@timestamp":"2025-12-16T12:24:44.009+05:30","level":"DEBUG","logger_name":"org.springframework.web.servlet.DispatcherServlet","message":"GET \"/api/stats/dashboard\", parameters={}"}
{"@timestamp":"2025-12-16T12:24:44.010+05:30","level":"DEBUG","logger_name":"org.springframework.web.servlet.mvc.method.annotation.RequestMappingHandlerMapping","message":"Mapped to com.bihar.seva.controller.StatsController#getDashboardStats()"}
{"@timestamp":"2025-12-16T12:24:44.062+05:30","level":"INFO","logger_name":"com.bihar.seva.service.StatsService","message":"Dashboard stats retrieved: 0 providers, 2 customers, 0 bookings"}
{"@timestamp":"2025-12-16T12:24:44.063+05:30","level":"DEBUG","logger_name":"org.springframework.web.servlet.mvc.method.annotation.HttpEntityMethodProcessor","message":"Using 'application/json', given [*/*] and supported [application/json, application/*+json, application/json, application/*+json]"}
{"@timestamp":"2025-12-16T12:24:44.064+05:30","level":"DEBUG","logger_name":"org.springframework.web.servlet.mvc.method.annotation.HttpEntityMethodProcessor","message":"Writing [ApiResponse(success=true, message=Stats retrieved successfully, data={completedBookings=0, totalCust (truncated)...]"}
{"@timestamp":"2025-12-16T12:24:44.067+05:30","level":"DEBUG","logger_name":"org.springframework.web.servlet.DispatcherServlet","message":"Completed 200 OK"}
{"@timestamp":"2025-12-16T12:25:15.211+05:30","level":"DEBUG","logger_name":"org.springframework.web.servlet.DispatcherServlet","message":"POST \"/api/auth/login\", parameters={}"}
{"@timestamp":"2025-12-16T12:25:15.213+05:30","level":"DEBUG","logger_name":"org.springframework.web.servlet.mvc.method.annotation.RequestMappingHandlerMapping","message":"Mapped to com.bihar.seva.controller.AuthController#loginUser(LoginRequestDTO)"}
{"@timestamp":"2025-12-16T12:25:15.356+05:30","level":"DEBUG","logger_name":"org.springframework.web.servlet.mvc.method.annotation.RequestResponseBodyMethodProcessor","message":"Read \"application/json;charset=UTF-8\" to [LoginRequestDTO(email=karodo7884@badfist.com, password=Abcd@123)]"}
{"@timestamp":"2025-12-16T12:25:15.520+05:30","level":"INFO","logger_name":"com.bihar.seva.service.AuthService","message":"Entering method: loginUser with parameters: [karodo7884@badfist.com]","method":"loginUser","requestId":"8aa846ba","timestamp":"2025-12-16 12:25:15.519"}
{"@timestamp":"2025-12-16T12:25:15.521+05:30","level":"INFO","logger_name":"com.bihar.seva.service.AuthService","message":"\uD83D\uDD0D Login attempt - Email: karodo7884@badfist.com (normalized: karodo7884@badfist.com), Password length: 8","method":"loginUser","requestId":"8aa846ba","timestamp":"2025-12-16 12:25:15.519"}
{"@timestamp":"2025-12-16T12:25:15.523+05:30","level":"INFO","logger_name":"com.bihar.seva.service.AuthService","message":"\uD83D\uDD0D Searching for user with email: karodo7884@badfist.com (also trying: karodo7884@badfist.com)","method":"loginUser","requestId":"8aa846ba","timestamp":"2025-12-16 12:25:15.519"}
{"@timestamp":"2025-12-16T12:25:15.598+05:30","level":"INFO","logger_name":"com.bihar.seva.service.AuthService","message":"\uD83D\uDD0D Search results - Customer: false, Provider: false, Admin: false","method":"loginUser","requestId":"8aa846ba","timestamp":"2025-12-16 12:25:15.519"}
{"@timestamp":"2025-12-16T12:25:15.600+05:30","level":"INFO","logger_name":"com.bihar.seva.service.AuthService","message":"\uD83D\uDD0D Checking legacy User collection for: karodo7884@badfist.com","method":"loginUser","requestId":"8aa846ba","timestamp":"2025-12-16 12:25:15.519"}
{"@timestamp":"2025-12-16T12:25:15.714+05:30","level":"INFO","logger_name":"com.bihar.seva.service.AuthService","message":"\uD83D\uDD0D Legacy user found - ID: 89601cab-5712-48d8-8686-025ae8a071de, Has password: true","method":"loginUser","requestId":"8aa846ba","timestamp":"2025-12-16 12:25:15.519"}
{"@timestamp":"2025-12-16T12:25:15.993+05:30","level":"INFO","logger_name":"com.bihar.seva.service.AuthService","message":"\uD83D\uDD0D Password match result for legacy user: true","method":"loginUser","requestId":"8aa846ba","timestamp":"2025-12-16 12:25:15.519"}
{"@timestamp":"2025-12-16T12:25:15.994+05:30","level":"INFO","logger_name":"com.bihar.seva.service.AuthService","message":"✅ Legacy user login successful - ID: 89601cab-5712-48d8-8686-025ae8a071de","method":"loginUser","requestId":"8aa846ba","timestamp":"2025-12-16 12:25:15.519"}
{"@timestamp":"2025-12-16T12:25:15.996+05:30","level":"INFO","logger_name":"com.bihar.seva.service.AuthService","message":"✅ User logged in successfully - Email: karodo7884@badfist.com, Role: PROVIDER, Collection: providers","method":"loginUser","requestId":"8aa846ba","timestamp":"2025-12-16 12:25:15.519"}
{"@timestamp":"2025-12-16T12:25:15.997+05:30","level":"INFO","logger_name":"com.bihar.seva.service.AuthService","message":"Exiting method: loginUser with result: User logged in successfully","method":"loginUser","requestId":"8aa846ba","timestamp":"2025-12-16 12:25:15.519"}
{"@timestamp":"2025-12-16T12:25:16.001+05:30","level":"DEBUG","logger_name":"org.springframework.web.servlet.mvc.method.annotation.HttpEntityMethodProcessor","message":"Using 'application/json', given [*/*] and supported [application/json, application/*+json, application/json, application/*+json]"}
{"@timestamp":"2025-12-16T12:25:16.068+05:30","level":"DEBUG","logger_name":"org.springframework.web.servlet.mvc.method.annotation.HttpEntityMethodProcessor","message":"Writing [ApiResponse(success=true, message=Login successful, data={role=PROVIDER, userType=PROVIDER, user=Use (truncated)...]"}
{"@timestamp":"2025-12-16T12:25:16.088+05:30","level":"DEBUG","logger_name":"org.springframework.web.servlet.DispatcherServlet","message":"Completed 200 OK"}
{"@timestamp":"2025-12-16T12:25:16.762+05:30","level":"DEBUG","logger_name":"org.springframework.web.servlet.DispatcherServlet","message":"GET \"/api/notifications/user/89601cab-5712-48d8-8686-025ae8a071de\", parameters={}"}
{"@timestamp":"2025-12-16T12:25:16.764+05:30","level":"DEBUG","logger_name":"org.springframework.web.servlet.DispatcherServlet","message":"GET \"/api/kyc/status/89601cab-5712-48d8-8686-025ae8a071de\", parameters={}"}
{"@timestamp":"2025-12-16T12:25:16.765+05:30","level":"DEBUG","logger_name":"org.springframework.web.servlet.mvc.method.annotation.RequestMappingHandlerMapping","message":"Mapped to com.bihar.seva.controller.NotificationController#getUserNotifications(String)"}
{"@timestamp":"2025-12-16T12:25:16.766+05:30","level":"DEBUG","logger_name":"org.springframework.web.servlet.mvc.method.annotation.RequestMappingHandlerMapping","message":"Mapped to com.bihar.seva.controller.KYCController#getKYCStatus(String)"}
{"@timestamp":"2025-12-16T12:25:16.785+05:30","level":"INFO","logger_name":"com.bihar.seva.controller.KYCController","message":"Fetching KYC status for userId: 89601cab-5712-48d8-8686-025ae8a071de"}
{"@timestamp":"2025-12-16T12:25:16.795+05:30","level":"WARN","logger_name":"com.bihar.seva.controller.KYCController","message":"No KYC found for userId: 89601cab-5712-48d8-8686-025ae8a071de"}
{"@timestamp":"2025-12-16T12:25:16.796+05:30","level":"DEBUG","logger_name":"org.springframework.web.servlet.mvc.method.annotation.HttpEntityMethodProcessor","message":"Using 'application/json', given [*/*] and supported [application/json, application/*+json, application/json, application/*+json]"}
{"@timestamp":"2025-12-16T12:25:16.797+05:30","level":"DEBUG","logger_name":"org.springframework.web.servlet.mvc.method.annotation.HttpEntityMethodProcessor","message":"Writing [ApiResponse(success=false, message=No KYC submitted yet, data=null, error=null)]"}
{"@timestamp":"2025-12-16T12:25:16.801+05:30","level":"DEBUG","logger_name":"org.springframework.web.servlet.DispatcherServlet","message":"Completed 200 OK"}
{"@timestamp":"2025-12-16T12:25:16.806+05:30","level":"DEBUG","logger_name":"org.springframework.web.servlet.DispatcherServlet","message":"GET \"/api/kyc/status/89601cab-5712-48d8-8686-025ae8a071de\", parameters={}"}
{"@timestamp":"2025-12-16T12:25:16.807+05:30","level":"DEBUG","logger_name":"org.springframework.web.servlet.mvc.method.annotation.RequestMappingHandlerMapping","message":"Mapped to com.bihar.seva.controller.KYCController#getKYCStatus(String)"}
{"@timestamp":"2025-12-16T12:25:16.809+05:30","level":"DEBUG","logger_name":"org.springframework.web.servlet.mvc.method.annotation.HttpEntityMethodProcessor","message":"Using 'application/json', given [*/*] and supported [application/json, application/*+json, application/json, application/*+json]"}
{"@timestamp":"2025-12-16T12:25:16.809+05:30","level":"INFO","logger_name":"com.bihar.seva.controller.KYCController","message":"Fetching KYC status for userId: 89601cab-5712-48d8-8686-025ae8a071de"}
{"@timestamp":"2025-12-16T12:25:16.810+05:30","level":"DEBUG","logger_name":"org.springframework.web.servlet.mvc.method.annotation.HttpEntityMethodProcessor","message":"Writing [ApiResponse(success=true, message=Notifications retrieved, data=[], error=null)]"}
{"@timestamp":"2025-12-16T12:25:16.812+05:30","level":"DEBUG","logger_name":"org.springframework.web.servlet.DispatcherServlet","message":"Completed 200 OK"}
{"@timestamp":"2025-12-16T12:25:16.818+05:30","level":"WARN","logger_name":"com.bihar.seva.controller.KYCController","message":"No KYC found for userId: 89601cab-5712-48d8-8686-025ae8a071de"}
{"@timestamp":"2025-12-16T12:25:16.819+05:30","level":"DEBUG","logger_name":"org.springframework.web.servlet.DispatcherServlet","message":"GET \"/api/notifications/user/89601cab-5712-48d8-8686-025ae8a071de\", parameters={}"}
{"@timestamp":"2025-12-16T12:25:16.819+05:30","level":"DEBUG","logger_name":"org.springframework.web.servlet.mvc.method.annotation.HttpEntityMethodProcessor","message":"Using 'application/json', given [*/*] and supported [application/json, application/*+json, application/json, application/*+json]"}
{"@timestamp":"2025-12-16T12:25:16.821+05:30","level":"DEBUG","logger_name":"org.springframework.web.servlet.mvc.method.annotation.RequestMappingHandlerMapping","message":"Mapped to com.bihar.seva.controller.NotificationController#getUserNotifications(String)"}
{"@timestamp":"2025-12-16T12:25:16.821+05:30","level":"DEBUG","logger_name":"org.springframework.web.servlet.mvc.method.annotation.HttpEntityMethodProcessor","message":"Writing [ApiResponse(success=false, message=No KYC submitted yet, data=null, error=null)]"}
{"@timestamp":"2025-12-16T12:25:16.823+05:30","level":"DEBUG","logger_name":"org.springframework.web.servlet.DispatcherServlet","message":"Completed 200 OK"}
{"@timestamp":"2025-12-16T12:25:16.834+05:30","level":"DEBUG","logger_name":"org.springframework.web.servlet.mvc.method.annotation.HttpEntityMethodProcessor","message":"Using 'application/json', given [*/*] and supported [application/json, application/*+json, application/json, application/*+json]"}
{"@timestamp":"2025-12-16T12:25:16.835+05:30","level":"DEBUG","logger_name":"org.springframework.web.servlet.mvc.method.annotation.HttpEntityMethodProcessor","message":"Writing [ApiResponse(success=true, message=Notifications retrieved, data=[], error=null)]"}
{"@timestamp":"2025-12-16T12:25:16.838+05:30","level":"DEBUG","logger_name":"org.springframework.web.servlet.DispatcherServlet","message":"Completed 200 OK"}
{"@timestamp":"2025-12-16T12:25:16.840+05:30","level":"DEBUG","logger_name":"org.springframework.web.servlet.DispatcherServlet","message":"GET \"/api/notifications/user/89601cab-5712-48d8-8686-025ae8a071de/unread-count\", parameters={}"}
{"@timestamp":"2025-12-16T12:25:16.842+05:30","level":"DEBUG","logger_name":"org.springframework.web.servlet.mvc.method.annotation.RequestMappingHandlerMapping","message":"Mapped to com.bihar.seva.controller.NotificationController#getUnreadCount(String)"}
{"@timestamp":"2025-12-16T12:25:16.860+05:30","level":"DEBUG","logger_name":"org.springframework.web.servlet.mvc.method.annotation.HttpEntityMethodProcessor","message":"Using 'application/json', given [*/*] and supported [application/json, application/*+json, application/json, application/*+json]"}
{"@timestamp":"2025-12-16T12:25:16.861+05:30","level":"DEBUG","logger_name":"org.springframework.web.servlet.mvc.method.annotation.HttpEntityMethodProcessor","message":"Writing [ApiResponse(success=true, message=Unread count retrieved, data=0, error=null)]"}
{"@timestamp":"2025-12-16T12:25:16.863+05:30","level":"DEBUG","logger_name":"org.springframework.web.servlet.DispatcherServlet","message":"Completed 200 OK"}
{"@timestamp":"2025-12-16T12:25:16.898+05:30","level":"DEBUG","logger_name":"org.springframework.web.servlet.DispatcherServlet","message":"GET \"/api/notifications/user/89601cab-5712-48d8-8686-025ae8a071de/unread-count\", parameters={}"}
{"@timestamp":"2025-12-16T12:25:16.900+05:30","level":"DEBUG","logger_name":"org.springframework.web.servlet.mvc.method.annotation.RequestMappingHandlerMapping","message":"Mapped to com.bihar.seva.controller.NotificationController#getUnreadCount(String)"}
{"@timestamp":"2025-12-16T12:25:16.914+05:30","level":"DEBUG","logger_name":"org.springframework.web.servlet.mvc.method.annotation.HttpEntityMethodProcessor","message":"Using 'application/json', given [*/*] and supported [application/json, application/*+json, application/json, application/*+json]"}
{"@timestamp":"2025-12-16T12:25:16.915+05:30","level":"DEBUG","logger_name":"org.springframework.web.servlet.mvc.method.annotation.HttpEntityMethodProcessor","message":"Writing [ApiResponse(success=true, message=Unread count retrieved, data=0, error=null)]"}
{"@timestamp":"2025-12-16T12:25:16.918+05:30","level":"DEBUG","logger_name":"org.springframework.web.servlet.DispatcherServlet","message":"Completed 200 OK"}
{"@timestamp":"2025-12-16T12:25:34.389+05:30","level":"DEBUG","logger_name":"org.springframework.web.servlet.DispatcherServlet","message":"GET \"/api/notifications/user/89601cab-5712-48d8-8686-025ae8a071de\", parameters={}"}
{"@timestamp":"2025-12-16T12:25:34.389+05:30","level":"DEBUG","logger_name":"org.springframework.web.servlet.DispatcherServlet","message":"GET \"/api/kyc/status/89601cab-5712-48d8-8686-025ae8a071de\", parameters={}"}
{"@timestamp":"2025-12-16T12:25:34.391+05:30","level":"DEBUG","logger_name":"org.springframework.web.servlet.mvc.method.annotation.RequestMappingHandlerMapping","message":"Mapped to com.bihar.seva.controller.NotificationController#getUserNotifications(String)"}
{"@timestamp":"2025-12-16T12:25:34.391+05:30","level":"DEBUG","logger_name":"org.springframework.web.servlet.mvc.method.annotation.RequestMappingHandlerMapping","message":"Mapped to com.bihar.seva.controller.KYCController#getKYCStatus(String)"}
{"@timestamp":"2025-12-16T12:25:34.394+05:30","level":"INFO","logger_name":"com.bihar.seva.controller.KYCController","message":"Fetching KYC status for userId: 89601cab-5712-48d8-8686-025ae8a071de"}
{"@timestamp":"2025-12-16T12:25:34.404+05:30","level":"WARN","logger_name":"com.bihar.seva.controller.KYCController","message":"No KYC found for userId: 89601cab-5712-48d8-8686-025ae8a071de"}
{"@timestamp":"2025-12-16T12:25:34.405+05:30","level":"DEBUG","logger_name":"org.springframework.web.servlet.mvc.method.annotation.HttpEntityMethodProcessor","message":"Using 'application/json', given [*/*] and supported [application/json, application/*+json, application/json, application/*+json]"}
{"@timestamp":"2025-12-16T12:25:34.405+05:30","level":"DEBUG","logger_name":"org.springframework.web.servlet.mvc.method.annotation.HttpEntityMethodProcessor","message":"Using 'application/json', given [*/*] and supported [application/json, application/*+json, application/json, application/*+json]"}
{"@timestamp":"2025-12-16T12:25:34.406+05:30","level":"DEBUG","logger_name":"org.springframework.web.servlet.mvc.method.annotation.HttpEntityMethodProcessor","message":"Writing [ApiResponse(success=false, message=No KYC submitted yet, data=null, error=null)]"}
{"@timestamp":"2025-12-16T12:25:34.406+05:30","level":"DEBUG","logger_name":"org.springframework.web.servlet.mvc.method.annotation.HttpEntityMethodProcessor","message":"Writing [ApiResponse(success=true, message=Notifications retrieved, data=[], error=null)]"}
{"@timestamp":"2025-12-16T12:25:34.409+05:30","level":"DEBUG","logger_name":"org.springframework.web.servlet.DispatcherServlet","message":"Completed 200 OK"}
{"@timestamp":"2025-12-16T12:25:34.409+05:30","level":"DEBUG","logger_name":"org.springframework.web.servlet.DispatcherServlet","message":"Completed 200 OK"}
{"@timestamp":"2025-12-16T12:25:34.416+05:30","level":"DEBUG","logger_name":"org.springframework.web.servlet.DispatcherServlet","message":"GET \"/api/kyc/status/89601cab-5712-48d8-8686-025ae8a071de\", parameters={}"}
{"@timestamp":"2025-12-16T12:25:34.417+05:30","level":"DEBUG","logger_name":"org.springframework.web.servlet.DispatcherServlet","message":"GET \"/api/notifications/user/89601cab-5712-48d8-8686-025ae8a071de\", parameters={}"}
{"@timestamp":"2025-12-16T12:25:34.418+05:30","level":"DEBUG","logger_name":"org.springframework.web.servlet.mvc.method.annotation.RequestMappingHandlerMapping","message":"Mapped to com.bihar.seva.controller.NotificationController#getUserNotifications(String)"}
{"@timestamp":"2025-12-16T12:25:34.419+05:30","level":"DEBUG","logger_name":"org.springframework.web.servlet.mvc.method.annotation.RequestMappingHandlerMapping","message":"Mapped to com.bihar.seva.controller.KYCController#getKYCStatus(String)"}
{"@timestamp":"2025-12-16T12:25:34.420+05:30","level":"INFO","logger_name":"com.bihar.seva.controller.KYCController","message":"Fetching KYC status for userId: 89601cab-5712-48d8-8686-025ae8a071de"}
{"@timestamp":"2025-12-16T12:25:34.429+05:30","level":"DEBUG","logger_name":"org.springframework.web.servlet.mvc.method.annotation.HttpEntityMethodProcessor","message":"Using 'application/json', given [*/*] and supported [application/json, application/*+json, application/json, application/*+json]"}
{"@timestamp":"2025-12-16T12:25:34.430+05:30","level":"WARN","logger_name":"com.bihar.seva.controller.KYCController","message":"No KYC found for userId: 89601cab-5712-48d8-8686-025ae8a071de"}
{"@timestamp":"2025-12-16T12:25:34.430+05:30","level":"DEBUG","logger_name":"org.springframework.web.servlet.mvc.method.annotation.HttpEntityMethodProcessor","message":"Writing [ApiResponse(success=true, message=Notifications retrieved, data=[], error=null)]"}
{"@timestamp":"2025-12-16T12:25:34.431+05:30","level":"DEBUG","logger_name":"org.springframework.web.servlet.mvc.method.annotation.HttpEntityMethodProcessor","message":"Using 'application/json', given [*/*] and supported [application/json, application/*+json, application/json, application/*+json]"}
{"@timestamp":"2025-12-16T12:25:34.432+05:30","level":"DEBUG","logger_name":"org.springframework.web.servlet.mvc.method.annotation.HttpEntityMethodProcessor","message":"Writing [ApiResponse(success=false, message=No KYC submitted yet, data=null, error=null)]"}
{"@timestamp":"2025-12-16T12:25:34.434+05:30","level":"DEBUG","logger_name":"org.springframework.web.servlet.DispatcherServlet","message":"Completed 200 OK"}
{"@timestamp":"2025-12-16T12:25:34.435+05:30","level":"DEBUG","logger_name":"org.springframework.web.servlet.DispatcherServlet","message":"Completed 200 OK"}
{"@timestamp":"2025-12-16T12:25:34.469+05:30","level":"DEBUG","logger_name":"org.springframework.web.servlet.DispatcherServlet","message":"GET \"/api/notifications/user/89601cab-5712-48d8-8686-025ae8a071de/unread-count\", parameters={}"}
{"@timestamp":"2025-12-16T12:25:34.471+05:30","level":"DEBUG","logger_name":"org.springframework.web.servlet.mvc.method.annotation.RequestMappingHandlerMapping","message":"Mapped to com.bihar.seva.controller.NotificationController#getUnreadCount(String)"}
{"@timestamp":"2025-12-16T12:25:34.487+05:30","level":"DEBUG","logger_name":"org.springframework.web.servlet.mvc.method.annotation.HttpEntityMethodProcessor","message":"Using 'application/json', given [*/*] and supported [application/json, application/*+json, application/json, application/*+json]"}
{"@timestamp":"2025-12-16T12:25:34.488+05:30","level":"DEBUG","logger_name":"org.springframework.web.servlet.mvc.method.annotation.HttpEntityMethodProcessor","message":"Writing [ApiResponse(success=true, message=Unread count retrieved, data=0, error=null)]"}
{"@timestamp":"2025-12-16T12:25:34.490+05:30","level":"DEBUG","logger_name":"org.springframework.web.servlet.DispatcherServlet","message":"Completed 200 OK"}
{"@timestamp":"2025-12-16T12:25:34.497+05:30","level":"DEBUG","logger_name":"org.springframework.web.servlet.DispatcherServlet","message":"GET \"/api/notifications/user/89601cab-5712-48d8-8686-025ae8a071de/unread-count\", parameters={}"}
{"@timestamp":"2025-12-16T12:25:34.500+05:30","level":"DEBUG","logger_name":"org.springframework.web.servlet.mvc.method.annotation.RequestMappingHandlerMapping","message":"Mapped to com.bihar.seva.controller.NotificationController#getUnreadCount(String)"}
{"@timestamp":"2025-12-16T12:25:34.509+05:30","level":"DEBUG","logger_name":"org.springframework.web.servlet.mvc.method.annotation.HttpEntityMethodProcessor","message":"Using 'application/json', given [*/*] and supported [application/json, application/*+json, application/json, application/*+json]"}
{"@timestamp":"2025-12-16T12:25:34.510+05:30","level":"DEBUG","logger_name":"org.springframework.web.servlet.mvc.method.annotation.HttpEntityMethodProcessor","message":"Writing [ApiResponse(success=true, message=Unread count retrieved, data=0, error=null)]"}
{"@timestamp":"2025-12-16T12:25:34.513+05:30","level":"DEBUG","logger_name":"org.springframework.web.servlet.DispatcherServlet","message":"Completed 200 OK"}
{"@timestamp":"2025-12-16T12:26:04.411+05:30","level":"DEBUG","logger_name":"org.springframework.web.servlet.DispatcherServlet","message":"GET \"/api/notifications/user/89601cab-5712-48d8-8686-025ae8a071de\", parameters={}"}
{"@timestamp":"2025-12-16T12:26:04.415+05:30","level":"DEBUG","logger_name":"org.springframework.web.servlet.mvc.method.annotation.RequestMappingHandlerMapping","message":"Mapped to com.bihar.seva.controller.NotificationController#getUserNotifications(String)"}
{"@timestamp":"2025-12-16T12:26:04.442+05:30","level":"DEBUG","logger_name":"org.springframework.web.servlet.mvc.method.annotation.HttpEntityMethodProcessor","message":"Using 'application/json', given [*/*] and supported [application/json, application/*+json, application/json, application/*+json]"}
{"@timestamp":"2025-12-16T12:26:04.446+05:30","level":"DEBUG","logger_name":"org.springframework.web.servlet.mvc.method.annotation.HttpEntityMethodProcessor","message":"Writing [ApiResponse(success=true, message=Notifications retrieved, data=[], error=null)]"}
{"@timestamp":"2025-12-16T12:26:04.449+05:30","level":"DEBUG","logger_name":"org.springframework.web.servlet.DispatcherServlet","message":"Completed 200 OK"}
{"@timestamp":"2025-12-16T12:26:04.484+05:30","level":"DEBUG","logger_name":"org.springframework.web.servlet.DispatcherServlet","message":"GET \"/api/notifications/user/89601cab-5712-48d8-8686-025ae8a071de/unread-count\", parameters={}"}
{"@timestamp":"2025-12-16T12:26:04.486+05:30","level":"DEBUG","logger_name":"org.springframework.web.servlet.mvc.method.annotation.RequestMappingHandlerMapping","message":"Mapped to com.bihar.seva.controller.NotificationController#getUnreadCount(String)"}
{"@timestamp":"2025-12-16T12:26:04.499+05:30","level":"DEBUG","logger_name":"org.springframework.web.servlet.mvc.method.annotation.HttpEntityMethodProcessor","message":"Using 'application/json', given [*/*] and supported [application/json, application/*+json, application/json, application/*+json]"}
{"@timestamp":"2025-12-16T12:26:04.501+05:30","level":"DEBUG","logger_name":"org.springframework.web.servlet.mvc.method.annotation.HttpEntityMethodProcessor","message":"Writing [ApiResponse(success=true, message=Unread count retrieved, data=0, error=null)]"}
{"@timestamp":"2025-12-16T12:26:04.504+05:30","level":"DEBUG","logger_name":"org.springframework.web.servlet.DispatcherServlet","message":"Completed 200 OK"}
{"@timestamp":"2025-12-16T12:26:34.843+05:30","level":"DEBUG","logger_name":"org.springframework.web.servlet.DispatcherServlet","message":"GET \"/api/notifications/user/89601cab-5712-48d8-8686-025ae8a071de\", parameters={}"}
{"@timestamp":"2025-12-16T12:26:34.847+05:30","level":"DEBUG","logger_name":"org.springframework.web.servlet.mvc.method.annotation.RequestMappingHandlerMapping","message":"Mapped to com.bihar.seva.controller.NotificationController#getUserNotifications(String)"}
{"@timestamp":"2025-12-16T12:26:34.867+05:30","level":"DEBUG","logger_name":"org.springframework.web.servlet.mvc.method.annotation.HttpEntityMethodProcessor","message":"Using 'application/json', given [*/*] and supported [application/json, application/*+json, application/json, application/*+json]"}
{"@timestamp":"2025-12-16T12:26:34.869+05:30","level":"DEBUG","logger_name":"org.springframework.web.servlet.mvc.method.annotation.HttpEntityMethodProcessor","message":"Writing [ApiResponse(success=true, message=Notifications retrieved, data=[], error=null)]"}
{"@timestamp":"2025-12-16T12:26:34.874+05:30","level":"DEBUG","logger_name":"org.springframework.web.servlet.DispatcherServlet","message":"Completed 200 OK"}
{"@timestamp":"2025-12-16T12:26:35.315+05:30","level":"DEBUG","logger_name":"org.springframework.web.servlet.DispatcherServlet","message":"GET \"/api/notifications/user/89601cab-5712-48d8-8686-025ae8a071de/unread-count\", parameters={}"}
{"@timestamp":"2025-12-16T12:26:35.318+05:30","level":"DEBUG","logger_name":"org.springframework.web.servlet.mvc.method.annotation.RequestMappingHandlerMapping","message":"Mapped to com.bihar.seva.controller.NotificationController#getUnreadCount(String)"}
{"@timestamp":"2025-12-16T12:26:35.336+05:30","level":"DEBUG","logger_name":"org.springframework.web.servlet.mvc.method.annotation.HttpEntityMethodProcessor","message":"Using 'application/json', given [*/*] and supported [application/json, application/*+json, application/json, application/*+json]"}
{"@timestamp":"2025-12-16T12:26:35.338+05:30","level":"DEBUG","logger_name":"org.springframework.web.servlet.mvc.method.annotation.HttpEntityMethodProcessor","message":"Writing [ApiResponse(success=true, message=Unread count retrieved, data=0, error=null)]"}
{"@timestamp":"2025-12-16T12:26:35.341+05:30","level":"DEBUG","logger_name":"org.springframework.web.servlet.DispatcherServlet","message":"Completed 200 OK"}
{"@timestamp":"2025-12-16T12:27:04.826+05:30","level":"DEBUG","logger_name":"org.springframework.web.servlet.DispatcherServlet","message":"GET \"/api/notifications/user/89601cab-5712-48d8-8686-025ae8a071de\", parameters={}"}
{"@timestamp":"2025-12-16T12:27:04.829+05:30","level":"DEBUG","logger_name":"org.springframework.web.servlet.mvc.method.annotation.RequestMappingHandlerMapping","message":"Mapped to com.bihar.seva.controller.NotificationController#getUserNotifications(String)"}
{"@timestamp":"2025-12-16T12:27:04.848+05:30","level":"DEBUG","logger_name":"org.springframework.web.servlet.mvc.method.annotation.HttpEntityMethodProcessor","message":"Using 'application/json', given [*/*] and supported [application/json, application/*+json, application/json, application/*+json]"}
{"@timestamp":"2025-12-16T12:27:04.850+05:30","level":"DEBUG","logger_name":"org.springframework.web.servlet.mvc.method.annotation.HttpEntityMethodProcessor","message":"Writing [ApiResponse(success=true, message=Notifications retrieved, data=[], error=null)]"}
{"@timestamp":"2025-12-16T12:27:04.854+05:30","level":"DEBUG","logger_name":"org.springframework.web.servlet.DispatcherServlet","message":"Completed 200 OK"}
{"@timestamp":"2025-12-16T12:27:05.199+05:30","level":"DEBUG","logger_name":"org.springframework.web.servlet.DispatcherServlet","message":"GET \"/api/notifications/user/89601cab-5712-48d8-8686-025ae8a071de/unread-count\", parameters={}"}
{"@timestamp":"2025-12-16T12:27:05.201+05:30","level":"DEBUG","logger_name":"org.springframework.web.servlet.mvc.method.annotation.RequestMappingHandlerMapping","message":"Mapped to com.bihar.seva.controller.NotificationController#getUnreadCount(String)"}
{"@timestamp":"2025-12-16T12:27:05.216+05:30","level":"DEBUG","logger_name":"org.springframework.web.servlet.mvc.method.annotation.HttpEntityMethodProcessor","message":"Using 'application/json', given [*/*] and supported [application/json, application/*+json, application/json, application/*+json]"}
{"@timestamp":"2025-12-16T12:27:05.217+05:30","level":"DEBUG","logger_name":"org.springframework.web.servlet.mvc.method.annotation.HttpEntityMethodProcessor","message":"Writing [ApiResponse(success=true, message=Unread count retrieved, data=0, error=null)]"}
{"@timestamp":"2025-12-16T12:27:05.222+05:30","level":"DEBUG","logger_name":"org.springframework.web.servlet.DispatcherServlet","message":"Completed 200 OK"}
{"@timestamp":"2025-12-16T12:27:34.394+05:30","level":"DEBUG","logger_name":"org.springframework.web.servlet.DispatcherServlet","message":"GET \"/api/notifications/user/89601cab-5712-48d8-8686-025ae8a071de\", parameters={}"}
{"@timestamp":"2025-12-16T12:27:34.397+05:30","level":"DEBUG","logger_name":"org.springframework.web.servlet.mvc.method.annotation.RequestMappingHandlerMapping","message":"Mapped to com.bihar.seva.controller.NotificationController#getUserNotifications(String)"}
{"@timestamp":"2025-12-16T12:27:34.415+05:30","level":"DEBUG","logger_name":"org.springframework.web.servlet.mvc.method.annotation.HttpEntityMethodProcessor","message":"Using 'application/json', given [*/*] and supported [application/json, application/*+json, application/json, application/*+json]"}
{"@timestamp":"2025-12-16T12:27:34.417+05:30","level":"DEBUG","logger_name":"org.springframework.web.servlet.mvc.method.annotation.HttpEntityMethodProcessor","message":"Writing [ApiResponse(success=true, message=Notifications retrieved, data=[], error=null)]"}
{"@timestamp":"2025-12-16T12:27:34.421+05:30","level":"DEBUG","logger_name":"org.springframework.web.servlet.DispatcherServlet","message":"Completed 200 OK"}
{"@timestamp":"2025-12-16T12:27:34.492+05:30","level":"DEBUG","logger_name":"org.springframework.web.servlet.DispatcherServlet","message":"GET \"/api/notifications/user/89601cab-5712-48d8-8686-025ae8a071de/unread-count\", parameters={}"}
{"@timestamp":"2025-12-16T12:27:34.493+05:30","level":"DEBUG","logger_name":"org.springframework.web.servlet.mvc.method.annotation.RequestMappingHandlerMapping","message":"Mapped to com.bihar.seva.controller.NotificationController#getUnreadCount(String)"}
{"@timestamp":"2025-12-16T12:27:34.504+05:30","level":"DEBUG","logger_name":"org.springframework.web.servlet.mvc.method.annotation.HttpEntityMethodProcessor","message":"Using 'application/json', given [*/*] and supported [application/json, application/*+json, application/json, application/*+json]"}
{"@timestamp":"2025-12-16T12:27:34.505+05:30","level":"DEBUG","logger_name":"org.springframework.web.servlet.mvc.method.annotation.HttpEntityMethodProcessor","message":"Writing [ApiResponse(success=true, message=Unread count retrieved, data=0, error=null)]"}
{"@timestamp":"2025-12-16T12:27:34.507+05:30","level":"DEBUG","logger_name":"org.springframework.web.servlet.DispatcherServlet","message":"Completed 200 OK"}
{"@timestamp":"2025-12-16T12:28:04.833+05:30","level":"DEBUG","logger_name":"org.springframework.web.servlet.DispatcherServlet","message":"GET \"/api/notifications/user/89601cab-5712-48d8-8686-025ae8a071de\", parameters={}"}
{"@timestamp":"2025-12-16T12:28:04.835+05:30","level":"DEBUG","logger_name":"org.springframework.web.servlet.mvc.method.annotation.RequestMappingHandlerMapping","message":"Mapped to com.bihar.seva.controller.NotificationController#getUserNotifications(String)"}
{"@timestamp":"2025-12-16T12:28:04.852+05:30","level":"DEBUG","logger_name":"org.springframework.web.servlet.mvc.method.annotation.HttpEntityMethodProcessor","message":"Using 'application/json', given [*/*] and supported [application/json, application/*+json, application/json, application/*+json]"}
{"@timestamp":"2025-12-16T12:28:04.853+05:30","level":"DEBUG","logger_name":"org.springframework.web.servlet.mvc.method.annotation.HttpEntityMethodProcessor","message":"Writing [ApiResponse(success=true, message=Notifications retrieved, data=[], error=null)]"}
{"@timestamp":"2025-12-16T12:28:04.856+05:30","level":"DEBUG","logger_name":"org.springframework.web.servlet.DispatcherServlet","message":"Completed 200 OK"}
{"@timestamp":"2025-12-16T12:28:05.218+05:30","level":"DEBUG","logger_name":"org.springframework.web.servlet.DispatcherServlet","message":"GET \"/api/notifications/user/89601cab-5712-48d8-8686-025ae8a071de/unread-count\", parameters={}"}
{"@timestamp":"2025-12-16T12:28:05.221+05:30","level":"DEBUG","logger_name":"org.springframework.web.servlet.mvc.method.annotation.RequestMappingHandlerMapping","message":"Mapped to com.bihar.seva.controller.NotificationController#getUnreadCount(String)"}
{"@timestamp":"2025-12-16T12:28:05.242+05:30","level":"DEBUG","logger_name":"org.springframework.web.servlet.mvc.method.annotation.HttpEntityMethodProcessor","message":"Using 'application/json', given [*/*] and supported [application/json, application/*+json, application/json, application/*+json]"}
{"@timestamp":"2025-12-16T12:28:05.243+05:30","level":"DEBUG","logger_name":"org.springframework.web.servlet.mvc.method.annotation.HttpEntityMethodProcessor","message":"Writing [ApiResponse(success=true, message=Unread count retrieved, data=0, error=null)]"}
{"@timestamp":"2025-12-16T12:28:05.248+05:30","level":"DEBUG","logger_name":"org.springframework.web.servlet.DispatcherServlet","message":"Completed 200 OK"}
{"@timestamp":"2025-12-16T12:28:34.830+05:30","level":"DEBUG","logger_name":"org.springframework.web.servlet.DispatcherServlet","message":"GET \"/api/notifications/user/89601cab-5712-48d8-8686-025ae8a071de\", parameters={}"}
{"@timestamp":"2025-12-16T12:28:34.833+05:30","level":"DEBUG","logger_name":"org.springframework.web.servlet.mvc.method.annotation.RequestMappingHandlerMapping","message":"Mapped to com.bihar.seva.controller.NotificationController#getUserNotifications(String)"}
{"@timestamp":"2025-12-16T12:28:34.853+05:30","level":"DEBUG","logger_name":"org.springframework.web.servlet.mvc.method.annotation.HttpEntityMethodProcessor","message":"Using 'application/json', given [*/*] and supported [application/json, application/*+json, application/json, application/*+json]"}
{"@timestamp":"2025-12-16T12:28:34.856+05:30","level":"DEBUG","logger_name":"org.springframework.web.servlet.mvc.method.annotation.HttpEntityMethodProcessor","message":"Writing [ApiResponse(success=true, message=Notifications retrieved, data=[], error=null)]"}
{"@timestamp":"2025-12-16T12:28:34.860+05:30","level":"DEBUG","logger_name":"org.springframework.web.servlet.DispatcherServlet","message":"Completed 200 OK"}
{"@timestamp":"2025-12-16T12:28:35.228+05:30","level":"DEBUG","logger_name":"org.springframework.web.servlet.DispatcherServlet","message":"GET \"/api/notifications/user/89601cab-5712-48d8-8686-025ae8a071de/unread-count\", parameters={}"}
{"@timestamp":"2025-12-16T12:28:35.230+05:30","level":"DEBUG","logger_name":"org.springframework.web.servlet.mvc.method.annotation.RequestMappingHandlerMapping","message":"Mapped to com.bihar.seva.controller.NotificationController#getUnreadCount(String)"}
{"@timestamp":"2025-12-16T12:28:35.251+05:30","level":"DEBUG","logger_name":"org.springframework.web.servlet.mvc.method.annotation.HttpEntityMethodProcessor","message":"Using 'application/json', given [*/*] and supported [application/json, application/*+json, application/json, application/*+json]"}
{"@timestamp":"2025-12-16T12:28:35.252+05:30","level":"DEBUG","logger_name":"org.springframework.web.servlet.mvc.method.annotation.HttpEntityMethodProcessor","message":"Writing [ApiResponse(success=true, message=Unread count retrieved, data=0, error=null)]"}
{"@timestamp":"2025-12-16T12:28:35.256+05:30","level":"DEBUG","logger_name":"org.springframework.web.servlet.DispatcherServlet","message":"Completed 200 OK"}
{"@timestamp":"2025-12-16T12:30:00.863+05:30","level":"DEBUG","logger_name":"org.springframework.web.servlet.DispatcherServlet","message":"GET \"/api/notifications/user/89601cab-5712-48d8-8686-025ae8a071de\", parameters={}"}
{"@timestamp":"2025-12-16T12:30:00.866+05:30","level":"DEBUG","logger_name":"org.springframework.web.servlet.mvc.method.annotation.RequestMappingHandlerMapping","message":"Mapped to com.bihar.seva.controller.NotificationController#getUserNotifications(String)"}
{"@timestamp":"2025-12-16T12:30:00.885+05:30","level":"DEBUG","logger_name":"org.springframework.web.servlet.mvc.method.annotation.HttpEntityMethodProcessor","message":"Using 'application/json', given [*/*] and supported [application/json, application/*+json, application/json, application/*+json]"}
{"@timestamp":"2025-12-16T12:30:00.886+05:30","level":"DEBUG","logger_name":"org.springframework.web.servlet.mvc.method.annotation.HttpEntityMethodProcessor","message":"Writing [ApiResponse(success=true, message=Notifications retrieved, data=[], error=null)]"}
{"@timestamp":"2025-12-16T12:30:00.890+05:30","level":"DEBUG","logger_name":"org.springframework.web.servlet.DispatcherServlet","message":"Completed 200 OK"}
{"@timestamp":"2025-12-16T12:30:01.251+05:30","level":"DEBUG","logger_name":"org.springframework.web.servlet.DispatcherServlet","message":"GET \"/api/notifications/user/89601cab-5712-48d8-8686-025ae8a071de/unread-count\", parameters={}"}
{"@timestamp":"2025-12-16T12:30:01.253+05:30","level":"DEBUG","logger_name":"org.springframework.web.servlet.mvc.method.annotation.RequestMappingHandlerMapping","message":"Mapped to com.bihar.seva.controller.NotificationController#getUnreadCount(String)"}
{"@timestamp":"2025-12-16T12:30:01.270+05:30","level":"DEBUG","logger_name":"org.springframework.web.servlet.mvc.method.annotation.HttpEntityMethodProcessor","message":"Using 'application/json', given [*/*] and supported [application/json, application/*+json, application/json, application/*+json]"}
{"@timestamp":"2025-12-16T12:30:01.271+05:30","level":"DEBUG","logger_name":"org.springframework.web.servlet.mvc.method.annotation.HttpEntityMethodProcessor","message":"Writing [ApiResponse(success=true, message=Unread count retrieved, data=0, error=null)]"}
{"@timestamp":"2025-12-16T12:30:01.276+05:30","level":"DEBUG","logger_name":"org.springframework.web.servlet.DispatcherServlet","message":"Completed 200 OK"}
{"@timestamp":"2025-12-16T12:30:12.982+05:30","level":"DEBUG","logger_name":"org.springframework.web.servlet.DispatcherServlet","message":"GET \"/api/notifications/user/89601cab-5712-48d8-8686-025ae8a071de\", parameters={}"}
{"@timestamp":"2025-12-16T12:30:12.984+05:30","level":"DEBUG","logger_name":"org.springframework.web.servlet.mvc.method.annotation.RequestMappingHandlerMapping","message":"Mapped to com.bihar.seva.controller.NotificationController#getUserNotifications(String)"}
{"@timestamp":"2025-12-16T12:30:12.993+05:30","level":"DEBUG","logger_name":"org.springframework.web.servlet.mvc.method.annotation.HttpEntityMethodProcessor","message":"Using 'application/json', given [*/*] and supported [application/json, application/*+json, application/json, application/*+json]"}
{"@timestamp":"2025-12-16T12:30:12.994+05:30","level":"DEBUG","logger_name":"org.springframework.web.servlet.mvc.method.annotation.HttpEntityMethodProcessor","message":"Writing [ApiResponse(success=true, message=Notifications retrieved, data=[], error=null)]"}
{"@timestamp":"2025-12-16T12:30:12.995+05:30","level":"DEBUG","logger_name":"org.springframework.web.servlet.DispatcherServlet","message":"Completed 200 OK"}
{"@timestamp":"2025-12-16T12:30:13.057+05:30","level":"DEBUG","logger_name":"org.springframework.web.servlet.DispatcherServlet","message":"GET \"/api/notifications/user/89601cab-5712-48d8-8686-025ae8a071de/unread-count\", parameters={}"}
{"@timestamp":"2025-12-16T12:30:13.058+05:30","level":"DEBUG","logger_name":"org.springframework.web.servlet.mvc.method.annotation.RequestMappingHandlerMapping","message":"Mapped to com.bihar.seva.controller.NotificationController#getUnreadCount(String)"}
{"@timestamp":"2025-12-16T12:30:13.068+05:30","level":"DEBUG","logger_name":"org.springframework.web.servlet.mvc.method.annotation.HttpEntityMethodProcessor","message":"Using 'application/json', given [*/*] and supported [application/json, application/*+json, application/json, application/*+json]"}
{"@timestamp":"2025-12-16T12:30:13.070+05:30","level":"DEBUG","logger_name":"org.springframework.web.servlet.mvc.method.annotation.HttpEntityMethodProcessor","message":"Writing [ApiResponse(success=true, message=Unread count retrieved, data=0, error=null)]"}
{"@timestamp":"2025-12-16T12:30:13.072+05:30","level":"DEBUG","logger_name":"org.springframework.web.servlet.DispatcherServlet","message":"Completed 200 OK"}
{"@timestamp":"2025-12-16T12:30:34.391+05:30","level":"DEBUG","logger_name":"org.springframework.web.servlet.DispatcherServlet","message":"GET \"/api/notifications/user/89601cab-5712-48d8-8686-025ae8a071de\", parameters={}"}
{"@timestamp":"2025-12-16T12:30:34.393+05:30","level":"DEBUG","logger_name":"org.springframework.web.servlet.mvc.method.annotation.RequestMappingHandlerMapping","message":"Mapped to com.bihar.seva.controller.NotificationController#getUserNotifications(String)"}
{"@timestamp":"2025-12-16T12:30:34.410+05:30","level":"DEBUG","logger_name":"org.springframework.web.servlet.mvc.method.annotation.HttpEntityMethodProcessor","message":"Using 'application/json', given [*/*] and supported [application/json, application/*+json, application/json, application/*+json]"}
{"@timestamp":"2025-12-16T12:30:34.411+05:30","level":"DEBUG","logger_name":"org.springframework.web.servlet.mvc.method.annotation.HttpEntityMethodProcessor","message":"Writing [ApiResponse(success=true, message=Notifications retrieved, data=[], error=null)]"}
{"@timestamp":"2025-12-16T12:30:34.413+05:30","level":"DEBUG","logger_name":"org.springframework.web.servlet.DispatcherServlet","message":"Completed 200 OK"}
{"@timestamp":"2025-12-16T12:30:34.473+05:30","level":"DEBUG","logger_name":"org.springframework.web.servlet.DispatcherServlet","message":"GET \"/api/notifications/user/89601cab-5712-48d8-8686-025ae8a071de/unread-count\", parameters={}"}
{"@timestamp":"2025-12-16T12:30:34.474+05:30","level":"DEBUG","logger_name":"org.springframework.web.servlet.mvc.method.annotation.RequestMappingHandlerMapping","message":"Mapped to com.bihar.seva.controller.NotificationController#getUnreadCount(String)"}
{"@timestamp":"2025-12-16T12:30:34.484+05:30","level":"DEBUG","logger_name":"org.springframework.web.servlet.mvc.method.annotation.HttpEntityMethodProcessor","message":"Using 'application/json', given [*/*] and supported [application/json, application/*+json, application/json, application/*+json]"}
{"@timestamp":"2025-12-16T12:30:34.484+05:30","level":"DEBUG","logger_name":"org.springframework.web.servlet.mvc.method.annotation.HttpEntityMethodProcessor","message":"Writing [ApiResponse(success=true, message=Unread count retrieved, data=0, error=null)]"}
{"@timestamp":"2025-12-16T12:30:34.486+05:30","level":"DEBUG","logger_name":"org.springframework.web.servlet.DispatcherServlet","message":"Completed 200 OK"}
