{"@timestamp":"2025-12-01T20:09:59.569+05:30","level":"DEBUG","logger_name":"org.springframework.web.servlet.DispatcherServlet","message":"GET \"/api/stats/dashboard\", parameters={}"}
{"@timestamp":"2025-12-01T20:09:59.570+05:30","level":"DEBUG","logger_name":"org.springframework.web.servlet.DispatcherServlet","message":"GET \"/api/providers/featured?limit=6\", parameters={masked}","method":"logoutUser","requestId":"3ccbcd68","timestamp":"2025-11-30 20:58:56.028"}
{"@timestamp":"2025-12-01T20:09:59.625+05:30","level":"DEBUG","logger_name":"org.springframework.web.servlet.mvc.method.annotation.RequestMappingHandlerMapping","message":"Mapped to com.bihar.seva.controller.StatsController#getDashboardStats()"}
{"@timestamp":"2025-12-01T20:09:59.625+05:30","level":"DEBUG","logger_name":"org.springframework.web.servlet.mvc.method.annotation.RequestMappingHandlerMapping","message":"Mapped to com.bihar.seva.controller.ProviderController#getFeaturedProviders(int)","method":"logoutUser","requestId":"3ccbcd68","timestamp":"2025-11-30 20:58:56.028"}
{"@timestamp":"2025-12-01T20:09:59.861+05:30","level":"DEBUG","logger_name":"org.springframework.web.servlet.mvc.method.annotation.HttpEntityMethodProcessor","message":"Using 'application/json', given [*/*] and supported [application/json, application/*+json, application/json, application/*+json]","method":"logoutUser","requestId":"3ccbcd68","timestamp":"2025-11-30 20:58:56.028"}
{"@timestamp":"2025-12-01T20:09:59.873+05:30","level":"DEBUG","logger_name":"org.springframework.web.servlet.mvc.method.annotation.HttpEntityMethodProcessor","message":"Writing [ApiResponse(success=true, message=Featured providers retrieved, data=[], error=null)]","method":"logoutUser","requestId":"3ccbcd68","timestamp":"2025-11-30 20:58:56.028"}
{"@timestamp":"2025-12-01T20:09:59.902+05:30","level":"DEBUG","logger_name":"org.springframework.web.servlet.DispatcherServlet","message":"Completed 200 OK","method":"logoutUser","requestId":"3ccbcd68","timestamp":"2025-11-30 20:58:56.028"}
{"@timestamp":"2025-12-01T20:09:59.910+05:30","level":"DEBUG","logger_name":"org.springframework.web.servlet.DispatcherServlet","message":"GET \"/api/providers/featured?limit=6\", parameters={masked}"}
{"@timestamp":"2025-12-01T20:09:59.911+05:30","level":"DEBUG","logger_name":"org.springframework.web.servlet.mvc.method.annotation.RequestMappingHandlerMapping","message":"Mapped to com.bihar.seva.controller.ProviderController#getFeaturedProviders(int)"}
{"@timestamp":"2025-12-01T20:09:59.916+05:30","level":"DEBUG","logger_name":"org.springframework.web.servlet.mvc.method.annotation.HttpEntityMethodProcessor","message":"Using 'application/json', given [*/*] and supported [application/json, application/*+json, application/json, application/*+json]"}
{"@timestamp":"2025-12-01T20:09:59.917+05:30","level":"DEBUG","logger_name":"org.springframework.web.servlet.mvc.method.annotation.HttpEntityMethodProcessor","message":"Writing [ApiResponse(success=true, message=Featured providers retrieved, data=[], error=null)]"}
{"@timestamp":"2025-12-01T20:09:59.918+05:30","level":"DEBUG","logger_name":"org.springframework.web.servlet.DispatcherServlet","message":"Completed 200 OK"}
{"@timestamp":"2025-12-01T20:09:59.929+05:30","level":"INFO","logger_name":"com.bihar.seva.service.StatsService","message":"Dashboard stats retrieved: 0 providers, 2 customers, 0 bookings"}
{"@timestamp":"2025-12-01T20:09:59.932+05:30","level":"DEBUG","logger_name":"org.springframework.web.servlet.mvc.method.annotation.HttpEntityMethodProcessor","message":"Using 'application/json', given [*/*] and supported [application/json, application/*+json, application/json, application/*+json]"}
{"@timestamp":"2025-12-01T20:09:59.933+05:30","level":"DEBUG","logger_name":"org.springframework.web.servlet.mvc.method.annotation.HttpEntityMethodProcessor","message":"Writing [ApiResponse(success=true, message=Stats retrieved successfully, data={completedBookings=0, totalCust (truncated)...]"}
{"@timestamp":"2025-12-01T20:09:59.937+05:30","level":"DEBUG","logger_name":"org.springframework.web.servlet.DispatcherServlet","message":"Completed 200 OK"}
{"@timestamp":"2025-12-01T20:09:59.941+05:30","level":"DEBUG","logger_name":"org.springframework.web.servlet.DispatcherServlet","message":"GET \"/api/stats/dashboard\", parameters={}"}
{"@timestamp":"2025-12-01T20:09:59.942+05:30","level":"DEBUG","logger_name":"org.springframework.web.servlet.mvc.method.annotation.RequestMappingHandlerMapping","message":"Mapped to com.bihar.seva.controller.StatsController#getDashboardStats()"}
{"@timestamp":"2025-12-01T20:09:59.979+05:30","level":"INFO","logger_name":"com.bihar.seva.service.StatsService","message":"Dashboard stats retrieved: 0 providers, 2 customers, 0 bookings"}
{"@timestamp":"2025-12-01T20:09:59.980+05:30","level":"DEBUG","logger_name":"org.springframework.web.servlet.mvc.method.annotation.HttpEntityMethodProcessor","message":"Using 'application/json', given [*/*] and supported [application/json, application/*+json, application/json, application/*+json]"}
{"@timestamp":"2025-12-01T20:09:59.981+05:30","level":"DEBUG","logger_name":"org.springframework.web.servlet.mvc.method.annotation.HttpEntityMethodProcessor","message":"Writing [ApiResponse(success=true, message=Stats retrieved successfully, data={completedBookings=0, totalCust (truncated)...]"}
{"@timestamp":"2025-12-01T20:09:59.982+05:30","level":"DEBUG","logger_name":"org.springframework.web.servlet.DispatcherServlet","message":"Completed 200 OK"}
{"@timestamp":"2025-12-01T20:10:21.268+05:30","level":"DEBUG","logger_name":"org.springframework.web.servlet.DispatcherServlet","message":"GET \"/api/stats/dashboard\", parameters={}"}
{"@timestamp":"2025-12-01T20:10:21.270+05:30","level":"DEBUG","logger_name":"org.springframework.web.servlet.DispatcherServlet","message":"GET \"/api/providers/featured?limit=6\", parameters={masked}"}
{"@timestamp":"2025-12-01T20:10:21.270+05:30","level":"DEBUG","logger_name":"org.springframework.web.servlet.mvc.method.annotation.RequestMappingHandlerMapping","message":"Mapped to com.bihar.seva.controller.StatsController#getDashboardStats()"}
{"@timestamp":"2025-12-01T20:10:21.270+05:30","level":"DEBUG","logger_name":"org.springframework.web.servlet.mvc.method.annotation.RequestMappingHandlerMapping","message":"Mapped to com.bihar.seva.controller.ProviderController#getFeaturedProviders(int)"}
{"@timestamp":"2025-12-01T20:10:21.275+05:30","level":"DEBUG","logger_name":"org.springframework.web.servlet.mvc.method.annotation.HttpEntityMethodProcessor","message":"Using 'application/json', given [*/*] and supported [application/json, application/*+json, application/json, application/*+json]"}
{"@timestamp":"2025-12-01T20:10:21.276+05:30","level":"DEBUG","logger_name":"org.springframework.web.servlet.mvc.method.annotation.HttpEntityMethodProcessor","message":"Writing [ApiResponse(success=true, message=Featured providers retrieved, data=[], error=null)]"}
{"@timestamp":"2025-12-01T20:10:21.277+05:30","level":"DEBUG","logger_name":"org.springframework.web.servlet.DispatcherServlet","message":"Completed 200 OK"}
{"@timestamp":"2025-12-01T20:10:21.283+05:30","level":"DEBUG","logger_name":"org.springframework.web.servlet.DispatcherServlet","message":"GET \"/api/providers/featured?limit=6\", parameters={masked}"}
{"@timestamp":"2025-12-01T20:10:21.283+05:30","level":"DEBUG","logger_name":"org.springframework.web.servlet.mvc.method.annotation.RequestMappingHandlerMapping","message":"Mapped to com.bihar.seva.controller.ProviderController#getFeaturedProviders(int)"}
{"@timestamp":"2025-12-01T20:10:21.289+05:30","level":"DEBUG","logger_name":"org.springframework.web.servlet.mvc.method.annotation.HttpEntityMethodProcessor","message":"Using 'application/json', given [*/*] and supported [application/json, application/*+json, application/json, application/*+json]"}
{"@timestamp":"2025-12-01T20:10:21.290+05:30","level":"DEBUG","logger_name":"org.springframework.web.servlet.mvc.method.annotation.HttpEntityMethodProcessor","message":"Writing [ApiResponse(success=true, message=Featured providers retrieved, data=[], error=null)]"}
{"@timestamp":"2025-12-01T20:10:21.297+05:30","level":"DEBUG","logger_name":"org.springframework.web.servlet.DispatcherServlet","message":"Completed 200 OK"}
{"@timestamp":"2025-12-01T20:10:21.304+05:30","level":"INFO","logger_name":"com.bihar.seva.service.StatsService","message":"Dashboard stats retrieved: 0 providers, 2 customers, 0 bookings"}
{"@timestamp":"2025-12-01T20:10:21.305+05:30","level":"DEBUG","logger_name":"org.springframework.web.servlet.mvc.method.annotation.HttpEntityMethodProcessor","message":"Using 'application/json', given [*/*] and supported [application/json, application/*+json, application/json, application/*+json]"}
{"@timestamp":"2025-12-01T20:10:21.305+05:30","level":"DEBUG","logger_name":"org.springframework.web.servlet.mvc.method.annotation.HttpEntityMethodProcessor","message":"Writing [ApiResponse(success=true, message=Stats retrieved successfully, data={completedBookings=0, totalCust (truncated)...]"}
{"@timestamp":"2025-12-01T20:10:21.307+05:30","level":"DEBUG","logger_name":"org.springframework.web.servlet.DispatcherServlet","message":"Completed 200 OK"}
{"@timestamp":"2025-12-01T20:10:21.313+05:30","level":"DEBUG","logger_name":"org.springframework.web.servlet.DispatcherServlet","message":"GET \"/api/stats/dashboard\", parameters={}"}
{"@timestamp":"2025-12-01T20:10:21.314+05:30","level":"DEBUG","logger_name":"org.springframework.web.servlet.mvc.method.annotation.RequestMappingHandlerMapping","message":"Mapped to com.bihar.seva.controller.StatsController#getDashboardStats()"}
{"@timestamp":"2025-12-01T20:10:21.349+05:30","level":"INFO","logger_name":"com.bihar.seva.service.StatsService","message":"Dashboard stats retrieved: 0 providers, 2 customers, 0 bookings"}
{"@timestamp":"2025-12-01T20:10:21.350+05:30","level":"DEBUG","logger_name":"org.springframework.web.servlet.mvc.method.annotation.HttpEntityMethodProcessor","message":"Using 'application/json', given [*/*] and supported [application/json, application/*+json, application/json, application/*+json]"}
{"@timestamp":"2025-12-01T20:10:21.351+05:30","level":"DEBUG","logger_name":"org.springframework.web.servlet.mvc.method.annotation.HttpEntityMethodProcessor","message":"Writing [ApiResponse(success=true, message=Stats retrieved successfully, data={completedBookings=0, totalCust (truncated)...]"}
{"@timestamp":"2025-12-01T20:10:21.352+05:30","level":"DEBUG","logger_name":"org.springframework.web.servlet.DispatcherServlet","message":"Completed 200 OK"}
{"@timestamp":"2025-12-01T20:10:50.428+05:30","level":"DEBUG","logger_name":"org.springframework.web.servlet.DispatcherServlet","message":"POST \"/api/auth/login\", parameters={}"}
{"@timestamp":"2025-12-01T20:10:50.432+05:30","level":"DEBUG","logger_name":"org.springframework.web.servlet.mvc.method.annotation.RequestMappingHandlerMapping","message":"Mapped to com.bihar.seva.controller.AuthController#loginUser(LoginRequestDTO)"}
{"@timestamp":"2025-12-01T20:10:50.452+05:30","level":"DEBUG","logger_name":"org.springframework.web.servlet.mvc.method.annotation.RequestResponseBodyMethodProcessor","message":"Read \"application/json;charset=UTF-8\" to [LoginRequestDTO(email=karodo7884@badfist.com, password=Abcd@123)]"}
{"@timestamp":"2025-12-01T20:10:50.504+05:30","level":"INFO","logger_name":"com.bihar.seva.service.AuthService","message":"Entering method: loginUser with parameters: [karodo7884@badfist.com]","method":"loginUser","requestId":"6a80a202","timestamp":"2025-12-01 20:10:50.493"}
{"@timestamp":"2025-12-01T20:10:50.504+05:30","level":"INFO","logger_name":"com.bihar.seva.service.AuthService","message":"\uD83D\uDD0D Login attempt - Email: karodo7884@badfist.com (normalized: karodo7884@badfist.com), Password length: 8","method":"loginUser","requestId":"6a80a202","timestamp":"2025-12-01 20:10:50.493"}
{"@timestamp":"2025-12-01T20:10:50.508+05:30","level":"INFO","logger_name":"com.bihar.seva.service.AuthService","message":"\uD83D\uDD0D Searching for user with email: karodo7884@badfist.com (also trying: karodo7884@badfist.com)","method":"loginUser","requestId":"6a80a202","timestamp":"2025-12-01 20:10:50.493"}
{"@timestamp":"2025-12-01T20:10:50.561+05:30","level":"INFO","logger_name":"com.bihar.seva.service.AuthService","message":"\uD83D\uDD0D Search results - Customer: false, Provider: false, Admin: false","method":"loginUser","requestId":"6a80a202","timestamp":"2025-12-01 20:10:50.493"}
{"@timestamp":"2025-12-01T20:10:50.561+05:30","level":"INFO","logger_name":"com.bihar.seva.service.AuthService","message":"\uD83D\uDD0D Checking legacy User collection for: karodo7884@badfist.com","method":"loginUser","requestId":"6a80a202","timestamp":"2025-12-01 20:10:50.493"}
{"@timestamp":"2025-12-01T20:10:50.581+05:30","level":"INFO","logger_name":"com.bihar.seva.service.AuthService","message":"\uD83D\uDD0D Legacy user found - ID: 89601cab-5712-48d8-8686-025ae8a071de, Has password: true","method":"loginUser","requestId":"6a80a202","timestamp":"2025-12-01 20:10:50.493"}
{"@timestamp":"2025-12-01T20:10:50.751+05:30","level":"INFO","logger_name":"com.bihar.seva.service.AuthService","message":"\uD83D\uDD0D Password match result for legacy user: true","method":"loginUser","requestId":"6a80a202","timestamp":"2025-12-01 20:10:50.493"}
{"@timestamp":"2025-12-01T20:10:50.751+05:30","level":"INFO","logger_name":"com.bihar.seva.service.AuthService","message":"✅ Legacy user login successful - ID: 89601cab-5712-48d8-8686-025ae8a071de","method":"loginUser","requestId":"6a80a202","timestamp":"2025-12-01 20:10:50.493"}
{"@timestamp":"2025-12-01T20:10:50.755+05:30","level":"INFO","logger_name":"com.bihar.seva.service.AuthService","message":"✅ User logged in successfully - Email: karodo7884@badfist.com, Role: PROVIDER, Collection: providers","method":"loginUser","requestId":"6a80a202","timestamp":"2025-12-01 20:10:50.493"}
{"@timestamp":"2025-12-01T20:10:50.755+05:30","level":"INFO","logger_name":"com.bihar.seva.service.AuthService","message":"Exiting method: loginUser with result: User logged in successfully","method":"loginUser","requestId":"6a80a202","timestamp":"2025-12-01 20:10:50.493"}
{"@timestamp":"2025-12-01T20:10:50.755+05:30","level":"DEBUG","logger_name":"org.springframework.web.servlet.mvc.method.annotation.HttpEntityMethodProcessor","message":"Using 'application/json', given [*/*] and supported [application/json, application/*+json, application/json, application/*+json]"}
{"@timestamp":"2025-12-01T20:10:50.759+05:30","level":"DEBUG","logger_name":"org.springframework.web.servlet.mvc.method.annotation.HttpEntityMethodProcessor","message":"Writing [ApiResponse(success=true, message=Login successful, data={role=PROVIDER, userType=PROVIDER, user=Use (truncated)...]"}
{"@timestamp":"2025-12-01T20:10:50.765+05:30","level":"DEBUG","logger_name":"org.springframework.web.servlet.DispatcherServlet","message":"Completed 200 OK"}
{"@timestamp":"2025-12-01T20:10:51.557+05:30","level":"DEBUG","logger_name":"org.springframework.web.servlet.DispatcherServlet","message":"GET \"/api/kyc/status/89601cab-5712-48d8-8686-025ae8a071de\", parameters={}"}
{"@timestamp":"2025-12-01T20:10:51.561+05:30","level":"DEBUG","logger_name":"org.springframework.web.servlet.mvc.method.annotation.RequestMappingHandlerMapping","message":"Mapped to com.bihar.seva.controller.KYCController#getKYCStatus(String)"}
{"@timestamp":"2025-12-01T20:10:51.563+05:30","level":"INFO","logger_name":"com.bihar.seva.controller.KYCController","message":"Fetching KYC status for userId: 89601cab-5712-48d8-8686-025ae8a071de"}
{"@timestamp":"2025-12-01T20:10:51.570+05:30","level":"WARN","logger_name":"com.bihar.seva.controller.KYCController","message":"No KYC found for userId: 89601cab-5712-48d8-8686-025ae8a071de"}
{"@timestamp":"2025-12-01T20:10:51.571+05:30","level":"DEBUG","logger_name":"org.springframework.web.servlet.DispatcherServlet","message":"GET \"/api/notifications/user/89601cab-5712-48d8-8686-025ae8a071de\", parameters={}"}
{"@timestamp":"2025-12-01T20:10:51.571+05:30","level":"DEBUG","logger_name":"org.springframework.web.servlet.mvc.method.annotation.HttpEntityMethodProcessor","message":"Using 'application/json', given [*/*] and supported [application/json, application/*+json, application/json, application/*+json]"}
{"@timestamp":"2025-12-01T20:10:51.571+05:30","level":"DEBUG","logger_name":"org.springframework.web.servlet.mvc.method.annotation.RequestMappingHandlerMapping","message":"Mapped to com.bihar.seva.controller.NotificationController#getUserNotifications(String)"}
{"@timestamp":"2025-12-01T20:10:51.572+05:30","level":"DEBUG","logger_name":"org.springframework.web.servlet.mvc.method.annotation.HttpEntityMethodProcessor","message":"Writing [ApiResponse(success=false, message=No KYC submitted yet, data=null, error=null)]"}
{"@timestamp":"2025-12-01T20:10:51.573+05:30","level":"DEBUG","logger_name":"org.springframework.web.servlet.DispatcherServlet","message":"Completed 200 OK"}
{"@timestamp":"2025-12-01T20:10:51.578+05:30","level":"DEBUG","logger_name":"org.springframework.web.servlet.DispatcherServlet","message":"GET \"/api/kyc/status/89601cab-5712-48d8-8686-025ae8a071de\", parameters={}"}
{"@timestamp":"2025-12-01T20:10:51.579+05:30","level":"DEBUG","logger_name":"org.springframework.web.servlet.mvc.method.annotation.RequestMappingHandlerMapping","message":"Mapped to com.bihar.seva.controller.KYCController#getKYCStatus(String)"}
{"@timestamp":"2025-12-01T20:10:51.580+05:30","level":"INFO","logger_name":"com.bihar.seva.controller.KYCController","message":"Fetching KYC status for userId: 89601cab-5712-48d8-8686-025ae8a071de"}
{"@timestamp":"2025-12-01T20:10:51.584+05:30","level":"WARN","logger_name":"com.bihar.seva.controller.KYCController","message":"No KYC found for userId: 89601cab-5712-48d8-8686-025ae8a071de"}
{"@timestamp":"2025-12-01T20:10:51.585+05:30","level":"DEBUG","logger_name":"org.springframework.web.servlet.mvc.method.annotation.HttpEntityMethodProcessor","message":"Using 'application/json', given [*/*] and supported [application/json, application/*+json, application/json, application/*+json]"}
{"@timestamp":"2025-12-01T20:10:51.586+05:30","level":"DEBUG","logger_name":"org.springframework.web.servlet.mvc.method.annotation.HttpEntityMethodProcessor","message":"Writing [ApiResponse(success=false, message=No KYC submitted yet, data=null, error=null)]"}
{"@timestamp":"2025-12-01T20:10:51.589+05:30","level":"DEBUG","logger_name":"org.springframework.web.servlet.DispatcherServlet","message":"Completed 200 OK"}
{"@timestamp":"2025-12-01T20:10:51.598+05:30","level":"DEBUG","logger_name":"org.springframework.web.servlet.mvc.method.annotation.HttpEntityMethodProcessor","message":"Using 'application/json', given [*/*] and supported [application/json, application/*+json, application/json, application/*+json]"}
{"@timestamp":"2025-12-01T20:10:51.598+05:30","level":"DEBUG","logger_name":"org.springframework.web.servlet.mvc.method.annotation.HttpEntityMethodProcessor","message":"Writing [ApiResponse(success=true, message=Notifications retrieved, data=[], error=null)]"}
{"@timestamp":"2025-12-01T20:10:51.601+05:30","level":"DEBUG","logger_name":"org.springframework.web.servlet.DispatcherServlet","message":"Completed 200 OK"}
{"@timestamp":"2025-12-01T20:10:51.609+05:30","level":"DEBUG","logger_name":"org.springframework.web.servlet.DispatcherServlet","message":"GET \"/api/notifications/user/89601cab-5712-48d8-8686-025ae8a071de\", parameters={}"}
{"@timestamp":"2025-12-01T20:10:51.610+05:30","level":"DEBUG","logger_name":"org.springframework.web.servlet.mvc.method.annotation.RequestMappingHandlerMapping","message":"Mapped to com.bihar.seva.controller.NotificationController#getUserNotifications(String)"}
{"@timestamp":"2025-12-01T20:10:51.617+05:30","level":"DEBUG","logger_name":"org.springframework.web.servlet.mvc.method.annotation.HttpEntityMethodProcessor","message":"Using 'application/json', given [*/*] and supported [application/json, application/*+json, application/json, application/*+json]"}
{"@timestamp":"2025-12-01T20:10:51.617+05:30","level":"DEBUG","logger_name":"org.springframework.web.servlet.mvc.method.annotation.HttpEntityMethodProcessor","message":"Writing [ApiResponse(success=true, message=Notifications retrieved, data=[], error=null)]"}
{"@timestamp":"2025-12-01T20:10:51.621+05:30","level":"DEBUG","logger_name":"org.springframework.web.servlet.DispatcherServlet","message":"Completed 200 OK"}
{"@timestamp":"2025-12-01T20:10:51.659+05:30","level":"DEBUG","logger_name":"org.springframework.web.servlet.DispatcherServlet","message":"GET \"/api/notifications/user/89601cab-5712-48d8-8686-025ae8a071de/unread-count\", parameters={}"}
{"@timestamp":"2025-12-01T20:10:51.659+05:30","level":"DEBUG","logger_name":"org.springframework.web.servlet.mvc.method.annotation.RequestMappingHandlerMapping","message":"Mapped to com.bihar.seva.controller.NotificationController#getUnreadCount(String)"}
{"@timestamp":"2025-12-01T20:10:51.677+05:30","level":"DEBUG","logger_name":"org.springframework.web.servlet.mvc.method.annotation.HttpEntityMethodProcessor","message":"Using 'application/json', given [*/*] and supported [application/json, application/*+json, application/json, application/*+json]"}
{"@timestamp":"2025-12-01T20:10:51.678+05:30","level":"DEBUG","logger_name":"org.springframework.web.servlet.mvc.method.annotation.HttpEntityMethodProcessor","message":"Writing [ApiResponse(success=true, message=Unread count retrieved, data=0, error=null)]"}
{"@timestamp":"2025-12-01T20:10:51.680+05:30","level":"DEBUG","logger_name":"org.springframework.web.servlet.DispatcherServlet","message":"Completed 200 OK"}
{"@timestamp":"2025-12-01T20:10:51.684+05:30","level":"DEBUG","logger_name":"org.springframework.web.servlet.DispatcherServlet","message":"GET \"/api/notifications/user/89601cab-5712-48d8-8686-025ae8a071de/unread-count\", parameters={}"}
{"@timestamp":"2025-12-01T20:10:51.686+05:30","level":"DEBUG","logger_name":"org.springframework.web.servlet.mvc.method.annotation.RequestMappingHandlerMapping","message":"Mapped to com.bihar.seva.controller.NotificationController#getUnreadCount(String)"}
{"@timestamp":"2025-12-01T20:10:51.692+05:30","level":"DEBUG","logger_name":"org.springframework.web.servlet.mvc.method.annotation.HttpEntityMethodProcessor","message":"Using 'application/json', given [*/*] and supported [application/json, application/*+json, application/json, application/*+json]"}
{"@timestamp":"2025-12-01T20:10:51.693+05:30","level":"DEBUG","logger_name":"org.springframework.web.servlet.mvc.method.annotation.HttpEntityMethodProcessor","message":"Writing [ApiResponse(success=true, message=Unread count retrieved, data=0, error=null)]"}
{"@timestamp":"2025-12-01T20:10:51.695+05:30","level":"DEBUG","logger_name":"org.springframework.web.servlet.DispatcherServlet","message":"Completed 200 OK"}
{"@timestamp":"2025-12-01T20:11:19.527+05:30","level":"DEBUG","logger_name":"org.springframework.web.servlet.DispatcherServlet","message":"GET \"/api/files/serve?filePath=uploads%2Fprofile-photos%2F6094a29a-6080-4165-96c3-4806217071aa.jpg\", parameters={masked}","method":"logoutUser","requestId":"3ccbcd68","timestamp":"2025-11-30 20:58:56.028"}
{"@timestamp":"2025-12-01T20:11:19.529+05:30","level":"DEBUG","logger_name":"org.springframework.web.servlet.mvc.method.annotation.RequestMappingHandlerMapping","message":"Mapped to com.bihar.seva.controller.FileController#serveFile(String)","method":"logoutUser","requestId":"3ccbcd68","timestamp":"2025-11-30 20:58:56.028"}
{"@timestamp":"2025-12-01T20:11:19.529+05:30","level":"DEBUG","logger_name":"com.bihar.seva.controller.FileController","message":"Serving file - Original: uploads/profile-photos/6094a29a-6080-4165-96c3-4806217071aa.jpg, Decoded: uploads/profile-photos/6094a29a-6080-4165-96c3-4806217071aa.jpg, Normalized: uploads/profile-photos/6094a29a-6080-4165-96c3-4806217071aa.jpg","method":"logoutUser","requestId":"3ccbcd68","timestamp":"2025-11-30 20:58:56.028"}
{"@timestamp":"2025-12-01T20:11:19.540+05:30","level":"DEBUG","logger_name":"org.springframework.web.servlet.mvc.method.annotation.HttpEntityMethodProcessor","message":"Found 'Content-Type:image/jpeg' in response","method":"logoutUser","requestId":"3ccbcd68","timestamp":"2025-11-30 20:58:56.028"}
{"@timestamp":"2025-12-01T20:11:19.542+05:30","level":"DEBUG","logger_name":"org.springframework.web.servlet.mvc.method.annotation.HttpEntityMethodProcessor","message":"Writing [{-1, -40, -1, -32, 0, 16, 74, 70, 73, 70, 0, 1, 1, 0, 0, 1, 0, 1, 0, 0, -1, -30, 1, -40, 73, 67, 67, (truncated)...]","method":"logoutUser","requestId":"3ccbcd68","timestamp":"2025-11-30 20:58:56.028"}
{"@timestamp":"2025-12-01T20:11:19.543+05:30","level":"DEBUG","logger_name":"org.springframework.web.servlet.DispatcherServlet","message":"Completed 200 OK","method":"logoutUser","requestId":"3ccbcd68","timestamp":"2025-11-30 20:58:56.028"}
{"@timestamp":"2025-12-01T20:11:33.752+05:30","level":"DEBUG","logger_name":"org.springframework.web.servlet.DispatcherServlet","message":"POST \"/api/users/89601cab-5712-48d8-8686-025ae8a071de/upload-photo\", parameters={multipart}","method":"uploadProfilePhoto","requestId":"407e23b2","timestamp":"2025-11-30 20:58:47.727"}
{"@timestamp":"2025-12-01T20:11:33.773+05:30","level":"DEBUG","logger_name":"org.springframework.web.servlet.mvc.method.annotation.RequestMappingHandlerMapping","message":"Mapped to com.bihar.seva.controller.UserController#uploadPhoto(String, MultipartFile)","method":"uploadProfilePhoto","requestId":"407e23b2","timestamp":"2025-11-30 20:58:47.727"}
{"@timestamp":"2025-12-01T20:11:33.775+05:30","level":"INFO","logger_name":"com.bihar.seva.service.UserService","message":"Entering method: uploadProfilePhoto with parameters: [89601cab-5712-48d8-8686-025ae8a071de]","method":"uploadProfilePhoto","requestId":"c9ad3adf","timestamp":"2025-12-01 20:11:33.774"}
{"@timestamp":"2025-12-01T20:11:33.869+05:30","level":"INFO","logger_name":"com.bihar.seva.service.UserService","message":"✅ Profile photo uploaded successfully for user (legacy): 89601cab-5712-48d8-8686-025ae8a071de - URL: http://localhost:8080/api/files/serve?filePath=uploads%2Fprofile-photos%2F65fb8469-bd85-41d4-8693-87a0822c89e1.jpg","method":"uploadProfilePhoto","requestId":"c9ad3adf","timestamp":"2025-12-01 20:11:33.774"}
{"@timestamp":"2025-12-01T20:11:33.872+05:30","level":"DEBUG","logger_name":"org.springframework.web.servlet.mvc.method.annotation.HttpEntityMethodProcessor","message":"Using 'application/json', given [*/*] and supported [application/json, application/*+json, application/json, application/*+json]","method":"uploadProfilePhoto","requestId":"c9ad3adf","timestamp":"2025-12-01 20:11:33.774"}
{"@timestamp":"2025-12-01T20:11:33.876+05:30","level":"DEBUG","logger_name":"org.springframework.web.servlet.mvc.method.annotation.HttpEntityMethodProcessor","message":"Writing [ApiResponse(success=true, message=Profile photo uploaded successfully, data=User(id=89601cab-5712-48 (truncated)...]","method":"uploadProfilePhoto","requestId":"c9ad3adf","timestamp":"2025-12-01 20:11:33.774"}
{"@timestamp":"2025-12-01T20:11:33.880+05:30","level":"DEBUG","logger_name":"org.springframework.web.servlet.DispatcherServlet","message":"Completed 200 OK","method":"uploadProfilePhoto","requestId":"c9ad3adf","timestamp":"2025-12-01 20:11:33.774"}
{"@timestamp":"2025-12-01T20:11:33.903+05:30","level":"DEBUG","logger_name":"org.springframework.web.servlet.DispatcherServlet","message":"GET \"/api/users/89601cab-5712-48d8-8686-025ae8a071de\", parameters={}"}
{"@timestamp":"2025-12-01T20:11:33.904+05:30","level":"DEBUG","logger_name":"org.springframework.web.servlet.mvc.method.annotation.RequestMappingHandlerMapping","message":"Mapped to com.bihar.seva.controller.UserController#getUserById(String)"}
{"@timestamp":"2025-12-01T20:11:33.906+05:30","level":"INFO","logger_name":"com.bihar.seva.service.UserService","message":"Entering method: findById with parameters: [89601cab-5712-48d8-8686-025ae8a071de]","method":"findById","requestId":"f2c88e73","timestamp":"2025-12-01 20:11:33.906"}
{"@timestamp":"2025-12-01T20:11:33.918+05:30","level":"INFO","logger_name":"com.bihar.seva.service.UserService","message":"Database Operation: FIND_BY_ID on collection: users with ID: 89601cab-5712-48d8-8686-025ae8a071de - Result: FOUND","logType":"DATABASE","method":"findById","requestId":"0b04a1e6","documentId":"89601cab-5712-48d8-8686-025ae8a071de","collection":"users","operation":"FIND_BY_ID","timestamp":"2025-12-01 20:11:33.917"}
{"@timestamp":"2025-12-01T20:11:33.919+05:30","level":"INFO","logger_name":"com.bihar.seva.service.UserService","message":"Exiting method: findById with result: User found"}
{"@timestamp":"2025-12-01T20:11:33.920+05:30","level":"DEBUG","logger_name":"org.springframework.web.servlet.mvc.method.annotation.HttpEntityMethodProcessor","message":"Using 'application/json', given [*/*] and supported [application/json, application/*+json, application/json, application/*+json]"}
{"@timestamp":"2025-12-01T20:11:33.921+05:30","level":"DEBUG","logger_name":"org.springframework.web.servlet.mvc.method.annotation.HttpEntityMethodProcessor","message":"Writing [ApiResponse(success=true, message=User retrieved successfully, data=User(id=89601cab-5712-48d8-8686- (truncated)...]"}
{"@timestamp":"2025-12-01T20:11:33.925+05:30","level":"DEBUG","logger_name":"org.springframework.web.servlet.DispatcherServlet","message":"Completed 200 OK"}
{"@timestamp":"2025-12-01T20:11:33.956+05:30","level":"DEBUG","logger_name":"org.springframework.web.servlet.DispatcherServlet","message":"GET \"/api/files/serve?filePath=uploads%2Fprofile-photos%2F65fb8469-bd85-41d4-8693-87a0822c89e1.jpg\", parameters={masked}"}
{"@timestamp":"2025-12-01T20:11:33.959+05:30","level":"DEBUG","logger_name":"org.springframework.web.servlet.mvc.method.annotation.RequestMappingHandlerMapping","message":"Mapped to com.bihar.seva.controller.FileController#serveFile(String)"}
{"@timestamp":"2025-12-01T20:11:33.961+05:30","level":"DEBUG","logger_name":"com.bihar.seva.controller.FileController","message":"Serving file - Original: uploads/profile-photos/65fb8469-bd85-41d4-8693-87a0822c89e1.jpg, Decoded: uploads/profile-photos/65fb8469-bd85-41d4-8693-87a0822c89e1.jpg, Normalized: uploads/profile-photos/65fb8469-bd85-41d4-8693-87a0822c89e1.jpg"}
{"@timestamp":"2025-12-01T20:11:33.994+05:30","level":"DEBUG","logger_name":"org.springframework.web.servlet.mvc.method.annotation.HttpEntityMethodProcessor","message":"Found 'Content-Type:image/jpeg' in response"}
{"@timestamp":"2025-12-01T20:11:34.022+05:30","level":"DEBUG","logger_name":"org.springframework.web.servlet.mvc.method.annotation.HttpEntityMethodProcessor","message":"Writing [{-1, -40, -1, -32, 0, 16, 74, 70, 73, 70, 0, 1, 1, 0, 0, 1, 0, 1, 0, 0, -1, -30, 1, -40, 73, 67, 67, (truncated)...]"}
{"@timestamp":"2025-12-01T20:11:34.024+05:30","level":"DEBUG","logger_name":"org.springframework.web.servlet.DispatcherServlet","message":"Completed 200 OK"}
{"@timestamp":"2025-12-01T20:12:27.502+05:30","level":"DEBUG","logger_name":"org.springframework.web.servlet.DispatcherServlet","message":"GET \"/api/stats/dashboard\", parameters={}"}
{"@timestamp":"2025-12-01T20:12:27.502+05:30","level":"DEBUG","logger_name":"org.springframework.web.servlet.DispatcherServlet","message":"GET \"/api/providers/featured?limit=6\", parameters={masked}"}
{"@timestamp":"2025-12-01T20:12:27.502+05:30","level":"DEBUG","logger_name":"org.springframework.web.servlet.mvc.method.annotation.RequestMappingHandlerMapping","message":"Mapped to com.bihar.seva.controller.StatsController#getDashboardStats()"}
{"@timestamp":"2025-12-01T20:12:27.503+05:30","level":"DEBUG","logger_name":"org.springframework.web.servlet.mvc.method.annotation.RequestMappingHandlerMapping","message":"Mapped to com.bihar.seva.controller.ProviderController#getFeaturedProviders(int)"}
{"@timestamp":"2025-12-01T20:12:27.508+05:30","level":"DEBUG","logger_name":"org.springframework.web.servlet.mvc.method.annotation.HttpEntityMethodProcessor","message":"Using 'application/json', given [*/*] and supported [application/json, application/*+json, application/json, application/*+json]"}
{"@timestamp":"2025-12-01T20:12:27.508+05:30","level":"DEBUG","logger_name":"org.springframework.web.servlet.mvc.method.annotation.HttpEntityMethodProcessor","message":"Writing [ApiResponse(success=true, message=Featured providers retrieved, data=[], error=null)]"}
{"@timestamp":"2025-12-01T20:12:27.510+05:30","level":"DEBUG","logger_name":"org.springframework.web.servlet.DispatcherServlet","message":"Completed 200 OK"}
{"@timestamp":"2025-12-01T20:12:27.515+05:30","level":"DEBUG","logger_name":"org.springframework.web.servlet.DispatcherServlet","message":"GET \"/api/providers/featured?limit=6\", parameters={masked}","method":"logoutUser","requestId":"3ccbcd68","timestamp":"2025-11-30 20:58:56.028"}
{"@timestamp":"2025-12-01T20:12:27.516+05:30","level":"DEBUG","logger_name":"org.springframework.web.servlet.mvc.method.annotation.RequestMappingHandlerMapping","message":"Mapped to com.bihar.seva.controller.ProviderController#getFeaturedProviders(int)","method":"logoutUser","requestId":"3ccbcd68","timestamp":"2025-11-30 20:58:56.028"}
{"@timestamp":"2025-12-01T20:12:27.524+05:30","level":"DEBUG","logger_name":"org.springframework.web.servlet.mvc.method.annotation.HttpEntityMethodProcessor","message":"Using 'application/json', given [*/*] and supported [application/json, application/*+json, application/json, application/*+json]","method":"logoutUser","requestId":"3ccbcd68","timestamp":"2025-11-30 20:58:56.028"}
{"@timestamp":"2025-12-01T20:12:27.526+05:30","level":"DEBUG","logger_name":"org.springframework.web.servlet.mvc.method.annotation.HttpEntityMethodProcessor","message":"Writing [ApiResponse(success=true, message=Featured providers retrieved, data=[], error=null)]","method":"logoutUser","requestId":"3ccbcd68","timestamp":"2025-11-30 20:58:56.028"}
{"@timestamp":"2025-12-01T20:12:27.528+05:30","level":"DEBUG","logger_name":"org.springframework.web.servlet.DispatcherServlet","message":"Completed 200 OK","method":"logoutUser","requestId":"3ccbcd68","timestamp":"2025-11-30 20:58:56.028"}
{"@timestamp":"2025-12-01T20:12:27.539+05:30","level":"INFO","logger_name":"com.bihar.seva.service.StatsService","message":"Dashboard stats retrieved: 0 providers, 2 customers, 0 bookings"}
{"@timestamp":"2025-12-01T20:12:27.540+05:30","level":"DEBUG","logger_name":"org.springframework.web.servlet.mvc.method.annotation.HttpEntityMethodProcessor","message":"Using 'application/json', given [*/*] and supported [application/json, application/*+json, application/json, application/*+json]"}
{"@timestamp":"2025-12-01T20:12:27.541+05:30","level":"DEBUG","logger_name":"org.springframework.web.servlet.mvc.method.annotation.HttpEntityMethodProcessor","message":"Writing [ApiResponse(success=true, message=Stats retrieved successfully, data={completedBookings=0, totalCust (truncated)...]"}
{"@timestamp":"2025-12-01T20:12:27.542+05:30","level":"DEBUG","logger_name":"org.springframework.web.servlet.DispatcherServlet","message":"Completed 200 OK"}
{"@timestamp":"2025-12-01T20:12:27.545+05:30","level":"DEBUG","logger_name":"org.springframework.web.servlet.DispatcherServlet","message":"GET \"/api/stats/dashboard\", parameters={}"}
{"@timestamp":"2025-12-01T20:12:27.545+05:30","level":"DEBUG","logger_name":"org.springframework.web.servlet.mvc.method.annotation.RequestMappingHandlerMapping","message":"Mapped to com.bihar.seva.controller.StatsController#getDashboardStats()"}
{"@timestamp":"2025-12-01T20:12:27.575+05:30","level":"INFO","logger_name":"com.bihar.seva.service.StatsService","message":"Dashboard stats retrieved: 0 providers, 2 customers, 0 bookings"}
{"@timestamp":"2025-12-01T20:12:27.576+05:30","level":"DEBUG","logger_name":"org.springframework.web.servlet.mvc.method.annotation.HttpEntityMethodProcessor","message":"Using 'application/json', given [*/*] and supported [application/json, application/*+json, application/json, application/*+json]"}
{"@timestamp":"2025-12-01T20:12:27.576+05:30","level":"DEBUG","logger_name":"org.springframework.web.servlet.mvc.method.annotation.HttpEntityMethodProcessor","message":"Writing [ApiResponse(success=true, message=Stats retrieved successfully, data={completedBookings=0, totalCust (truncated)...]"}
{"@timestamp":"2025-12-01T20:12:27.577+05:30","level":"DEBUG","logger_name":"org.springframework.web.servlet.DispatcherServlet","message":"Completed 200 OK"}
{"@timestamp":"2025-12-01T20:12:30.486+05:30","level":"DEBUG","logger_name":"org.springframework.web.servlet.DispatcherServlet","message":"GET \"/api/notifications/user/89601cab-5712-48d8-8686-025ae8a071de\", parameters={}"}
{"@timestamp":"2025-12-01T20:12:30.486+05:30","level":"DEBUG","logger_name":"org.springframework.web.servlet.mvc.method.annotation.RequestMappingHandlerMapping","message":"Mapped to com.bihar.seva.controller.NotificationController#getUserNotifications(String)"}
{"@timestamp":"2025-12-01T20:12:30.487+05:30","level":"DEBUG","logger_name":"org.springframework.web.servlet.DispatcherServlet","message":"GET \"/api/kyc/status/89601cab-5712-48d8-8686-025ae8a071de\", parameters={}"}
{"@timestamp":"2025-12-01T20:12:30.488+05:30","level":"DEBUG","logger_name":"org.springframework.web.servlet.mvc.method.annotation.RequestMappingHandlerMapping","message":"Mapped to com.bihar.seva.controller.KYCController#getKYCStatus(String)"}
{"@timestamp":"2025-12-01T20:12:30.489+05:30","level":"INFO","logger_name":"com.bihar.seva.controller.KYCController","message":"Fetching KYC status for userId: 89601cab-5712-48d8-8686-025ae8a071de"}
{"@timestamp":"2025-12-01T20:12:30.494+05:30","level":"DEBUG","logger_name":"org.springframework.web.servlet.mvc.method.annotation.HttpEntityMethodProcessor","message":"Using 'application/json', given [*/*] and supported [application/json, application/*+json, application/json, application/*+json]"}
{"@timestamp":"2025-12-01T20:12:30.494+05:30","level":"WARN","logger_name":"com.bihar.seva.controller.KYCController","message":"No KYC found for userId: 89601cab-5712-48d8-8686-025ae8a071de"}
{"@timestamp":"2025-12-01T20:12:30.494+05:30","level":"DEBUG","logger_name":"org.springframework.web.servlet.mvc.method.annotation.HttpEntityMethodProcessor","message":"Writing [ApiResponse(success=true, message=Notifications retrieved, data=[], error=null)]"}
{"@timestamp":"2025-12-01T20:12:30.495+05:30","level":"DEBUG","logger_name":"org.springframework.web.servlet.mvc.method.annotation.HttpEntityMethodProcessor","message":"Using 'application/json', given [*/*] and supported [application/json, application/*+json, application/json, application/*+json]"}
{"@timestamp":"2025-12-01T20:12:30.495+05:30","level":"DEBUG","logger_name":"org.springframework.web.servlet.mvc.method.annotation.HttpEntityMethodProcessor","message":"Writing [ApiResponse(success=false, message=No KYC submitted yet, data=null, error=null)]"}
{"@timestamp":"2025-12-01T20:12:30.496+05:30","level":"DEBUG","logger_name":"org.springframework.web.servlet.DispatcherServlet","message":"Completed 200 OK"}
{"@timestamp":"2025-12-01T20:12:30.497+05:30","level":"DEBUG","logger_name":"org.springframework.web.servlet.DispatcherServlet","message":"Completed 200 OK"}
{"@timestamp":"2025-12-01T20:12:30.500+05:30","level":"DEBUG","logger_name":"org.springframework.web.servlet.DispatcherServlet","message":"GET \"/api/notifications/user/89601cab-5712-48d8-8686-025ae8a071de\", parameters={}"}
{"@timestamp":"2025-12-01T20:12:30.500+05:30","level":"DEBUG","logger_name":"org.springframework.web.servlet.DispatcherServlet","message":"GET \"/api/kyc/status/89601cab-5712-48d8-8686-025ae8a071de\", parameters={}","method":"logoutUser","requestId":"3ccbcd68","timestamp":"2025-11-30 20:58:56.028"}
{"@timestamp":"2025-12-01T20:12:30.501+05:30","level":"DEBUG","logger_name":"org.springframework.web.servlet.mvc.method.annotation.RequestMappingHandlerMapping","message":"Mapped to com.bihar.seva.controller.NotificationController#getUserNotifications(String)"}
{"@timestamp":"2025-12-01T20:12:30.501+05:30","level":"DEBUG","logger_name":"org.springframework.web.servlet.mvc.method.annotation.RequestMappingHandlerMapping","message":"Mapped to com.bihar.seva.controller.KYCController#getKYCStatus(String)","method":"logoutUser","requestId":"3ccbcd68","timestamp":"2025-11-30 20:58:56.028"}
{"@timestamp":"2025-12-01T20:12:30.502+05:30","level":"INFO","logger_name":"com.bihar.seva.controller.KYCController","message":"Fetching KYC status for userId: 89601cab-5712-48d8-8686-025ae8a071de","method":"logoutUser","requestId":"3ccbcd68","timestamp":"2025-11-30 20:58:56.028"}
{"@timestamp":"2025-12-01T20:12:30.505+05:30","level":"WARN","logger_name":"com.bihar.seva.controller.KYCController","message":"No KYC found for userId: 89601cab-5712-48d8-8686-025ae8a071de","method":"logoutUser","requestId":"3ccbcd68","timestamp":"2025-11-30 20:58:56.028"}
{"@timestamp":"2025-12-01T20:12:30.506+05:30","level":"DEBUG","logger_name":"org.springframework.web.servlet.mvc.method.annotation.HttpEntityMethodProcessor","message":"Using 'application/json', given [*/*] and supported [application/json, application/*+json, application/json, application/*+json]"}
{"@timestamp":"2025-12-01T20:12:30.506+05:30","level":"DEBUG","logger_name":"org.springframework.web.servlet.mvc.method.annotation.HttpEntityMethodProcessor","message":"Writing [ApiResponse(success=true, message=Notifications retrieved, data=[], error=null)]"}
{"@timestamp":"2025-12-01T20:12:30.506+05:30","level":"DEBUG","logger_name":"org.springframework.web.servlet.mvc.method.annotation.HttpEntityMethodProcessor","message":"Using 'application/json', given [*/*] and supported [application/json, application/*+json, application/json, application/*+json]","method":"logoutUser","requestId":"3ccbcd68","timestamp":"2025-11-30 20:58:56.028"}
{"@timestamp":"2025-12-01T20:12:30.506+05:30","level":"DEBUG","logger_name":"org.springframework.web.servlet.mvc.method.annotation.HttpEntityMethodProcessor","message":"Writing [ApiResponse(success=false, message=No KYC submitted yet, data=null, error=null)]","method":"logoutUser","requestId":"3ccbcd68","timestamp":"2025-11-30 20:58:56.028"}
{"@timestamp":"2025-12-01T20:12:30.508+05:30","level":"DEBUG","logger_name":"org.springframework.web.servlet.DispatcherServlet","message":"Completed 200 OK","method":"logoutUser","requestId":"3ccbcd68","timestamp":"2025-11-30 20:58:56.028"}
{"@timestamp":"2025-12-01T20:12:30.508+05:30","level":"DEBUG","logger_name":"org.springframework.web.servlet.DispatcherServlet","message":"Completed 200 OK"}
{"@timestamp":"2025-12-01T20:12:30.527+05:30","level":"DEBUG","logger_name":"org.springframework.web.servlet.DispatcherServlet","message":"GET \"/api/notifications/user/89601cab-5712-48d8-8686-025ae8a071de/unread-count\", parameters={}"}
{"@timestamp":"2025-12-01T20:12:30.527+05:30","level":"DEBUG","logger_name":"org.springframework.web.servlet.mvc.method.annotation.RequestMappingHandlerMapping","message":"Mapped to com.bihar.seva.controller.NotificationController#getUnreadCount(String)"}
{"@timestamp":"2025-12-01T20:12:30.532+05:30","level":"DEBUG","logger_name":"org.springframework.web.servlet.mvc.method.annotation.HttpEntityMethodProcessor","message":"Using 'application/json', given [*/*] and supported [application/json, application/*+json, application/json, application/*+json]"}
{"@timestamp":"2025-12-01T20:12:30.532+05:30","level":"DEBUG","logger_name":"org.springframework.web.servlet.mvc.method.annotation.HttpEntityMethodProcessor","message":"Writing [ApiResponse(success=true, message=Unread count retrieved, data=0, error=null)]"}
{"@timestamp":"2025-12-01T20:12:30.534+05:30","level":"DEBUG","logger_name":"org.springframework.web.servlet.DispatcherServlet","message":"Completed 200 OK"}
{"@timestamp":"2025-12-01T20:12:30.538+05:30","level":"DEBUG","logger_name":"org.springframework.web.servlet.DispatcherServlet","message":"GET \"/api/notifications/user/89601cab-5712-48d8-8686-025ae8a071de/unread-count\", parameters={}"}
{"@timestamp":"2025-12-01T20:12:30.539+05:30","level":"DEBUG","logger_name":"org.springframework.web.servlet.mvc.method.annotation.RequestMappingHandlerMapping","message":"Mapped to com.bihar.seva.controller.NotificationController#getUnreadCount(String)"}
{"@timestamp":"2025-12-01T20:12:30.546+05:30","level":"DEBUG","logger_name":"org.springframework.web.servlet.mvc.method.annotation.HttpEntityMethodProcessor","message":"Using 'application/json', given [*/*] and supported [application/json, application/*+json, application/json, application/*+json]"}
{"@timestamp":"2025-12-01T20:12:30.546+05:30","level":"DEBUG","logger_name":"org.springframework.web.servlet.mvc.method.annotation.HttpEntityMethodProcessor","message":"Writing [ApiResponse(success=true, message=Unread count retrieved, data=0, error=null)]"}
{"@timestamp":"2025-12-01T20:12:30.547+05:30","level":"DEBUG","logger_name":"org.springframework.web.servlet.DispatcherServlet","message":"Completed 200 OK"}
{"@timestamp":"2025-12-01T20:12:38.412+05:30","level":"DEBUG","logger_name":"org.springframework.web.servlet.DispatcherServlet","message":"GET \"/api/notifications/user/89601cab-5712-48d8-8686-025ae8a071de\", parameters={}"}
{"@timestamp":"2025-12-01T20:12:38.413+05:30","level":"DEBUG","logger_name":"org.springframework.web.servlet.mvc.method.annotation.RequestMappingHandlerMapping","message":"Mapped to com.bihar.seva.controller.NotificationController#getUserNotifications(String)"}
{"@timestamp":"2025-12-01T20:12:38.415+05:30","level":"DEBUG","logger_name":"org.springframework.web.servlet.DispatcherServlet","message":"GET \"/api/kyc/status/89601cab-5712-48d8-8686-025ae8a071de\", parameters={}"}
{"@timestamp":"2025-12-01T20:12:38.416+05:30","level":"DEBUG","logger_name":"org.springframework.web.servlet.mvc.method.annotation.RequestMappingHandlerMapping","message":"Mapped to com.bihar.seva.controller.KYCController#getKYCStatus(String)"}
{"@timestamp":"2025-12-01T20:12:38.416+05:30","level":"INFO","logger_name":"com.bihar.seva.controller.KYCController","message":"Fetching KYC status for userId: 89601cab-5712-48d8-8686-025ae8a071de"}
{"@timestamp":"2025-12-01T20:12:38.420+05:30","level":"DEBUG","logger_name":"org.springframework.web.servlet.mvc.method.annotation.HttpEntityMethodProcessor","message":"Using 'application/json', given [*/*] and supported [application/json, application/*+json, application/json, application/*+json]"}
{"@timestamp":"2025-12-01T20:12:38.420+05:30","level":"DEBUG","logger_name":"org.springframework.web.servlet.mvc.method.annotation.HttpEntityMethodProcessor","message":"Writing [ApiResponse(success=true, message=Notifications retrieved, data=[], error=null)]"}
{"@timestamp":"2025-12-01T20:12:38.421+05:30","level":"WARN","logger_name":"com.bihar.seva.controller.KYCController","message":"No KYC found for userId: 89601cab-5712-48d8-8686-025ae8a071de"}
{"@timestamp":"2025-12-01T20:12:38.421+05:30","level":"DEBUG","logger_name":"org.springframework.web.servlet.DispatcherServlet","message":"Completed 200 OK"}
{"@timestamp":"2025-12-01T20:12:38.421+05:30","level":"DEBUG","logger_name":"org.springframework.web.servlet.mvc.method.annotation.HttpEntityMethodProcessor","message":"Using 'application/json', given [*/*] and supported [application/json, application/*+json, application/json, application/*+json]"}
{"@timestamp":"2025-12-01T20:12:38.422+05:30","level":"DEBUG","logger_name":"org.springframework.web.servlet.mvc.method.annotation.HttpEntityMethodProcessor","message":"Writing [ApiResponse(success=false, message=No KYC submitted yet, data=null, error=null)]"}
{"@timestamp":"2025-12-01T20:12:38.423+05:30","level":"DEBUG","logger_name":"org.springframework.web.servlet.DispatcherServlet","message":"Completed 200 OK"}
{"@timestamp":"2025-12-01T20:12:38.424+05:30","level":"DEBUG","logger_name":"org.springframework.web.servlet.DispatcherServlet","message":"GET \"/api/notifications/user/89601cab-5712-48d8-8686-025ae8a071de\", parameters={}"}
{"@timestamp":"2025-12-01T20:12:38.425+05:30","level":"DEBUG","logger_name":"org.springframework.web.servlet.DispatcherServlet","message":"GET \"/api/kyc/status/89601cab-5712-48d8-8686-025ae8a071de\", parameters={}"}
{"@timestamp":"2025-12-01T20:12:38.425+05:30","level":"DEBUG","logger_name":"org.springframework.web.servlet.mvc.method.annotation.RequestMappingHandlerMapping","message":"Mapped to com.bihar.seva.controller.NotificationController#getUserNotifications(String)"}
{"@timestamp":"2025-12-01T20:12:38.425+05:30","level":"DEBUG","logger_name":"org.springframework.web.servlet.mvc.method.annotation.RequestMappingHandlerMapping","message":"Mapped to com.bihar.seva.controller.KYCController#getKYCStatus(String)"}
{"@timestamp":"2025-12-01T20:12:38.426+05:30","level":"INFO","logger_name":"com.bihar.seva.controller.KYCController","message":"Fetching KYC status for userId: 89601cab-5712-48d8-8686-025ae8a071de"}
{"@timestamp":"2025-12-01T20:12:38.430+05:30","level":"WARN","logger_name":"com.bihar.seva.controller.KYCController","message":"No KYC found for userId: 89601cab-5712-48d8-8686-025ae8a071de"}
{"@timestamp":"2025-12-01T20:12:38.431+05:30","level":"DEBUG","logger_name":"org.springframework.web.servlet.mvc.method.annotation.HttpEntityMethodProcessor","message":"Using 'application/json', given [*/*] and supported [application/json, application/*+json, application/json, application/*+json]"}
{"@timestamp":"2025-12-01T20:12:38.431+05:30","level":"DEBUG","logger_name":"org.springframework.web.servlet.mvc.method.annotation.HttpEntityMethodProcessor","message":"Using 'application/json', given [*/*] and supported [application/json, application/*+json, application/json, application/*+json]"}
{"@timestamp":"2025-12-01T20:12:38.431+05:30","level":"DEBUG","logger_name":"org.springframework.web.servlet.mvc.method.annotation.HttpEntityMethodProcessor","message":"Writing [ApiResponse(success=true, message=Notifications retrieved, data=[], error=null)]"}
{"@timestamp":"2025-12-01T20:12:38.431+05:30","level":"DEBUG","logger_name":"org.springframework.web.servlet.mvc.method.annotation.HttpEntityMethodProcessor","message":"Writing [ApiResponse(success=false, message=No KYC submitted yet, data=null, error=null)]"}
{"@timestamp":"2025-12-01T20:12:38.432+05:30","level":"DEBUG","logger_name":"org.springframework.web.servlet.DispatcherServlet","message":"Completed 200 OK"}
{"@timestamp":"2025-12-01T20:12:38.432+05:30","level":"DEBUG","logger_name":"org.springframework.web.servlet.DispatcherServlet","message":"Completed 200 OK"}
{"@timestamp":"2025-12-01T20:12:38.456+05:30","level":"DEBUG","logger_name":"org.springframework.web.servlet.DispatcherServlet","message":"GET \"/api/notifications/user/89601cab-5712-48d8-8686-025ae8a071de/unread-count\", parameters={}"}
{"@timestamp":"2025-12-01T20:12:38.457+05:30","level":"DEBUG","logger_name":"org.springframework.web.servlet.mvc.method.annotation.RequestMappingHandlerMapping","message":"Mapped to com.bihar.seva.controller.NotificationController#getUnreadCount(String)"}
{"@timestamp":"2025-12-01T20:12:38.464+05:30","level":"DEBUG","logger_name":"org.springframework.web.servlet.mvc.method.annotation.HttpEntityMethodProcessor","message":"Using 'application/json', given [*/*] and supported [application/json, application/*+json, application/json, application/*+json]"}
{"@timestamp":"2025-12-01T20:12:38.464+05:30","level":"DEBUG","logger_name":"org.springframework.web.servlet.mvc.method.annotation.HttpEntityMethodProcessor","message":"Writing [ApiResponse(success=true, message=Unread count retrieved, data=0, error=null)]"}
{"@timestamp":"2025-12-01T20:12:38.465+05:30","level":"DEBUG","logger_name":"org.springframework.web.servlet.DispatcherServlet","message":"Completed 200 OK"}
{"@timestamp":"2025-12-01T20:12:38.468+05:30","level":"DEBUG","logger_name":"org.springframework.web.servlet.DispatcherServlet","message":"GET \"/api/notifications/user/89601cab-5712-48d8-8686-025ae8a071de/unread-count\", parameters={}"}
{"@timestamp":"2025-12-01T20:12:38.468+05:30","level":"DEBUG","logger_name":"org.springframework.web.servlet.mvc.method.annotation.RequestMappingHandlerMapping","message":"Mapped to com.bihar.seva.controller.NotificationController#getUnreadCount(String)"}
{"@timestamp":"2025-12-01T20:12:38.475+05:30","level":"DEBUG","logger_name":"org.springframework.web.servlet.mvc.method.annotation.HttpEntityMethodProcessor","message":"Using 'application/json', given [*/*] and supported [application/json, application/*+json, application/json, application/*+json]"}
{"@timestamp":"2025-12-01T20:12:38.476+05:30","level":"DEBUG","logger_name":"org.springframework.web.servlet.mvc.method.annotation.HttpEntityMethodProcessor","message":"Writing [ApiResponse(success=true, message=Unread count retrieved, data=0, error=null)]"}
{"@timestamp":"2025-12-01T20:12:38.477+05:30","level":"DEBUG","logger_name":"org.springframework.web.servlet.DispatcherServlet","message":"Completed 200 OK"}
{"@timestamp":"2025-12-01T20:13:09.317+05:30","level":"DEBUG","logger_name":"org.springframework.web.servlet.DispatcherServlet","message":"GET \"/api/notifications/user/89601cab-5712-48d8-8686-025ae8a071de\", parameters={}","method":"logoutUser","requestId":"3ccbcd68","timestamp":"2025-11-30 20:58:56.028"}
{"@timestamp":"2025-12-01T20:13:09.320+05:30","level":"DEBUG","logger_name":"org.springframework.web.servlet.mvc.method.annotation.RequestMappingHandlerMapping","message":"Mapped to com.bihar.seva.controller.NotificationController#getUserNotifications(String)","method":"logoutUser","requestId":"3ccbcd68","timestamp":"2025-11-30 20:58:56.028"}
{"@timestamp":"2025-12-01T20:13:09.333+05:30","level":"DEBUG","logger_name":"org.springframework.web.servlet.mvc.method.annotation.HttpEntityMethodProcessor","message":"Using 'application/json', given [*/*] and supported [application/json, application/*+json, application/json, application/*+json]","method":"logoutUser","requestId":"3ccbcd68","timestamp":"2025-11-30 20:58:56.028"}
{"@timestamp":"2025-12-01T20:13:09.333+05:30","level":"DEBUG","logger_name":"org.springframework.web.servlet.mvc.method.annotation.HttpEntityMethodProcessor","message":"Writing [ApiResponse(success=true, message=Notifications retrieved, data=[], error=null)]","method":"logoutUser","requestId":"3ccbcd68","timestamp":"2025-11-30 20:58:56.028"}
{"@timestamp":"2025-12-01T20:13:09.335+05:30","level":"DEBUG","logger_name":"org.springframework.web.servlet.DispatcherServlet","message":"Completed 200 OK","method":"logoutUser","requestId":"3ccbcd68","timestamp":"2025-11-30 20:58:56.028"}
{"@timestamp":"2025-12-01T20:13:09.617+05:30","level":"DEBUG","logger_name":"org.springframework.web.servlet.DispatcherServlet","message":"GET \"/api/notifications/user/89601cab-5712-48d8-8686-025ae8a071de/unread-count\", parameters={}"}
{"@timestamp":"2025-12-01T20:13:09.618+05:30","level":"DEBUG","logger_name":"org.springframework.web.servlet.mvc.method.annotation.RequestMappingHandlerMapping","message":"Mapped to com.bihar.seva.controller.NotificationController#getUnreadCount(String)"}
{"@timestamp":"2025-12-01T20:13:09.630+05:30","level":"DEBUG","logger_name":"org.springframework.web.servlet.mvc.method.annotation.HttpEntityMethodProcessor","message":"Using 'application/json', given [*/*] and supported [application/json, application/*+json, application/json, application/*+json]"}
{"@timestamp":"2025-12-01T20:13:09.630+05:30","level":"DEBUG","logger_name":"org.springframework.web.servlet.mvc.method.annotation.HttpEntityMethodProcessor","message":"Writing [ApiResponse(success=true, message=Unread count retrieved, data=0, error=null)]"}
{"@timestamp":"2025-12-01T20:13:09.632+05:30","level":"DEBUG","logger_name":"org.springframework.web.servlet.DispatcherServlet","message":"Completed 200 OK"}
{"@timestamp":"2025-12-01T20:13:39.319+05:30","level":"DEBUG","logger_name":"org.springframework.web.servlet.DispatcherServlet","message":"GET \"/api/notifications/user/89601cab-5712-48d8-8686-025ae8a071de\", parameters={}"}
{"@timestamp":"2025-12-01T20:13:39.320+05:30","level":"DEBUG","logger_name":"org.springframework.web.servlet.mvc.method.annotation.RequestMappingHandlerMapping","message":"Mapped to com.bihar.seva.controller.NotificationController#getUserNotifications(String)"}
{"@timestamp":"2025-12-01T20:13:39.325+05:30","level":"DEBUG","logger_name":"org.springframework.web.servlet.mvc.method.annotation.HttpEntityMethodProcessor","message":"Using 'application/json', given [*/*] and supported [application/json, application/*+json, application/json, application/*+json]"}
{"@timestamp":"2025-12-01T20:13:39.326+05:30","level":"DEBUG","logger_name":"org.springframework.web.servlet.mvc.method.annotation.HttpEntityMethodProcessor","message":"Writing [ApiResponse(success=true, message=Notifications retrieved, data=[], error=null)]"}
{"@timestamp":"2025-12-01T20:13:39.326+05:30","level":"DEBUG","logger_name":"org.springframework.web.servlet.DispatcherServlet","message":"Completed 200 OK"}
{"@timestamp":"2025-12-01T20:13:39.651+05:30","level":"DEBUG","logger_name":"org.springframework.web.servlet.DispatcherServlet","message":"GET \"/api/notifications/user/89601cab-5712-48d8-8686-025ae8a071de/unread-count\", parameters={}","method":"logoutUser","requestId":"3ccbcd68","timestamp":"2025-11-30 20:58:56.028"}
{"@timestamp":"2025-12-01T20:13:39.653+05:30","level":"DEBUG","logger_name":"org.springframework.web.servlet.mvc.method.annotation.RequestMappingHandlerMapping","message":"Mapped to com.bihar.seva.controller.NotificationController#getUnreadCount(String)","method":"logoutUser","requestId":"3ccbcd68","timestamp":"2025-11-30 20:58:56.028"}
{"@timestamp":"2025-12-01T20:13:39.662+05:30","level":"DEBUG","logger_name":"org.springframework.web.servlet.mvc.method.annotation.HttpEntityMethodProcessor","message":"Using 'application/json', given [*/*] and supported [application/json, application/*+json, application/json, application/*+json]","method":"logoutUser","requestId":"3ccbcd68","timestamp":"2025-11-30 20:58:56.028"}
{"@timestamp":"2025-12-01T20:13:39.663+05:30","level":"DEBUG","logger_name":"org.springframework.web.servlet.mvc.method.annotation.HttpEntityMethodProcessor","message":"Writing [ApiResponse(success=true, message=Unread count retrieved, data=0, error=null)]","method":"logoutUser","requestId":"3ccbcd68","timestamp":"2025-11-30 20:58:56.028"}
{"@timestamp":"2025-12-01T20:13:39.664+05:30","level":"DEBUG","logger_name":"org.springframework.web.servlet.DispatcherServlet","message":"Completed 200 OK","method":"logoutUser","requestId":"3ccbcd68","timestamp":"2025-11-30 20:58:56.028"}
{"@timestamp":"2025-12-01T20:14:09.335+05:30","level":"DEBUG","logger_name":"org.springframework.web.servlet.DispatcherServlet","message":"GET \"/api/notifications/user/89601cab-5712-48d8-8686-025ae8a071de\", parameters={}"}
{"@timestamp":"2025-12-01T20:14:09.338+05:30","level":"DEBUG","logger_name":"org.springframework.web.servlet.mvc.method.annotation.RequestMappingHandlerMapping","message":"Mapped to com.bihar.seva.controller.NotificationController#getUserNotifications(String)"}
{"@timestamp":"2025-12-01T20:14:09.349+05:30","level":"DEBUG","logger_name":"org.springframework.web.servlet.mvc.method.annotation.HttpEntityMethodProcessor","message":"Using 'application/json', given [*/*] and supported [application/json, application/*+json, application/json, application/*+json]"}
{"@timestamp":"2025-12-01T20:14:09.350+05:30","level":"DEBUG","logger_name":"org.springframework.web.servlet.mvc.method.annotation.HttpEntityMethodProcessor","message":"Writing [ApiResponse(success=true, message=Notifications retrieved, data=[], error=null)]"}
{"@timestamp":"2025-12-01T20:14:09.356+05:30","level":"DEBUG","logger_name":"org.springframework.web.servlet.DispatcherServlet","message":"Completed 200 OK"}
{"@timestamp":"2025-12-01T20:14:09.682+05:30","level":"DEBUG","logger_name":"org.springframework.web.servlet.DispatcherServlet","message":"GET \"/api/notifications/user/89601cab-5712-48d8-8686-025ae8a071de/unread-count\", parameters={}"}
{"@timestamp":"2025-12-01T20:14:09.683+05:30","level":"DEBUG","logger_name":"org.springframework.web.servlet.mvc.method.annotation.RequestMappingHandlerMapping","message":"Mapped to com.bihar.seva.controller.NotificationController#getUnreadCount(String)"}
{"@timestamp":"2025-12-01T20:14:09.697+05:30","level":"DEBUG","logger_name":"org.springframework.web.servlet.mvc.method.annotation.HttpEntityMethodProcessor","message":"Using 'application/json', given [*/*] and supported [application/json, application/*+json, application/json, application/*+json]"}
{"@timestamp":"2025-12-01T20:14:09.698+05:30","level":"DEBUG","logger_name":"org.springframework.web.servlet.mvc.method.annotation.HttpEntityMethodProcessor","message":"Writing [ApiResponse(success=true, message=Unread count retrieved, data=0, error=null)]"}
{"@timestamp":"2025-12-01T20:14:09.700+05:30","level":"DEBUG","logger_name":"org.springframework.web.servlet.DispatcherServlet","message":"Completed 200 OK"}
{"@timestamp":"2025-12-01T20:14:39.311+05:30","level":"DEBUG","logger_name":"org.springframework.web.servlet.DispatcherServlet","message":"GET \"/api/notifications/user/89601cab-5712-48d8-8686-025ae8a071de\", parameters={}"}
{"@timestamp":"2025-12-01T20:14:39.311+05:30","level":"DEBUG","logger_name":"org.springframework.web.servlet.mvc.method.annotation.RequestMappingHandlerMapping","message":"Mapped to com.bihar.seva.controller.NotificationController#getUserNotifications(String)"}
{"@timestamp":"2025-12-01T20:14:39.317+05:30","level":"DEBUG","logger_name":"org.springframework.web.servlet.mvc.method.annotation.HttpEntityMethodProcessor","message":"Using 'application/json', given [*/*] and supported [application/json, application/*+json, application/json, application/*+json]"}
{"@timestamp":"2025-12-01T20:14:39.317+05:30","level":"DEBUG","logger_name":"org.springframework.web.servlet.mvc.method.annotation.HttpEntityMethodProcessor","message":"Writing [ApiResponse(success=true, message=Notifications retrieved, data=[], error=null)]"}
{"@timestamp":"2025-12-01T20:14:39.318+05:30","level":"DEBUG","logger_name":"org.springframework.web.servlet.DispatcherServlet","message":"Completed 200 OK"}
{"@timestamp":"2025-12-01T20:14:39.591+05:30","level":"DEBUG","logger_name":"org.springframework.web.servlet.DispatcherServlet","message":"GET \"/api/notifications/user/89601cab-5712-48d8-8686-025ae8a071de/unread-count\", parameters={}"}
{"@timestamp":"2025-12-01T20:14:39.593+05:30","level":"DEBUG","logger_name":"org.springframework.web.servlet.mvc.method.annotation.RequestMappingHandlerMapping","message":"Mapped to com.bihar.seva.controller.NotificationController#getUnreadCount(String)"}
{"@timestamp":"2025-12-01T20:14:39.606+05:30","level":"DEBUG","logger_name":"org.springframework.web.servlet.mvc.method.annotation.HttpEntityMethodProcessor","message":"Using 'application/json', given [*/*] and supported [application/json, application/*+json, application/json, application/*+json]"}
{"@timestamp":"2025-12-01T20:14:39.608+05:30","level":"DEBUG","logger_name":"org.springframework.web.servlet.mvc.method.annotation.HttpEntityMethodProcessor","message":"Writing [ApiResponse(success=true, message=Unread count retrieved, data=0, error=null)]"}
{"@timestamp":"2025-12-01T20:14:39.611+05:30","level":"DEBUG","logger_name":"org.springframework.web.servlet.DispatcherServlet","message":"Completed 200 OK"}
{"@timestamp":"2025-12-01T20:15:09.315+05:30","level":"DEBUG","logger_name":"org.springframework.web.servlet.DispatcherServlet","message":"GET \"/api/notifications/user/89601cab-5712-48d8-8686-025ae8a071de\", parameters={}","method":"logoutUser","requestId":"3ccbcd68","timestamp":"2025-11-30 20:58:56.028"}
{"@timestamp":"2025-12-01T20:15:09.315+05:30","level":"DEBUG","logger_name":"org.springframework.web.servlet.mvc.method.annotation.RequestMappingHandlerMapping","message":"Mapped to com.bihar.seva.controller.NotificationController#getUserNotifications(String)","method":"logoutUser","requestId":"3ccbcd68","timestamp":"2025-11-30 20:58:56.028"}
{"@timestamp":"2025-12-01T20:15:09.322+05:30","level":"DEBUG","logger_name":"org.springframework.web.servlet.mvc.method.annotation.HttpEntityMethodProcessor","message":"Using 'application/json', given [*/*] and supported [application/json, application/*+json, application/json, application/*+json]","method":"logoutUser","requestId":"3ccbcd68","timestamp":"2025-11-30 20:58:56.028"}
{"@timestamp":"2025-12-01T20:15:09.323+05:30","level":"DEBUG","logger_name":"org.springframework.web.servlet.mvc.method.annotation.HttpEntityMethodProcessor","message":"Writing [ApiResponse(success=true, message=Notifications retrieved, data=[], error=null)]","method":"logoutUser","requestId":"3ccbcd68","timestamp":"2025-11-30 20:58:56.028"}
{"@timestamp":"2025-12-01T20:15:09.325+05:30","level":"DEBUG","logger_name":"org.springframework.web.servlet.DispatcherServlet","message":"Completed 200 OK","method":"logoutUser","requestId":"3ccbcd68","timestamp":"2025-11-30 20:58:56.028"}
{"@timestamp":"2025-12-01T20:15:09.632+05:30","level":"DEBUG","logger_name":"org.springframework.web.servlet.DispatcherServlet","message":"GET \"/api/notifications/user/89601cab-5712-48d8-8686-025ae8a071de/unread-count\", parameters={}"}
{"@timestamp":"2025-12-01T20:15:09.632+05:30","level":"DEBUG","logger_name":"org.springframework.web.servlet.mvc.method.annotation.RequestMappingHandlerMapping","message":"Mapped to com.bihar.seva.controller.NotificationController#getUnreadCount(String)"}
{"@timestamp":"2025-12-01T20:15:09.638+05:30","level":"DEBUG","logger_name":"org.springframework.web.servlet.mvc.method.annotation.HttpEntityMethodProcessor","message":"Using 'application/json', given [*/*] and supported [application/json, application/*+json, application/json, application/*+json]"}
{"@timestamp":"2025-12-01T20:15:09.638+05:30","level":"DEBUG","logger_name":"org.springframework.web.servlet.mvc.method.annotation.HttpEntityMethodProcessor","message":"Writing [ApiResponse(success=true, message=Unread count retrieved, data=0, error=null)]"}
{"@timestamp":"2025-12-01T20:15:09.639+05:30","level":"DEBUG","logger_name":"org.springframework.web.servlet.DispatcherServlet","message":"Completed 200 OK"}
{"@timestamp":"2025-12-01T20:15:38.428+05:30","level":"DEBUG","logger_name":"org.springframework.web.servlet.DispatcherServlet","message":"GET \"/api/notifications/user/89601cab-5712-48d8-8686-025ae8a071de\", parameters={}"}
{"@timestamp":"2025-12-01T20:15:38.429+05:30","level":"DEBUG","logger_name":"org.springframework.web.servlet.mvc.method.annotation.RequestMappingHandlerMapping","message":"Mapped to com.bihar.seva.controller.NotificationController#getUserNotifications(String)"}
{"@timestamp":"2025-12-01T20:15:38.437+05:30","level":"DEBUG","logger_name":"org.springframework.web.servlet.mvc.method.annotation.HttpEntityMethodProcessor","message":"Using 'application/json', given [*/*] and supported [application/json, application/*+json, application/json, application/*+json]"}
{"@timestamp":"2025-12-01T20:15:38.437+05:30","level":"DEBUG","logger_name":"org.springframework.web.servlet.mvc.method.annotation.HttpEntityMethodProcessor","message":"Writing [ApiResponse(success=true, message=Notifications retrieved, data=[], error=null)]"}
{"@timestamp":"2025-12-01T20:15:38.439+05:30","level":"DEBUG","logger_name":"org.springframework.web.servlet.DispatcherServlet","message":"Completed 200 OK"}
{"@timestamp":"2025-12-01T20:15:38.510+05:30","level":"DEBUG","logger_name":"org.springframework.web.servlet.DispatcherServlet","message":"GET \"/api/notifications/user/89601cab-5712-48d8-8686-025ae8a071de/unread-count\", parameters={}"}
{"@timestamp":"2025-12-01T20:15:38.510+05:30","level":"DEBUG","logger_name":"org.springframework.web.servlet.mvc.method.annotation.RequestMappingHandlerMapping","message":"Mapped to com.bihar.seva.controller.NotificationController#getUnreadCount(String)"}
{"@timestamp":"2025-12-01T20:15:38.518+05:30","level":"DEBUG","logger_name":"org.springframework.web.servlet.mvc.method.annotation.HttpEntityMethodProcessor","message":"Using 'application/json', given [*/*] and supported [application/json, application/*+json, application/json, application/*+json]"}
{"@timestamp":"2025-12-01T20:15:38.518+05:30","level":"DEBUG","logger_name":"org.springframework.web.servlet.mvc.method.annotation.HttpEntityMethodProcessor","message":"Writing [ApiResponse(success=true, message=Unread count retrieved, data=0, error=null)]"}
{"@timestamp":"2025-12-01T20:15:38.519+05:30","level":"DEBUG","logger_name":"org.springframework.web.servlet.DispatcherServlet","message":"Completed 200 OK"}
{"@timestamp":"2025-12-01T20:16:09.326+05:30","level":"DEBUG","logger_name":"org.springframework.web.servlet.DispatcherServlet","message":"GET \"/api/notifications/user/89601cab-5712-48d8-8686-025ae8a071de\", parameters={}"}
{"@timestamp":"2025-12-01T20:16:09.328+05:30","level":"DEBUG","logger_name":"org.springframework.web.servlet.mvc.method.annotation.RequestMappingHandlerMapping","message":"Mapped to com.bihar.seva.controller.NotificationController#getUserNotifications(String)"}
{"@timestamp":"2025-12-01T20:16:09.335+05:30","level":"DEBUG","logger_name":"org.springframework.web.servlet.mvc.method.annotation.HttpEntityMethodProcessor","message":"Using 'application/json', given [*/*] and supported [application/json, application/*+json, application/json, application/*+json]"}
{"@timestamp":"2025-12-01T20:16:09.335+05:30","level":"DEBUG","logger_name":"org.springframework.web.servlet.mvc.method.annotation.HttpEntityMethodProcessor","message":"Writing [ApiResponse(success=true, message=Notifications retrieved, data=[], error=null)]"}
{"@timestamp":"2025-12-01T20:16:09.335+05:30","level":"DEBUG","logger_name":"org.springframework.web.servlet.DispatcherServlet","message":"Completed 200 OK"}
{"@timestamp":"2025-12-01T20:16:09.655+05:30","level":"DEBUG","logger_name":"org.springframework.web.servlet.DispatcherServlet","message":"GET \"/api/notifications/user/89601cab-5712-48d8-8686-025ae8a071de/unread-count\", parameters={}","method":"logoutUser","requestId":"3ccbcd68","timestamp":"2025-11-30 20:58:56.028"}
{"@timestamp":"2025-12-01T20:16:09.656+05:30","level":"DEBUG","logger_name":"org.springframework.web.servlet.mvc.method.annotation.RequestMappingHandlerMapping","message":"Mapped to com.bihar.seva.controller.NotificationController#getUnreadCount(String)","method":"logoutUser","requestId":"3ccbcd68","timestamp":"2025-11-30 20:58:56.028"}
{"@timestamp":"2025-12-01T20:16:09.661+05:30","level":"DEBUG","logger_name":"org.springframework.web.servlet.mvc.method.annotation.HttpEntityMethodProcessor","message":"Using 'application/json', given [*/*] and supported [application/json, application/*+json, application/json, application/*+json]","method":"logoutUser","requestId":"3ccbcd68","timestamp":"2025-11-30 20:58:56.028"}
{"@timestamp":"2025-12-01T20:16:09.662+05:30","level":"DEBUG","logger_name":"org.springframework.web.servlet.mvc.method.annotation.HttpEntityMethodProcessor","message":"Writing [ApiResponse(success=true, message=Unread count retrieved, data=0, error=null)]","method":"logoutUser","requestId":"3ccbcd68","timestamp":"2025-11-30 20:58:56.028"}
{"@timestamp":"2025-12-01T20:16:09.662+05:30","level":"DEBUG","logger_name":"org.springframework.web.servlet.DispatcherServlet","message":"Completed 200 OK","method":"logoutUser","requestId":"3ccbcd68","timestamp":"2025-11-30 20:58:56.028"}
{"@timestamp":"2025-12-01T20:16:39.320+05:30","level":"DEBUG","logger_name":"org.springframework.web.servlet.DispatcherServlet","message":"GET \"/api/notifications/user/89601cab-5712-48d8-8686-025ae8a071de\", parameters={}"}
{"@timestamp":"2025-12-01T20:16:39.322+05:30","level":"DEBUG","logger_name":"org.springframework.web.servlet.mvc.method.annotation.RequestMappingHandlerMapping","message":"Mapped to com.bihar.seva.controller.NotificationController#getUserNotifications(String)"}
{"@timestamp":"2025-12-01T20:16:39.354+05:30","level":"DEBUG","logger_name":"org.springframework.web.servlet.mvc.method.annotation.HttpEntityMethodProcessor","message":"Using 'application/json', given [*/*] and supported [application/json, application/*+json, application/json, application/*+json]"}
{"@timestamp":"2025-12-01T20:16:39.354+05:30","level":"DEBUG","logger_name":"org.springframework.web.servlet.mvc.method.annotation.HttpEntityMethodProcessor","message":"Writing [ApiResponse(success=true, message=Notifications retrieved, data=[], error=null)]"}
{"@timestamp":"2025-12-01T20:16:39.355+05:30","level":"DEBUG","logger_name":"org.springframework.web.servlet.DispatcherServlet","message":"Completed 200 OK"}
{"@timestamp":"2025-12-01T20:16:39.501+05:30","level":"DEBUG","logger_name":"org.springframework.web.servlet.DispatcherServlet","message":"GET \"/api/notifications/user/89601cab-5712-48d8-8686-025ae8a071de/unread-count\", parameters={}"}
{"@timestamp":"2025-12-01T20:16:39.503+05:30","level":"DEBUG","logger_name":"org.springframework.web.servlet.mvc.method.annotation.RequestMappingHandlerMapping","message":"Mapped to com.bihar.seva.controller.NotificationController#getUnreadCount(String)"}
{"@timestamp":"2025-12-01T20:16:39.513+05:30","level":"DEBUG","logger_name":"org.springframework.web.servlet.mvc.method.annotation.HttpEntityMethodProcessor","message":"Using 'application/json', given [*/*] and supported [application/json, application/*+json, application/json, application/*+json]"}
{"@timestamp":"2025-12-01T20:16:39.514+05:30","level":"DEBUG","logger_name":"org.springframework.web.servlet.mvc.method.annotation.HttpEntityMethodProcessor","message":"Writing [ApiResponse(success=true, message=Unread count retrieved, data=0, error=null)]"}
{"@timestamp":"2025-12-01T20:16:39.515+05:30","level":"DEBUG","logger_name":"org.springframework.web.servlet.DispatcherServlet","message":"Completed 200 OK"}
{"@timestamp":"2025-12-01T20:16:46.694+05:30","level":"DEBUG","logger_name":"org.springframework.web.servlet.DispatcherServlet","message":"POST \"/api/auth/logout?userId=89601cab-5712-48d8-8686-025ae8a071de\", parameters={masked}","method":"uploadProfilePhoto","requestId":"c9ad3adf","timestamp":"2025-12-01 20:11:33.774"}
{"@timestamp":"2025-12-01T20:16:46.696+05:30","level":"DEBUG","logger_name":"org.springframework.web.servlet.mvc.method.annotation.RequestMappingHandlerMapping","message":"Mapped to com.bihar.seva.controller.AuthController#logout(String)","method":"uploadProfilePhoto","requestId":"c9ad3adf","timestamp":"2025-12-01 20:11:33.774"}
{"@timestamp":"2025-12-01T20:16:46.704+05:30","level":"INFO","logger_name":"com.bihar.seva.service.AuthService","message":"Entering method: logoutUser with parameters: [89601cab-5712-48d8-8686-025ae8a071de]","method":"logoutUser","requestId":"2e12e103","timestamp":"2025-12-01 20:16:46.702"}
{"@timestamp":"2025-12-01T20:16:46.754+05:30","level":"INFO","logger_name":"com.bihar.seva.service.AuthService","message":"✅ User logged out (legacy) - ID: 89601cab-5712-48d8-8686-025ae8a071de","method":"logoutUser","requestId":"2e12e103","timestamp":"2025-12-01 20:16:46.702"}
{"@timestamp":"2025-12-01T20:16:46.757+05:30","level":"DEBUG","logger_name":"org.springframework.web.servlet.mvc.method.annotation.HttpEntityMethodProcessor","message":"Using 'application/json', given [*/*] and supported [application/json, application/*+json, application/json, application/*+json]","method":"logoutUser","requestId":"2e12e103","timestamp":"2025-12-01 20:16:46.702"}
{"@timestamp":"2025-12-01T20:16:46.758+05:30","level":"DEBUG","logger_name":"org.springframework.web.servlet.mvc.method.annotation.HttpEntityMethodProcessor","message":"Writing [ApiResponse(success=true, message=Logged out successfully, data=true, error=null)]","method":"logoutUser","requestId":"2e12e103","timestamp":"2025-12-01 20:16:46.702"}
{"@timestamp":"2025-12-01T20:16:46.759+05:30","level":"DEBUG","logger_name":"org.springframework.web.servlet.DispatcherServlet","message":"Completed 200 OK","method":"logoutUser","requestId":"2e12e103","timestamp":"2025-12-01 20:16:46.702"}
