{"@timestamp":"2025-11-30T00:11:18.617+05:30","level":"DEBUG","logger_name":"org.springframework.web.servlet.DispatcherServlet","message":"POST \"/api/auth/logout?userId=89601cab-5712-48d8-8686-025ae8a071de\", parameters={masked}"}
{"@timestamp":"2025-11-30T00:11:18.627+05:30","level":"DEBUG","logger_name":"org.springframework.web.servlet.mvc.method.annotation.RequestMappingHandlerMapping","message":"Mapped to com.bihar.seva.controller.AuthController#logout(String)"}
{"@timestamp":"2025-11-30T00:11:18.634+05:30","level":"INFO","logger_name":"com.bihar.seva.service.AuthService","message":"Entering method: logoutUser with parameters: [89601cab-5712-48d8-8686-025ae8a071de]","method":"logoutUser","requestId":"29bac56e","timestamp":"2025-11-30 00:11:18.634"}
{"@timestamp":"2025-11-30T00:11:18.687+05:30","level":"INFO","logger_name":"com.bihar.seva.service.AuthService","message":"✅ User logged out (legacy) - ID: 89601cab-5712-48d8-8686-025ae8a071de","method":"logoutUser","requestId":"29bac56e","timestamp":"2025-11-30 00:11:18.634"}
{"@timestamp":"2025-11-30T00:11:18.690+05:30","level":"DEBUG","logger_name":"org.springframework.web.servlet.mvc.method.annotation.HttpEntityMethodProcessor","message":"Using 'application/json', given [*/*] and supported [application/json, application/*+json, application/json, application/*+json]","method":"logoutUser","requestId":"29bac56e","timestamp":"2025-11-30 00:11:18.634"}
{"@timestamp":"2025-11-30T00:11:18.691+05:30","level":"DEBUG","logger_name":"org.springframework.web.servlet.mvc.method.annotation.HttpEntityMethodProcessor","message":"Writing [ApiResponse(success=true, message=Logged out successfully, data=true, error=null)]","method":"logoutUser","requestId":"29bac56e","timestamp":"2025-11-30 00:11:18.634"}
{"@timestamp":"2025-11-30T00:11:18.698+05:30","level":"DEBUG","logger_name":"org.springframework.web.servlet.DispatcherServlet","message":"Completed 200 OK","method":"logoutUser","requestId":"29bac56e","timestamp":"2025-11-30 00:11:18.634"}
{"@timestamp":"2025-11-30T00:11:19.566+05:30","level":"DEBUG","logger_name":"org.springframework.web.servlet.DispatcherServlet","message":"GET \"/api/providers/featured?limit=6\", parameters={masked}"}
{"@timestamp":"2025-11-30T00:11:19.567+05:30","level":"DEBUG","logger_name":"org.springframework.web.servlet.mvc.method.annotation.RequestMappingHandlerMapping","message":"Mapped to com.bihar.seva.controller.ProviderController#getFeaturedProviders(int)"}
{"@timestamp":"2025-11-30T00:11:19.569+05:30","level":"DEBUG","logger_name":"org.springframework.web.servlet.DispatcherServlet","message":"GET \"/api/stats/dashboard\", parameters={}"}
{"@timestamp":"2025-11-30T00:11:19.570+05:30","level":"DEBUG","logger_name":"org.springframework.web.servlet.mvc.method.annotation.RequestMappingHandlerMapping","message":"Mapped to com.bihar.seva.controller.StatsController#getDashboardStats()"}
{"@timestamp":"2025-11-30T00:11:19.618+05:30","level":"DEBUG","logger_name":"org.springframework.web.servlet.mvc.method.annotation.HttpEntityMethodProcessor","message":"Using 'application/json', given [*/*] and supported [application/json, application/*+json, application/json, application/*+json]"}
{"@timestamp":"2025-11-30T00:11:19.620+05:30","level":"DEBUG","logger_name":"org.springframework.web.servlet.mvc.method.annotation.HttpEntityMethodProcessor","message":"Writing [ApiResponse(success=true, message=Featured providers retrieved, data=[], error=null)]"}
{"@timestamp":"2025-11-30T00:11:19.634+05:30","level":"DEBUG","logger_name":"org.springframework.web.servlet.DispatcherServlet","message":"Completed 200 OK"}
{"@timestamp":"2025-11-30T00:11:19.648+05:30","level":"DEBUG","logger_name":"org.springframework.web.servlet.DispatcherServlet","message":"GET \"/api/providers/featured?limit=6\", parameters={masked}"}
{"@timestamp":"2025-11-30T00:11:19.650+05:30","level":"DEBUG","logger_name":"org.springframework.web.servlet.mvc.method.annotation.RequestMappingHandlerMapping","message":"Mapped to com.bihar.seva.controller.ProviderController#getFeaturedProviders(int)"}
{"@timestamp":"2025-11-30T00:11:19.661+05:30","level":"DEBUG","logger_name":"org.springframework.web.servlet.mvc.method.annotation.HttpEntityMethodProcessor","message":"Using 'application/json', given [*/*] and supported [application/json, application/*+json, application/json, application/*+json]"}
{"@timestamp":"2025-11-30T00:11:19.663+05:30","level":"DEBUG","logger_name":"org.springframework.web.servlet.mvc.method.annotation.HttpEntityMethodProcessor","message":"Writing [ApiResponse(success=true, message=Featured providers retrieved, data=[], error=null)]"}
{"@timestamp":"2025-11-30T00:11:19.669+05:30","level":"DEBUG","logger_name":"org.springframework.web.servlet.DispatcherServlet","message":"Completed 200 OK"}
{"@timestamp":"2025-11-30T00:11:19.678+05:30","level":"INFO","logger_name":"com.bihar.seva.service.StatsService","message":"Dashboard stats retrieved: 0 providers, 2 customers, 0 bookings"}
{"@timestamp":"2025-11-30T00:11:19.680+05:30","level":"DEBUG","logger_name":"org.springframework.web.servlet.mvc.method.annotation.HttpEntityMethodProcessor","message":"Using 'application/json', given [*/*] and supported [application/json, application/*+json, application/json, application/*+json]"}
{"@timestamp":"2025-11-30T00:11:19.681+05:30","level":"DEBUG","logger_name":"org.springframework.web.servlet.mvc.method.annotation.HttpEntityMethodProcessor","message":"Writing [ApiResponse(success=true, message=Stats retrieved successfully, data={completedBookings=0, totalCust (truncated)...]"}
{"@timestamp":"2025-11-30T00:11:19.700+05:30","level":"DEBUG","logger_name":"org.springframework.web.servlet.DispatcherServlet","message":"Completed 200 OK"}
{"@timestamp":"2025-11-30T00:11:19.709+05:30","level":"DEBUG","logger_name":"org.springframework.web.servlet.DispatcherServlet","message":"GET \"/api/stats/dashboard\", parameters={}","method":"uploadProfilePhoto","requestId":"d0c8885b","timestamp":"2025-11-29 23:57:37.791"}
{"@timestamp":"2025-11-30T00:11:19.710+05:30","level":"DEBUG","logger_name":"org.springframework.web.servlet.mvc.method.annotation.RequestMappingHandlerMapping","message":"Mapped to com.bihar.seva.controller.StatsController#getDashboardStats()","method":"uploadProfilePhoto","requestId":"d0c8885b","timestamp":"2025-11-29 23:57:37.791"}
{"@timestamp":"2025-11-30T00:11:19.760+05:30","level":"INFO","logger_name":"com.bihar.seva.service.StatsService","message":"Dashboard stats retrieved: 0 providers, 2 customers, 0 bookings","method":"uploadProfilePhoto","requestId":"d0c8885b","timestamp":"2025-11-29 23:57:37.791"}
{"@timestamp":"2025-11-30T00:11:19.762+05:30","level":"DEBUG","logger_name":"org.springframework.web.servlet.mvc.method.annotation.HttpEntityMethodProcessor","message":"Using 'application/json', given [*/*] and supported [application/json, application/*+json, application/json, application/*+json]","method":"uploadProfilePhoto","requestId":"d0c8885b","timestamp":"2025-11-29 23:57:37.791"}
{"@timestamp":"2025-11-30T00:11:19.763+05:30","level":"DEBUG","logger_name":"org.springframework.web.servlet.mvc.method.annotation.HttpEntityMethodProcessor","message":"Writing [ApiResponse(success=true, message=Stats retrieved successfully, data={completedBookings=0, totalCust (truncated)...]","method":"uploadProfilePhoto","requestId":"d0c8885b","timestamp":"2025-11-29 23:57:37.791"}
{"@timestamp":"2025-11-30T00:11:19.766+05:30","level":"DEBUG","logger_name":"org.springframework.web.servlet.DispatcherServlet","message":"Completed 200 OK","method":"uploadProfilePhoto","requestId":"d0c8885b","timestamp":"2025-11-29 23:57:37.791"}
{"@timestamp":"2025-11-30T20:55:41.672+05:30","level":"INFO","logger_name":"com.bihar.seva.BiharSevaApplication","message":"Starting BiharSevaApplication using Java 17.0.12 on SurajSingh with PID 53100 (C:\\personal\\BiharSeva\\target\\classes started by SurajKumar in C:\\personal\\BiharSeva)"}
{"@timestamp":"2025-11-30T20:55:41.684+05:30","level":"DEBUG","logger_name":"com.bihar.seva.BiharSevaApplication","message":"Running with Spring Boot v2.7.0, Spring v5.3.20"}
{"@timestamp":"2025-11-30T20:55:41.686+05:30","level":"INFO","logger_name":"com.bihar.seva.BiharSevaApplication","message":"No active profile set, falling back to 1 default profile: \"default\""}
{"@timestamp":"2025-11-30T20:55:43.209+05:30","level":"INFO","logger_name":"org.springframework.data.repository.config.RepositoryConfigurationDelegate","message":"Bootstrapping Spring Data MongoDB repositories in DEFAULT mode."}
{"@timestamp":"2025-11-30T20:55:43.524+05:30","level":"INFO","logger_name":"org.springframework.data.repository.config.RepositoryConfigurationDelegate","message":"Finished Spring Data repository scanning in 308 ms. Found 16 MongoDB repository interfaces."}
{"@timestamp":"2025-11-30T20:55:44.299+05:30","level":"INFO","logger_name":"org.springframework.boot.web.embedded.tomcat.TomcatWebServer","message":"Tomcat initialized with port(s): 8080 (http)"}
{"@timestamp":"2025-11-30T20:55:44.317+05:30","level":"INFO","logger_name":"org.apache.catalina.core.StandardService","message":"Starting service [Tomcat]"}
{"@timestamp":"2025-11-30T20:55:44.318+05:30","level":"INFO","logger_name":"org.apache.catalina.core.StandardEngine","message":"Starting Servlet engine: [Apache Tomcat/9.0.63]"}
{"@timestamp":"2025-11-30T20:55:44.599+05:30","level":"INFO","logger_name":"org.apache.catalina.core.ContainerBase.[Tomcat].[localhost].[/]","message":"Initializing Spring embedded WebApplicationContext"}
{"@timestamp":"2025-11-30T20:55:44.599+05:30","level":"INFO","logger_name":"org.springframework.boot.web.servlet.context.ServletWebServerApplicationContext","message":"Root WebApplicationContext: initialization completed in 2812 ms"}
{"@timestamp":"2025-11-30T20:55:45.685+05:30","level":"INFO","logger_name":"com.bihar.seva.config.FirebaseConfig","message":"Firebase Admin SDK initialized successfully"}
{"@timestamp":"2025-11-30T20:55:46.415+05:30","level":"DEBUG","logger_name":"org.springframework.web.servlet.mvc.method.annotation.RequestMappingHandlerAdapter","message":"ControllerAdvice beans: 0 @ModelAttribute, 0 @InitBinder, 1 RequestBodyAdvice, 1 ResponseBodyAdvice"}
{"@timestamp":"2025-11-30T20:55:46.582+05:30","level":"DEBUG","logger_name":"org.springframework.web.servlet.mvc.method.annotation.RequestMappingHandlerMapping","message":"135 mappings in 'requestMappingHandlerMapping'"}
{"@timestamp":"2025-11-30T20:55:46.607+05:30","level":"DEBUG","logger_name":"org.springframework.web.servlet.handler.SimpleUrlHandlerMapping","message":"Patterns [/webjars/**, /**] in 'resourceHandlerMapping'"}
{"@timestamp":"2025-11-30T20:55:46.624+05:30","level":"DEBUG","logger_name":"org.springframework.web.servlet.mvc.method.annotation.ExceptionHandlerExceptionResolver","message":"ControllerAdvice beans: 1 @ExceptionHandler, 1 ResponseBodyAdvice"}
{"@timestamp":"2025-11-30T20:55:47.020+05:30","level":"INFO","logger_name":"org.springframework.boot.actuate.endpoint.web.EndpointLinksResolver","message":"Exposing 1 endpoint(s) beneath base path '/actuator'"}
{"@timestamp":"2025-11-30T20:55:47.085+05:30","level":"INFO","logger_name":"org.springframework.boot.web.embedded.tomcat.TomcatWebServer","message":"Tomcat started on port(s): 8080 (http) with context path ''"}
{"@timestamp":"2025-11-30T20:55:47.104+05:30","level":"INFO","logger_name":"com.bihar.seva.BiharSevaApplication","message":"Started BiharSevaApplication in 6.434 seconds (JVM running for 7.064)"}
{"@timestamp":"2025-11-30T20:55:47.196+05:30","level":"INFO","logger_name":"com.bihar.seva.config.MongoIndexFixer","message":"\uD83D\uDD27 Checking and fixing MongoDB indexes..."}
{"@timestamp":"2025-11-30T20:55:47.207+05:30","level":"DEBUG","logger_name":"com.bihar.seva.config.MongoIndexFixer","message":"ℹ️  Phone index (phone_1) does not exist - skipping drop"}
{"@timestamp":"2025-11-30T20:55:47.208+05:30","level":"INFO","logger_name":"com.bihar.seva.config.MongoIndexFixer","message":"✅ MongoDB index check completed!"}
{"@timestamp":"2025-11-30T20:56:29.462+05:30","level":"INFO","logger_name":"org.apache.catalina.core.ContainerBase.[Tomcat].[localhost].[/]","message":"Initializing Spring DispatcherServlet 'dispatcherServlet'"}
{"@timestamp":"2025-11-30T20:56:29.464+05:30","level":"INFO","logger_name":"org.springframework.web.servlet.DispatcherServlet","message":"Initializing Servlet 'dispatcherServlet'"}
{"@timestamp":"2025-11-30T20:56:29.466+05:30","level":"DEBUG","logger_name":"org.springframework.web.servlet.DispatcherServlet","message":"Detected StandardServletMultipartResolver"}
{"@timestamp":"2025-11-30T20:56:29.467+05:30","level":"DEBUG","logger_name":"org.springframework.web.servlet.DispatcherServlet","message":"Detected AcceptHeaderLocaleResolver"}
{"@timestamp":"2025-11-30T20:56:29.468+05:30","level":"DEBUG","logger_name":"org.springframework.web.servlet.DispatcherServlet","message":"Detected FixedThemeResolver"}
{"@timestamp":"2025-11-30T20:56:29.472+05:30","level":"DEBUG","logger_name":"org.springframework.web.servlet.DispatcherServlet","message":"Detected org.springframework.web.servlet.view.DefaultRequestToViewNameTranslator@25bdf45"}
{"@timestamp":"2025-11-30T20:56:29.475+05:30","level":"DEBUG","logger_name":"org.springframework.web.servlet.DispatcherServlet","message":"Detected org.springframework.web.servlet.support.SessionFlashMapManager@43c6608"}
{"@timestamp":"2025-11-30T20:56:29.476+05:30","level":"DEBUG","logger_name":"org.springframework.web.servlet.DispatcherServlet","message":"enableLoggingRequestDetails='false': request parameters and headers will be masked to prevent unsafe logging of potentially sensitive data"}
{"@timestamp":"2025-11-30T20:56:29.478+05:30","level":"INFO","logger_name":"org.springframework.web.servlet.DispatcherServlet","message":"Completed initialization in 11 ms"}
{"@timestamp":"2025-11-30T20:56:29.682+05:30","level":"DEBUG","logger_name":"org.springframework.web.servlet.DispatcherServlet","message":"GET \"/api/stats/dashboard\", parameters={}"}
{"@timestamp":"2025-11-30T20:56:29.683+05:30","level":"DEBUG","logger_name":"org.springframework.web.servlet.DispatcherServlet","message":"GET \"/api/providers/featured?limit=6\", parameters={masked}"}
{"@timestamp":"2025-11-30T20:56:29.712+05:30","level":"DEBUG","logger_name":"org.springframework.web.servlet.mvc.method.annotation.RequestMappingHandlerMapping","message":"Mapped to com.bihar.seva.controller.StatsController#getDashboardStats()"}
{"@timestamp":"2025-11-30T20:56:29.712+05:30","level":"DEBUG","logger_name":"org.springframework.web.servlet.mvc.method.annotation.RequestMappingHandlerMapping","message":"Mapped to com.bihar.seva.controller.ProviderController#getFeaturedProviders(int)"}
{"@timestamp":"2025-11-30T20:56:29.946+05:30","level":"INFO","logger_name":"com.bihar.seva.service.StatsService","message":"Dashboard stats retrieved: 0 providers, 2 customers, 0 bookings"}
{"@timestamp":"2025-11-30T20:56:29.981+05:30","level":"DEBUG","logger_name":"org.springframework.web.servlet.mvc.method.annotation.HttpEntityMethodProcessor","message":"Using 'application/json', given [*/*] and supported [application/json, application/*+json, application/json, application/*+json]"}
{"@timestamp":"2025-11-30T20:56:29.981+05:30","level":"DEBUG","logger_name":"org.springframework.web.servlet.mvc.method.annotation.HttpEntityMethodProcessor","message":"Using 'application/json', given [*/*] and supported [application/json, application/*+json, application/json, application/*+json]"}
{"@timestamp":"2025-11-30T20:56:30.004+05:30","level":"DEBUG","logger_name":"org.springframework.web.servlet.mvc.method.annotation.HttpEntityMethodProcessor","message":"Writing [ApiResponse(success=true, message=Featured providers retrieved, data=[], error=null)]"}
{"@timestamp":"2025-11-30T20:56:30.004+05:30","level":"DEBUG","logger_name":"org.springframework.web.servlet.mvc.method.annotation.HttpEntityMethodProcessor","message":"Writing [ApiResponse(success=true, message=Stats retrieved successfully, data={completedBookings=0, totalCust (truncated)...]"}
{"@timestamp":"2025-11-30T20:56:30.043+05:30","level":"DEBUG","logger_name":"org.springframework.web.servlet.DispatcherServlet","message":"Completed 200 OK"}
{"@timestamp":"2025-11-30T20:56:30.059+05:30","level":"DEBUG","logger_name":"org.springframework.web.servlet.DispatcherServlet","message":"GET \"/api/providers/featured?limit=6\", parameters={masked}"}
{"@timestamp":"2025-11-30T20:56:30.061+05:30","level":"DEBUG","logger_name":"org.springframework.web.servlet.mvc.method.annotation.RequestMappingHandlerMapping","message":"Mapped to com.bihar.seva.controller.ProviderController#getFeaturedProviders(int)"}
{"@timestamp":"2025-11-30T20:56:30.063+05:30","level":"DEBUG","logger_name":"org.springframework.web.servlet.DispatcherServlet","message":"Completed 200 OK"}
{"@timestamp":"2025-11-30T20:56:30.071+05:30","level":"DEBUG","logger_name":"org.springframework.web.servlet.DispatcherServlet","message":"GET \"/api/stats/dashboard\", parameters={}"}
{"@timestamp":"2025-11-30T20:56:30.072+05:30","level":"DEBUG","logger_name":"org.springframework.web.servlet.mvc.method.annotation.HttpEntityMethodProcessor","message":"Using 'application/json', given [*/*] and supported [application/json, application/*+json, application/json, application/*+json]"}
{"@timestamp":"2025-11-30T20:56:30.072+05:30","level":"DEBUG","logger_name":"org.springframework.web.servlet.mvc.method.annotation.RequestMappingHandlerMapping","message":"Mapped to com.bihar.seva.controller.StatsController#getDashboardStats()"}
{"@timestamp":"2025-11-30T20:56:30.074+05:30","level":"DEBUG","logger_name":"org.springframework.web.servlet.mvc.method.annotation.HttpEntityMethodProcessor","message":"Writing [ApiResponse(success=true, message=Featured providers retrieved, data=[], error=null)]"}
{"@timestamp":"2025-11-30T20:56:30.078+05:30","level":"DEBUG","logger_name":"org.springframework.web.servlet.DispatcherServlet","message":"Completed 200 OK"}
{"@timestamp":"2025-11-30T20:56:30.125+05:30","level":"INFO","logger_name":"com.bihar.seva.service.StatsService","message":"Dashboard stats retrieved: 0 providers, 2 customers, 0 bookings"}
{"@timestamp":"2025-11-30T20:56:30.126+05:30","level":"DEBUG","logger_name":"org.springframework.web.servlet.mvc.method.annotation.HttpEntityMethodProcessor","message":"Using 'application/json', given [*/*] and supported [application/json, application/*+json, application/json, application/*+json]"}
{"@timestamp":"2025-11-30T20:56:30.127+05:30","level":"DEBUG","logger_name":"org.springframework.web.servlet.mvc.method.annotation.HttpEntityMethodProcessor","message":"Writing [ApiResponse(success=true, message=Stats retrieved successfully, data={completedBookings=0, totalCust (truncated)...]"}
{"@timestamp":"2025-11-30T20:56:30.130+05:30","level":"DEBUG","logger_name":"org.springframework.web.servlet.DispatcherServlet","message":"Completed 200 OK"}
{"@timestamp":"2025-11-30T20:56:30.227+05:30","level":"DEBUG","logger_name":"org.springframework.web.servlet.DispatcherServlet","message":"GET \"/api/providers/featured?limit=6\", parameters={masked}"}
{"@timestamp":"2025-11-30T20:56:30.228+05:30","level":"DEBUG","logger_name":"org.springframework.web.servlet.DispatcherServlet","message":"GET \"/api/stats/dashboard\", parameters={}"}
{"@timestamp":"2025-11-30T20:56:30.230+05:30","level":"DEBUG","logger_name":"org.springframework.web.servlet.mvc.method.annotation.RequestMappingHandlerMapping","message":"Mapped to com.bihar.seva.controller.ProviderController#getFeaturedProviders(int)"}
{"@timestamp":"2025-11-30T20:56:30.230+05:30","level":"DEBUG","logger_name":"org.springframework.web.servlet.mvc.method.annotation.RequestMappingHandlerMapping","message":"Mapped to com.bihar.seva.controller.StatsController#getDashboardStats()"}
{"@timestamp":"2025-11-30T20:56:30.243+05:30","level":"DEBUG","logger_name":"org.springframework.web.servlet.mvc.method.annotation.HttpEntityMethodProcessor","message":"Using 'application/json', given [*/*] and supported [application/json, application/*+json, application/json, application/*+json]"}
{"@timestamp":"2025-11-30T20:56:30.244+05:30","level":"DEBUG","logger_name":"org.springframework.web.servlet.mvc.method.annotation.HttpEntityMethodProcessor","message":"Writing [ApiResponse(success=true, message=Featured providers retrieved, data=[], error=null)]"}
{"@timestamp":"2025-11-30T20:56:30.249+05:30","level":"DEBUG","logger_name":"org.springframework.web.servlet.DispatcherServlet","message":"Completed 200 OK"}
{"@timestamp":"2025-11-30T20:56:30.280+05:30","level":"DEBUG","logger_name":"org.springframework.web.servlet.DispatcherServlet","message":"GET \"/api/providers/featured?limit=6\", parameters={masked}"}
{"@timestamp":"2025-11-30T20:56:30.281+05:30","level":"DEBUG","logger_name":"org.springframework.web.servlet.mvc.method.annotation.RequestMappingHandlerMapping","message":"Mapped to com.bihar.seva.controller.ProviderController#getFeaturedProviders(int)"}
{"@timestamp":"2025-11-30T20:56:30.293+05:30","level":"DEBUG","logger_name":"org.springframework.web.servlet.mvc.method.annotation.HttpEntityMethodProcessor","message":"Using 'application/json', given [*/*] and supported [application/json, application/*+json, application/json, application/*+json]"}
{"@timestamp":"2025-11-30T20:56:30.293+05:30","level":"DEBUG","logger_name":"org.springframework.web.servlet.mvc.method.annotation.HttpEntityMethodProcessor","message":"Writing [ApiResponse(success=true, message=Featured providers retrieved, data=[], error=null)]"}
{"@timestamp":"2025-11-30T20:56:30.296+05:30","level":"DEBUG","logger_name":"org.springframework.web.servlet.DispatcherServlet","message":"Completed 200 OK"}
{"@timestamp":"2025-11-30T20:56:30.296+05:30","level":"INFO","logger_name":"com.bihar.seva.service.StatsService","message":"Dashboard stats retrieved: 0 providers, 2 customers, 0 bookings"}
{"@timestamp":"2025-11-30T20:56:30.298+05:30","level":"DEBUG","logger_name":"org.springframework.web.servlet.mvc.method.annotation.HttpEntityMethodProcessor","message":"Using 'application/json', given [*/*] and supported [application/json, application/*+json, application/json, application/*+json]"}
{"@timestamp":"2025-11-30T20:56:30.300+05:30","level":"DEBUG","logger_name":"org.springframework.web.servlet.mvc.method.annotation.HttpEntityMethodProcessor","message":"Writing [ApiResponse(success=true, message=Stats retrieved successfully, data={completedBookings=0, totalCust (truncated)...]"}
{"@timestamp":"2025-11-30T20:56:30.303+05:30","level":"DEBUG","logger_name":"org.springframework.web.servlet.DispatcherServlet","message":"Completed 200 OK"}
{"@timestamp":"2025-11-30T20:56:30.311+05:30","level":"DEBUG","logger_name":"org.springframework.web.servlet.DispatcherServlet","message":"GET \"/api/stats/dashboard\", parameters={}"}
{"@timestamp":"2025-11-30T20:56:30.313+05:30","level":"DEBUG","logger_name":"org.springframework.web.servlet.mvc.method.annotation.RequestMappingHandlerMapping","message":"Mapped to com.bihar.seva.controller.StatsController#getDashboardStats()"}
{"@timestamp":"2025-11-30T20:56:30.361+05:30","level":"INFO","logger_name":"com.bihar.seva.service.StatsService","message":"Dashboard stats retrieved: 0 providers, 2 customers, 0 bookings"}
{"@timestamp":"2025-11-30T20:56:30.363+05:30","level":"DEBUG","logger_name":"org.springframework.web.servlet.mvc.method.annotation.HttpEntityMethodProcessor","message":"Using 'application/json', given [*/*] and supported [application/json, application/*+json, application/json, application/*+json]"}
{"@timestamp":"2025-11-30T20:56:30.364+05:30","level":"DEBUG","logger_name":"org.springframework.web.servlet.mvc.method.annotation.HttpEntityMethodProcessor","message":"Writing [ApiResponse(success=true, message=Stats retrieved successfully, data={completedBookings=0, totalCust (truncated)...]"}
{"@timestamp":"2025-11-30T20:56:30.368+05:30","level":"DEBUG","logger_name":"org.springframework.web.servlet.DispatcherServlet","message":"Completed 200 OK"}
{"@timestamp":"2025-11-30T20:57:53.123+05:30","level":"DEBUG","logger_name":"org.springframework.web.servlet.DispatcherServlet","message":"POST \"/api/auth/login\", parameters={}"}
{"@timestamp":"2025-11-30T20:57:53.126+05:30","level":"DEBUG","logger_name":"org.springframework.web.servlet.mvc.method.annotation.RequestMappingHandlerMapping","message":"Mapped to com.bihar.seva.controller.AuthController#loginUser(LoginRequestDTO)"}
{"@timestamp":"2025-11-30T20:57:53.263+05:30","level":"DEBUG","logger_name":"org.springframework.web.servlet.mvc.method.annotation.RequestResponseBodyMethodProcessor","message":"Read \"application/json;charset=UTF-8\" to [LoginRequestDTO(email=karodo7884@badfist.com, password=Abcd@123)]"}
{"@timestamp":"2025-11-30T20:57:53.539+05:30","level":"INFO","logger_name":"com.bihar.seva.service.AuthService","message":"Entering method: loginUser with parameters: [karodo7884@badfist.com]","method":"loginUser","requestId":"5cac5b74","timestamp":"2025-11-30 20:57:53.538"}
{"@timestamp":"2025-11-30T20:57:53.541+05:30","level":"INFO","logger_name":"com.bihar.seva.service.AuthService","message":"\uD83D\uDD0D Login attempt - Email: karodo7884@badfist.com (normalized: karodo7884@badfist.com), Password length: 8","method":"loginUser","requestId":"5cac5b74","timestamp":"2025-11-30 20:57:53.538"}
{"@timestamp":"2025-11-30T20:57:53.543+05:30","level":"INFO","logger_name":"com.bihar.seva.service.AuthService","message":"\uD83D\uDD0D Searching for user with email: karodo7884@badfist.com (also trying: karodo7884@badfist.com)","method":"loginUser","requestId":"5cac5b74","timestamp":"2025-11-30 20:57:53.538"}
{"@timestamp":"2025-11-30T20:57:53.666+05:30","level":"INFO","logger_name":"com.bihar.seva.service.AuthService","message":"\uD83D\uDD0D Search results - Customer: false, Provider: false, Admin: false","method":"loginUser","requestId":"5cac5b74","timestamp":"2025-11-30 20:57:53.538"}
{"@timestamp":"2025-11-30T20:57:53.667+05:30","level":"INFO","logger_name":"com.bihar.seva.service.AuthService","message":"\uD83D\uDD0D Checking legacy User collection for: karodo7884@badfist.com","method":"loginUser","requestId":"5cac5b74","timestamp":"2025-11-30 20:57:53.538"}
{"@timestamp":"2025-11-30T20:57:53.799+05:30","level":"INFO","logger_name":"com.bihar.seva.service.AuthService","message":"\uD83D\uDD0D Legacy user found - ID: 89601cab-5712-48d8-8686-025ae8a071de, Has password: true","method":"loginUser","requestId":"5cac5b74","timestamp":"2025-11-30 20:57:53.538"}
{"@timestamp":"2025-11-30T20:57:54.031+05:30","level":"INFO","logger_name":"com.bihar.seva.service.AuthService","message":"\uD83D\uDD0D Password match result for legacy user: true","method":"loginUser","requestId":"5cac5b74","timestamp":"2025-11-30 20:57:53.538"}
{"@timestamp":"2025-11-30T20:57:54.032+05:30","level":"INFO","logger_name":"com.bihar.seva.service.AuthService","message":"✅ Legacy user login successful - ID: 89601cab-5712-48d8-8686-025ae8a071de","method":"loginUser","requestId":"5cac5b74","timestamp":"2025-11-30 20:57:53.538"}
{"@timestamp":"2025-11-30T20:57:54.032+05:30","level":"INFO","logger_name":"com.bihar.seva.service.AuthService","message":"✅ User logged in successfully - Email: karodo7884@badfist.com, Role: PROVIDER, Collection: providers","method":"loginUser","requestId":"5cac5b74","timestamp":"2025-11-30 20:57:53.538"}
{"@timestamp":"2025-11-30T20:57:54.033+05:30","level":"INFO","logger_name":"com.bihar.seva.service.AuthService","message":"Exiting method: loginUser with result: User logged in successfully","method":"loginUser","requestId":"5cac5b74","timestamp":"2025-11-30 20:57:53.538"}
{"@timestamp":"2025-11-30T20:57:54.034+05:30","level":"DEBUG","logger_name":"org.springframework.web.servlet.mvc.method.annotation.HttpEntityMethodProcessor","message":"Using 'application/json', given [*/*] and supported [application/json, application/*+json, application/json, application/*+json]"}
{"@timestamp":"2025-11-30T20:57:54.063+05:30","level":"DEBUG","logger_name":"org.springframework.web.servlet.mvc.method.annotation.HttpEntityMethodProcessor","message":"Writing [ApiResponse(success=true, message=Login successful, data={role=PROVIDER, userType=PROVIDER, user=Use (truncated)...]"}
{"@timestamp":"2025-11-30T20:57:54.077+05:30","level":"DEBUG","logger_name":"org.springframework.web.servlet.DispatcherServlet","message":"Completed 200 OK"}
{"@timestamp":"2025-11-30T20:57:54.569+05:30","level":"DEBUG","logger_name":"org.springframework.web.servlet.DispatcherServlet","message":"GET \"/api/kyc/status/89601cab-5712-48d8-8686-025ae8a071de\", parameters={}"}
{"@timestamp":"2025-11-30T20:57:54.571+05:30","level":"DEBUG","logger_name":"org.springframework.web.servlet.DispatcherServlet","message":"GET \"/api/notifications/user/89601cab-5712-48d8-8686-025ae8a071de\", parameters={}"}
{"@timestamp":"2025-11-30T20:57:54.573+05:30","level":"DEBUG","logger_name":"org.springframework.web.servlet.mvc.method.annotation.RequestMappingHandlerMapping","message":"Mapped to com.bihar.seva.controller.KYCController#getKYCStatus(String)"}
{"@timestamp":"2025-11-30T20:57:54.574+05:30","level":"DEBUG","logger_name":"org.springframework.web.servlet.mvc.method.annotation.RequestMappingHandlerMapping","message":"Mapped to com.bihar.seva.controller.NotificationController#getUserNotifications(String)"}
{"@timestamp":"2025-11-30T20:57:54.588+05:30","level":"INFO","logger_name":"com.bihar.seva.controller.KYCController","message":"Fetching KYC status for userId: 89601cab-5712-48d8-8686-025ae8a071de"}
{"@timestamp":"2025-11-30T20:57:54.596+05:30","level":"WARN","logger_name":"com.bihar.seva.controller.KYCController","message":"No KYC found for userId: 89601cab-5712-48d8-8686-025ae8a071de"}
{"@timestamp":"2025-11-30T20:57:54.597+05:30","level":"DEBUG","logger_name":"org.springframework.web.servlet.mvc.method.annotation.HttpEntityMethodProcessor","message":"Using 'application/json', given [*/*] and supported [application/json, application/*+json, application/json, application/*+json]"}
{"@timestamp":"2025-11-30T20:57:54.598+05:30","level":"DEBUG","logger_name":"org.springframework.web.servlet.mvc.method.annotation.HttpEntityMethodProcessor","message":"Writing [ApiResponse(success=false, message=No KYC submitted yet, data=null, error=null)]"}
{"@timestamp":"2025-11-30T20:57:54.599+05:30","level":"DEBUG","logger_name":"org.springframework.web.servlet.mvc.method.annotation.HttpEntityMethodProcessor","message":"Using 'application/json', given [*/*] and supported [application/json, application/*+json, application/json, application/*+json]"}
{"@timestamp":"2025-11-30T20:57:54.599+05:30","level":"DEBUG","logger_name":"org.springframework.web.servlet.mvc.method.annotation.HttpEntityMethodProcessor","message":"Writing [ApiResponse(success=true, message=Notifications retrieved, data=[], error=null)]"}
{"@timestamp":"2025-11-30T20:57:54.600+05:30","level":"DEBUG","logger_name":"org.springframework.web.servlet.DispatcherServlet","message":"Completed 200 OK"}
{"@timestamp":"2025-11-30T20:57:54.602+05:30","level":"DEBUG","logger_name":"org.springframework.web.servlet.DispatcherServlet","message":"Completed 200 OK"}
{"@timestamp":"2025-11-30T20:57:54.606+05:30","level":"DEBUG","logger_name":"org.springframework.web.servlet.DispatcherServlet","message":"GET \"/api/kyc/status/89601cab-5712-48d8-8686-025ae8a071de\", parameters={}"}
{"@timestamp":"2025-11-30T20:57:54.606+05:30","level":"DEBUG","logger_name":"org.springframework.web.servlet.DispatcherServlet","message":"GET \"/api/notifications/user/89601cab-5712-48d8-8686-025ae8a071de\", parameters={}"}
{"@timestamp":"2025-11-30T20:57:54.608+05:30","level":"DEBUG","logger_name":"org.springframework.web.servlet.mvc.method.annotation.RequestMappingHandlerMapping","message":"Mapped to com.bihar.seva.controller.KYCController#getKYCStatus(String)"}
{"@timestamp":"2025-11-30T20:57:54.609+05:30","level":"DEBUG","logger_name":"org.springframework.web.servlet.mvc.method.annotation.RequestMappingHandlerMapping","message":"Mapped to com.bihar.seva.controller.NotificationController#getUserNotifications(String)"}
{"@timestamp":"2025-11-30T20:57:54.609+05:30","level":"INFO","logger_name":"com.bihar.seva.controller.KYCController","message":"Fetching KYC status for userId: 89601cab-5712-48d8-8686-025ae8a071de"}
{"@timestamp":"2025-11-30T20:57:54.619+05:30","level":"WARN","logger_name":"com.bihar.seva.controller.KYCController","message":"No KYC found for userId: 89601cab-5712-48d8-8686-025ae8a071de"}
{"@timestamp":"2025-11-30T20:57:54.620+05:30","level":"DEBUG","logger_name":"org.springframework.web.servlet.mvc.method.annotation.HttpEntityMethodProcessor","message":"Using 'application/json', given [*/*] and supported [application/json, application/*+json, application/json, application/*+json]"}
{"@timestamp":"2025-11-30T20:57:54.620+05:30","level":"DEBUG","logger_name":"org.springframework.web.servlet.mvc.method.annotation.HttpEntityMethodProcessor","message":"Using 'application/json', given [*/*] and supported [application/json, application/*+json, application/json, application/*+json]"}
{"@timestamp":"2025-11-30T20:57:54.620+05:30","level":"DEBUG","logger_name":"org.springframework.web.servlet.mvc.method.annotation.HttpEntityMethodProcessor","message":"Writing [ApiResponse(success=false, message=No KYC submitted yet, data=null, error=null)]"}
{"@timestamp":"2025-11-30T20:57:54.620+05:30","level":"DEBUG","logger_name":"org.springframework.web.servlet.mvc.method.annotation.HttpEntityMethodProcessor","message":"Writing [ApiResponse(success=true, message=Notifications retrieved, data=[], error=null)]"}
{"@timestamp":"2025-11-30T20:57:54.622+05:30","level":"DEBUG","logger_name":"org.springframework.web.servlet.DispatcherServlet","message":"Completed 200 OK"}
{"@timestamp":"2025-11-30T20:57:54.622+05:30","level":"DEBUG","logger_name":"org.springframework.web.servlet.DispatcherServlet","message":"Completed 200 OK"}
{"@timestamp":"2025-11-30T20:57:54.639+05:30","level":"DEBUG","logger_name":"org.springframework.web.servlet.DispatcherServlet","message":"GET \"/api/notifications/user/89601cab-5712-48d8-8686-025ae8a071de/unread-count\", parameters={}"}
{"@timestamp":"2025-11-30T20:57:54.642+05:30","level":"DEBUG","logger_name":"org.springframework.web.servlet.mvc.method.annotation.RequestMappingHandlerMapping","message":"Mapped to com.bihar.seva.controller.NotificationController#getUnreadCount(String)"}
{"@timestamp":"2025-11-30T20:57:54.654+05:30","level":"DEBUG","logger_name":"org.springframework.web.servlet.mvc.method.annotation.HttpEntityMethodProcessor","message":"Using 'application/json', given [*/*] and supported [application/json, application/*+json, application/json, application/*+json]"}
{"@timestamp":"2025-11-30T20:57:54.655+05:30","level":"DEBUG","logger_name":"org.springframework.web.servlet.mvc.method.annotation.HttpEntityMethodProcessor","message":"Writing [ApiResponse(success=true, message=Unread count retrieved, data=0, error=null)]"}
{"@timestamp":"2025-11-30T20:57:54.658+05:30","level":"DEBUG","logger_name":"org.springframework.web.servlet.DispatcherServlet","message":"Completed 200 OK"}
{"@timestamp":"2025-11-30T20:57:54.663+05:30","level":"DEBUG","logger_name":"org.springframework.web.servlet.DispatcherServlet","message":"GET \"/api/notifications/user/89601cab-5712-48d8-8686-025ae8a071de/unread-count\", parameters={}"}
{"@timestamp":"2025-11-30T20:57:54.665+05:30","level":"DEBUG","logger_name":"org.springframework.web.servlet.mvc.method.annotation.RequestMappingHandlerMapping","message":"Mapped to com.bihar.seva.controller.NotificationController#getUnreadCount(String)"}
{"@timestamp":"2025-11-30T20:57:54.675+05:30","level":"DEBUG","logger_name":"org.springframework.web.servlet.mvc.method.annotation.HttpEntityMethodProcessor","message":"Using 'application/json', given [*/*] and supported [application/json, application/*+json, application/json, application/*+json]"}
{"@timestamp":"2025-11-30T20:57:54.676+05:30","level":"DEBUG","logger_name":"org.springframework.web.servlet.mvc.method.annotation.HttpEntityMethodProcessor","message":"Writing [ApiResponse(success=true, message=Unread count retrieved, data=0, error=null)]"}
{"@timestamp":"2025-11-30T20:57:54.678+05:30","level":"DEBUG","logger_name":"org.springframework.web.servlet.DispatcherServlet","message":"Completed 200 OK"}
{"@timestamp":"2025-11-30T20:58:47.672+05:30","level":"DEBUG","logger_name":"org.springframework.web.servlet.DispatcherServlet","message":"POST \"/api/users/89601cab-5712-48d8-8686-025ae8a071de/upload-photo\", parameters={multipart}"}
{"@timestamp":"2025-11-30T20:58:47.724+05:30","level":"DEBUG","logger_name":"org.springframework.web.servlet.mvc.method.annotation.RequestMappingHandlerMapping","message":"Mapped to com.bihar.seva.controller.UserController#uploadPhoto(String, MultipartFile)"}
{"@timestamp":"2025-11-30T20:58:47.727+05:30","level":"INFO","logger_name":"com.bihar.seva.service.UserService","message":"Entering method: uploadProfilePhoto with parameters: [89601cab-5712-48d8-8686-025ae8a071de]","method":"uploadProfilePhoto","requestId":"407e23b2","timestamp":"2025-11-30 20:58:47.727"}
{"@timestamp":"2025-11-30T20:58:47.941+05:30","level":"INFO","logger_name":"com.bihar.seva.service.UserService","message":"✅ Profile photo uploaded successfully for user (legacy): 89601cab-5712-48d8-8686-025ae8a071de - URL: http://localhost:8080/api/files/serve?filePath=uploads%2Fprofile-photos%2F6094a29a-6080-4165-96c3-4806217071aa.jpg","method":"uploadProfilePhoto","requestId":"407e23b2","timestamp":"2025-11-30 20:58:47.727"}
{"@timestamp":"2025-11-30T20:58:47.945+05:30","level":"DEBUG","logger_name":"org.springframework.web.servlet.mvc.method.annotation.HttpEntityMethodProcessor","message":"Using 'application/json', given [*/*] and supported [application/json, application/*+json, application/json, application/*+json]","method":"uploadProfilePhoto","requestId":"407e23b2","timestamp":"2025-11-30 20:58:47.727"}
{"@timestamp":"2025-11-30T20:58:47.946+05:30","level":"DEBUG","logger_name":"org.springframework.web.servlet.mvc.method.annotation.HttpEntityMethodProcessor","message":"Writing [ApiResponse(success=true, message=Profile photo uploaded successfully, data=User(id=89601cab-5712-48 (truncated)...]","method":"uploadProfilePhoto","requestId":"407e23b2","timestamp":"2025-11-30 20:58:47.727"}
{"@timestamp":"2025-11-30T20:58:47.955+05:30","level":"DEBUG","logger_name":"org.springframework.web.servlet.DispatcherServlet","message":"Completed 200 OK","method":"uploadProfilePhoto","requestId":"407e23b2","timestamp":"2025-11-30 20:58:47.727"}
{"@timestamp":"2025-11-30T20:58:47.983+05:30","level":"DEBUG","logger_name":"org.springframework.web.servlet.DispatcherServlet","message":"GET \"/api/users/89601cab-5712-48d8-8686-025ae8a071de\", parameters={}"}
{"@timestamp":"2025-11-30T20:58:47.985+05:30","level":"DEBUG","logger_name":"org.springframework.web.servlet.mvc.method.annotation.RequestMappingHandlerMapping","message":"Mapped to com.bihar.seva.controller.UserController#getUserById(String)"}
{"@timestamp":"2025-11-30T20:58:47.990+05:30","level":"INFO","logger_name":"com.bihar.seva.service.UserService","message":"Entering method: findById with parameters: [89601cab-5712-48d8-8686-025ae8a071de]","method":"findById","requestId":"40e06286","timestamp":"2025-11-30 20:58:47.990"}
{"@timestamp":"2025-11-30T20:58:48.005+05:30","level":"INFO","logger_name":"com.bihar.seva.service.UserService","message":"Database Operation: FIND_BY_ID on collection: users with ID: 89601cab-5712-48d8-8686-025ae8a071de - Result: FOUND","logType":"DATABASE","method":"findById","requestId":"91466065","documentId":"89601cab-5712-48d8-8686-025ae8a071de","collection":"users","operation":"FIND_BY_ID","timestamp":"2025-11-30 20:58:48.005"}
{"@timestamp":"2025-11-30T20:58:48.007+05:30","level":"INFO","logger_name":"com.bihar.seva.service.UserService","message":"Exiting method: findById with result: User found"}
{"@timestamp":"2025-11-30T20:58:48.009+05:30","level":"DEBUG","logger_name":"org.springframework.web.servlet.mvc.method.annotation.HttpEntityMethodProcessor","message":"Using 'application/json', given [*/*] and supported [application/json, application/*+json, application/json, application/*+json]"}
{"@timestamp":"2025-11-30T20:58:48.011+05:30","level":"DEBUG","logger_name":"org.springframework.web.servlet.mvc.method.annotation.HttpEntityMethodProcessor","message":"Writing [ApiResponse(success=true, message=User retrieved successfully, data=User(id=89601cab-5712-48d8-8686- (truncated)...]"}
{"@timestamp":"2025-11-30T20:58:48.016+05:30","level":"DEBUG","logger_name":"org.springframework.web.servlet.DispatcherServlet","message":"Completed 200 OK"}
{"@timestamp":"2025-11-30T20:58:48.067+05:30","level":"DEBUG","logger_name":"org.springframework.web.servlet.DispatcherServlet","message":"GET \"/api/files/serve?filePath=uploads%2Fprofile-photos%2F6094a29a-6080-4165-96c3-4806217071aa.jpg\", parameters={masked}"}
{"@timestamp":"2025-11-30T20:58:48.069+05:30","level":"DEBUG","logger_name":"org.springframework.web.servlet.mvc.method.annotation.RequestMappingHandlerMapping","message":"Mapped to com.bihar.seva.controller.FileController#serveFile(String)"}
{"@timestamp":"2025-11-30T20:58:48.071+05:30","level":"DEBUG","logger_name":"com.bihar.seva.controller.FileController","message":"Serving file - Original: uploads/profile-photos/6094a29a-6080-4165-96c3-4806217071aa.jpg, Decoded: uploads/profile-photos/6094a29a-6080-4165-96c3-4806217071aa.jpg, Normalized: uploads/profile-photos/6094a29a-6080-4165-96c3-4806217071aa.jpg"}
{"@timestamp":"2025-11-30T20:58:48.100+05:30","level":"DEBUG","logger_name":"org.springframework.web.servlet.mvc.method.annotation.HttpEntityMethodProcessor","message":"Found 'Content-Type:image/jpeg' in response"}
{"@timestamp":"2025-11-30T20:58:48.103+05:30","level":"DEBUG","logger_name":"org.springframework.web.servlet.mvc.method.annotation.HttpEntityMethodProcessor","message":"Writing [{-1, -40, -1, -32, 0, 16, 74, 70, 73, 70, 0, 1, 1, 0, 0, 1, 0, 1, 0, 0, -1, -30, 1, -40, 73, 67, 67, (truncated)...]"}
{"@timestamp":"2025-11-30T20:58:48.107+05:30","level":"DEBUG","logger_name":"org.springframework.web.servlet.DispatcherServlet","message":"Completed 200 OK"}
{"@timestamp":"2025-11-30T20:58:56.022+05:30","level":"DEBUG","logger_name":"org.springframework.web.servlet.DispatcherServlet","message":"POST \"/api/auth/logout?userId=89601cab-5712-48d8-8686-025ae8a071de\", parameters={masked}"}
{"@timestamp":"2025-11-30T20:58:56.025+05:30","level":"DEBUG","logger_name":"org.springframework.web.servlet.mvc.method.annotation.RequestMappingHandlerMapping","message":"Mapped to com.bihar.seva.controller.AuthController#logout(String)"}
{"@timestamp":"2025-11-30T20:58:56.029+05:30","level":"INFO","logger_name":"com.bihar.seva.service.AuthService","message":"Entering method: logoutUser with parameters: [89601cab-5712-48d8-8686-025ae8a071de]","method":"logoutUser","requestId":"3ccbcd68","timestamp":"2025-11-30 20:58:56.028"}
{"@timestamp":"2025-11-30T20:58:56.101+05:30","level":"INFO","logger_name":"com.bihar.seva.service.AuthService","message":"✅ User logged out (legacy) - ID: 89601cab-5712-48d8-8686-025ae8a071de","method":"logoutUser","requestId":"3ccbcd68","timestamp":"2025-11-30 20:58:56.028"}
{"@timestamp":"2025-11-30T20:58:56.106+05:30","level":"DEBUG","logger_name":"org.springframework.web.servlet.mvc.method.annotation.HttpEntityMethodProcessor","message":"Using 'application/json', given [*/*] and supported [application/json, application/*+json, application/json, application/*+json]","method":"logoutUser","requestId":"3ccbcd68","timestamp":"2025-11-30 20:58:56.028"}
{"@timestamp":"2025-11-30T20:58:56.108+05:30","level":"DEBUG","logger_name":"org.springframework.web.servlet.mvc.method.annotation.HttpEntityMethodProcessor","message":"Writing [ApiResponse(success=true, message=Logged out successfully, data=true, error=null)]","method":"logoutUser","requestId":"3ccbcd68","timestamp":"2025-11-30 20:58:56.028"}
{"@timestamp":"2025-11-30T20:58:56.112+05:30","level":"DEBUG","logger_name":"org.springframework.web.servlet.DispatcherServlet","message":"Completed 200 OK","method":"logoutUser","requestId":"3ccbcd68","timestamp":"2025-11-30 20:58:56.028"}
{"@timestamp":"2025-11-30T20:58:56.389+05:30","level":"DEBUG","logger_name":"org.springframework.web.servlet.DispatcherServlet","message":"GET \"/api/providers/featured?limit=6\", parameters={masked}"}
{"@timestamp":"2025-11-30T20:58:56.389+05:30","level":"DEBUG","logger_name":"org.springframework.web.servlet.DispatcherServlet","message":"GET \"/api/stats/dashboard\", parameters={}"}
{"@timestamp":"2025-11-30T20:58:56.390+05:30","level":"DEBUG","logger_name":"org.springframework.web.servlet.mvc.method.annotation.RequestMappingHandlerMapping","message":"Mapped to com.bihar.seva.controller.ProviderController#getFeaturedProviders(int)"}
{"@timestamp":"2025-11-30T20:58:56.390+05:30","level":"DEBUG","logger_name":"org.springframework.web.servlet.mvc.method.annotation.RequestMappingHandlerMapping","message":"Mapped to com.bihar.seva.controller.StatsController#getDashboardStats()"}
{"@timestamp":"2025-11-30T20:58:56.401+05:30","level":"DEBUG","logger_name":"org.springframework.web.servlet.mvc.method.annotation.HttpEntityMethodProcessor","message":"Using 'application/json', given [*/*] and supported [application/json, application/*+json, application/json, application/*+json]"}
{"@timestamp":"2025-11-30T20:58:56.402+05:30","level":"DEBUG","logger_name":"org.springframework.web.servlet.mvc.method.annotation.HttpEntityMethodProcessor","message":"Writing [ApiResponse(success=true, message=Featured providers retrieved, data=[], error=null)]"}
{"@timestamp":"2025-11-30T20:58:56.404+05:30","level":"DEBUG","logger_name":"org.springframework.web.servlet.DispatcherServlet","message":"Completed 200 OK"}
{"@timestamp":"2025-11-30T20:58:56.410+05:30","level":"DEBUG","logger_name":"org.springframework.web.servlet.DispatcherServlet","message":"GET \"/api/providers/featured?limit=6\", parameters={masked}","method":"uploadProfilePhoto","requestId":"407e23b2","timestamp":"2025-11-30 20:58:47.727"}
{"@timestamp":"2025-11-30T20:58:56.414+05:30","level":"DEBUG","logger_name":"org.springframework.web.servlet.mvc.method.annotation.RequestMappingHandlerMapping","message":"Mapped to com.bihar.seva.controller.ProviderController#getFeaturedProviders(int)","method":"uploadProfilePhoto","requestId":"407e23b2","timestamp":"2025-11-30 20:58:47.727"}
{"@timestamp":"2025-11-30T20:58:56.425+05:30","level":"DEBUG","logger_name":"org.springframework.web.servlet.mvc.method.annotation.HttpEntityMethodProcessor","message":"Using 'application/json', given [*/*] and supported [application/json, application/*+json, application/json, application/*+json]","method":"uploadProfilePhoto","requestId":"407e23b2","timestamp":"2025-11-30 20:58:47.727"}
{"@timestamp":"2025-11-30T20:58:56.431+05:30","level":"DEBUG","logger_name":"org.springframework.web.servlet.mvc.method.annotation.HttpEntityMethodProcessor","message":"Writing [ApiResponse(success=true, message=Featured providers retrieved, data=[], error=null)]","method":"uploadProfilePhoto","requestId":"407e23b2","timestamp":"2025-11-30 20:58:47.727"}
{"@timestamp":"2025-11-30T20:58:56.433+05:30","level":"DEBUG","logger_name":"org.springframework.web.servlet.DispatcherServlet","message":"Completed 200 OK","method":"uploadProfilePhoto","requestId":"407e23b2","timestamp":"2025-11-30 20:58:47.727"}
{"@timestamp":"2025-11-30T20:58:56.456+05:30","level":"INFO","logger_name":"com.bihar.seva.service.StatsService","message":"Dashboard stats retrieved: 0 providers, 2 customers, 0 bookings"}
{"@timestamp":"2025-11-30T20:58:56.459+05:30","level":"DEBUG","logger_name":"org.springframework.web.servlet.mvc.method.annotation.HttpEntityMethodProcessor","message":"Using 'application/json', given [*/*] and supported [application/json, application/*+json, application/json, application/*+json]"}
{"@timestamp":"2025-11-30T20:58:56.462+05:30","level":"DEBUG","logger_name":"org.springframework.web.servlet.mvc.method.annotation.HttpEntityMethodProcessor","message":"Writing [ApiResponse(success=true, message=Stats retrieved successfully, data={completedBookings=0, totalCust (truncated)...]"}
{"@timestamp":"2025-11-30T20:58:56.466+05:30","level":"DEBUG","logger_name":"org.springframework.web.servlet.DispatcherServlet","message":"Completed 200 OK"}
{"@timestamp":"2025-11-30T20:58:56.473+05:30","level":"DEBUG","logger_name":"org.springframework.web.servlet.DispatcherServlet","message":"GET \"/api/stats/dashboard\", parameters={}"}
{"@timestamp":"2025-11-30T20:58:56.474+05:30","level":"DEBUG","logger_name":"org.springframework.web.servlet.mvc.method.annotation.RequestMappingHandlerMapping","message":"Mapped to com.bihar.seva.controller.StatsController#getDashboardStats()"}
{"@timestamp":"2025-11-30T20:58:56.545+05:30","level":"INFO","logger_name":"com.bihar.seva.service.StatsService","message":"Dashboard stats retrieved: 0 providers, 2 customers, 0 bookings"}
{"@timestamp":"2025-11-30T20:58:56.546+05:30","level":"DEBUG","logger_name":"org.springframework.web.servlet.mvc.method.annotation.HttpEntityMethodProcessor","message":"Using 'application/json', given [*/*] and supported [application/json, application/*+json, application/json, application/*+json]"}
{"@timestamp":"2025-11-30T20:58:56.548+05:30","level":"DEBUG","logger_name":"org.springframework.web.servlet.mvc.method.annotation.HttpEntityMethodProcessor","message":"Writing [ApiResponse(success=true, message=Stats retrieved successfully, data={completedBookings=0, totalCust (truncated)...]"}
{"@timestamp":"2025-11-30T20:58:56.551+05:30","level":"DEBUG","logger_name":"org.springframework.web.servlet.DispatcherServlet","message":"Completed 200 OK"}
